#
# There is insufficient memory for the Java Runtime Environment to continue.
# Native memory allocation (malloc) failed to allocate 2544096 bytes. Error detail: Chunk::new
# Possible reasons:
#   The system is out of physical RAM or swap space
#   This process is running with CompressedOops enabled, and the Java Heap may be blocking the growth of the native heap
# Possible solutions:
#   Reduce memory load on the system
#   Increase physical memory or swap space
#   Check if swap backing store is full
#   Decrease Java heap size (-Xmx/-Xms)
#   Decrease number of Java threads
#   Decrease Java thread stack sizes (-Xss)
#   Set larger code cache with -XX:ReservedCodeCacheSize=
#   JVM is running with Zero Based Compressed Oops mode in which the Java heap is
#     placed in the first 32GB address space. The Java Heap base address is the
#     maximum limit for the native heap growth. Please use -XX:HeapBaseMinAddress
#     to set the Java Heap base and to place the Java Heap above 32GB virtual address.
# This output file may be truncated or incomplete.
#
#  Out of Memory Error (arena.cpp:191), pid=21456, tid=21632
#
# JRE version: OpenJDK Runtime Environment Corretto-17.0.12.7.1 (17.0.12+7) (build 17.0.12+7-LTS)
# Java VM: OpenJDK 64-Bit Server VM Corretto-17.0.12.7.1 (17.0.12+7-LTS, mixed mode, sharing, tiered, compressed oops, compressed class ptrs, g1 gc, windows-amd64)
# No core dump will be written. Minidumps are not enabled by default on client versions of Windows
#

---------------  S U M M A R Y ------------

Command Line: -ea -javaagent:C:\Users\o_klochenko\.m2\repository/org/aspectj/aspectjweaver/1.9.5/aspectjweaver-1.9.5.jar -Didea.test.cyclic.buffer.size=1048576 -javaagent:C:\Program Files\JetBrains\IntelliJ IDEA Community Edition 2024.1\lib\idea_rt.jar=62529:C:\Program Files\JetBrains\IntelliJ IDEA Community Edition 2024.1\bin -Dfile.encoding=UTF-8 com.intellij.rt.junit.JUnitStarter -ideVersion5 -junit5 OrderFlowTests.LicenseOrderFlowTest

Host: Intel(R) Core(TM) i5-3470 CPU @ 3.20GHz, 4 cores, 15G,  Windows 10 , 64 bit Build 19041 (10.0.19041.5794)
Time: Mon Jul 28 13:02:07 2025  Windows 10 , 64 bit Build 19041 (10.0.19041.5794) elapsed time: 5.404061 seconds (0d 0h 0m 5s)

---------------  T H R E A D  ---------------

Current thread (0x000001acc14601b0):  JavaThread "C2 CompilerThread1" daemon [_thread_in_native, id=21632, stack(0x0000002e13b00000,0x0000002e13c00000)]


Current CompileTask:
C2:   5404 3347       4       org.aspectj.apache.bcel.generic.MethodGen::<init> (928 bytes)

Stack: [0x0000002e13b00000,0x0000002e13c00000]
Native frames: (J=compiled Java code, j=interpreted, Vv=VM code, C=native code)
V  [jvm.dll+0x67f4f9]
V  [jvm.dll+0x836eaa]
V  [jvm.dll+0x83896e]
V  [jvm.dll+0x838fd3]
V  [jvm.dll+0x247f6f]
V  [jvm.dll+0xac9d4]
V  [jvm.dll+0xad01c]
V  [jvm.dll+0x367097]
V  [jvm.dll+0x33156a]
V  [jvm.dll+0x330a0a]
V  [jvm.dll+0x21a501]
V  [jvm.dll+0x219941]
V  [jvm.dll+0x1a57bd]
V  [jvm.dll+0x22966d]
V  [jvm.dll+0x22781c]
V  [jvm.dll+0x7ebec7]
V  [jvm.dll+0x7e62ac]
V  [jvm.dll+0x67e3c7]
C  [ucrtbase.dll+0x21bb2]
C  [KERNEL32.DLL+0x17374]
C  [ntdll.dll+0x4cc91]


---------------  P R O C E S S  ---------------

Threads class SMR info:
_java_thread_list=0x000001acc2d700c0, length=31, elements={
0x000001acd848c360, 0x000001acfabdd390, 0x000001acfabde210, 0x000001acfabf6660,
0x000001acfabf7130, 0x000001acfabfab10, 0x000001acfabfb4d0, 0x000001acff0111c0,
0x000001acfabfdf50, 0x000001acff01bfb0, 0x000001acfabc64f0, 0x000001acc10b8890,
0x000001acc10b5fb0, 0x000001acff497420, 0x000001acff496f10, 0x000001acc2af9130,
0x000001acc2af9640, 0x000001acc2af9b50, 0x000001acc2af8200, 0x000001acc2afa060,
0x000001acc2af8710, 0x000001acc2afa570, 0x000001acc2af8c20, 0x000001acc2afaa80,
0x000001acc2af72d0, 0x000001acc14601b0, 0x000001acc2af77e0, 0x000001acc2af7cf0,
0x000001acc3a25d20, 0x000001acc3a2a400, 0x000001acc3a28fc0
}

Java Threads: ( => current thread )
  0x000001acd848c360 JavaThread "main" [_thread_in_Java, id=9412, stack(0x0000002e12a00000,0x0000002e12b00000)]
  0x000001acfabdd390 JavaThread "Reference Handler" daemon [_thread_blocked, id=20976, stack(0x0000002e13100000,0x0000002e13200000)]
  0x000001acfabde210 JavaThread "Finalizer" daemon [_thread_blocked, id=5224, stack(0x0000002e13200000,0x0000002e13300000)]
  0x000001acfabf6660 JavaThread "Signal Dispatcher" daemon [_thread_blocked, id=21988, stack(0x0000002e13300000,0x0000002e13400000)]
  0x000001acfabf7130 JavaThread "Attach Listener" daemon [_thread_blocked, id=9272, stack(0x0000002e13400000,0x0000002e13500000)]
  0x000001acfabfab10 JavaThread "Service Thread" daemon [_thread_blocked, id=15652, stack(0x0000002e13500000,0x0000002e13600000)]
  0x000001acfabfb4d0 JavaThread "Monitor Deflation Thread" daemon [_thread_blocked, id=1292, stack(0x0000002e13600000,0x0000002e13700000)]
  0x000001acff0111c0 JavaThread "C2 CompilerThread0" daemon [_thread_in_native, id=11860, stack(0x0000002e13700000,0x0000002e13800000)]
  0x000001acfabfdf50 JavaThread "C1 CompilerThread0" daemon [_thread_blocked, id=9820, stack(0x0000002e13800000,0x0000002e13900000)]
  0x000001acff01bfb0 JavaThread "Sweeper thread" daemon [_thread_blocked, id=17288, stack(0x0000002e13900000,0x0000002e13a00000)]
  0x000001acfabc64f0 JavaThread "Common-Cleaner" daemon [_thread_blocked, id=12868, stack(0x0000002e13a00000,0x0000002e13b00000)]
  0x000001acc10b8890 JavaThread "Monitor Ctrl-Break" daemon [_thread_in_native, id=8256, stack(0x0000002e13f00000,0x0000002e14000000)]
  0x000001acc10b5fb0 JavaThread "Notification Thread" daemon [_thread_blocked, id=8704, stack(0x0000002e14000000,0x0000002e14100000)]
  0x000001acff497420 JavaThread "ForkJoinPool.commonPool-worker-1" daemon [_thread_blocked, id=15304, stack(0x0000002e14200000,0x0000002e14300000)]
  0x000001acff496f10 JavaThread "HttpClient-1-SelectorManager" daemon [_thread_in_native, id=15668, stack(0x0000002e14300000,0x0000002e14400000)]
  0x000001acc2af9130 JavaThread "External Process Output Forwarder - src/main/resources/chromedriver.exe" daemon [_thread_in_native, id=8524, stack(0x0000002e14400000,0x0000002e14500000)]
  0x000001acc2af9640 JavaThread "Driver Service Executor" daemon [_thread_blocked, id=22112, stack(0x0000002e14500000,0x0000002e14600000)]
  0x000001acc2af9b50 JavaThread "Driver Service Executor" daemon [_thread_in_native, id=21096, stack(0x0000002e14600000,0x0000002e14700000)]
  0x000001acc2af8200 JavaThread "UrlChecker-2" daemon [_thread_blocked, id=9444, stack(0x0000002e14700000,0x0000002e14800000)]
  0x000001acc2afa060 JavaThread "Keep-Alive-Timer" daemon [_thread_blocked, id=12104, stack(0x0000002e14900000,0x0000002e14a00000)]
  0x000001acc2af8710 JavaThread "JdkHttpClient-0-0" daemon [_thread_blocked, id=2396, stack(0x0000002e14a00000,0x0000002e14b00000)]
  0x000001acc2afa570 JavaThread "CompletableFutureDelayScheduler" daemon [_thread_blocked, id=7412, stack(0x0000002e14b00000,0x0000002e14c00000)]
  0x000001acc2af8c20 JavaThread "JdkHttpClient-0-1" daemon [_thread_blocked, id=18456, stack(0x0000002e14c00000,0x0000002e14d00000)]
  0x000001acc2afaa80 JavaThread "JdkHttpClient-0-2" daemon [_thread_blocked, id=17232, stack(0x0000002e14d00000,0x0000002e14e00000)]
  0x000001acc2af72d0 JavaThread "JdkHttpClient-0-3" daemon [_thread_blocked, id=20844, stack(0x0000002e14e00000,0x0000002e14f00000)]
=>0x000001acc14601b0 JavaThread "C2 CompilerThread1" daemon [_thread_in_native, id=21632, stack(0x0000002e13b00000,0x0000002e13c00000)]
  0x000001acc2af77e0 JavaThread "HttpClient-2-SelectorManager" daemon [_thread_in_native, id=10528, stack(0x0000002e14f00000,0x0000002e15000000)]
  0x000001acc2af7cf0 JavaThread "JdkHttpClient-1-0" daemon [_thread_blocked, id=8436, stack(0x0000002e15000000,0x0000002e15100000)]
  0x000001acc3a25d20 JavaThread "JdkHttpClient-1-1" daemon [_thread_blocked, id=21372, stack(0x0000002e15100000,0x0000002e15200000)]
  0x000001acc3a2a400 JavaThread "JdkHttpClient-1-2" daemon [_thread_blocked, id=8208, stack(0x0000002e15200000,0x0000002e15300000)]
  0x000001acc3a28fc0 JavaThread "JdkHttpClient-1-3" daemon [_thread_blocked, id=10936, stack(0x0000002e15300000,0x0000002e15400000)]

Other Threads:
  0x000001acfabd7ec0 VMThread "VM Thread" [stack: 0x0000002e13000000,0x0000002e13100000] [id=12204]
  0x000001acc10c46e0 WatcherThread [stack: 0x0000002e14100000,0x0000002e14200000] [id=5144]
  0x000001acd84f5200 GCTaskThread "GC Thread#0" [stack: 0x0000002e12b00000,0x0000002e12c00000] [id=4784]
  0x000001acff7ea640 GCTaskThread "GC Thread#1" [stack: 0x0000002e13c00000,0x0000002e13d00000] [id=2588]
  0x000001acffaf6500 GCTaskThread "GC Thread#2" [stack: 0x0000002e13d00000,0x0000002e13e00000] [id=22084]
  0x000001acffaf67c0 GCTaskThread "GC Thread#3" [stack: 0x0000002e13e00000,0x0000002e13f00000] [id=19324]
  0x000001acd8506f70 ConcurrentGCThread "G1 Main Marker" [stack: 0x0000002e12c00000,0x0000002e12d00000] [id=16328]
  0x000001acd8508130 ConcurrentGCThread "G1 Conc#0" [stack: 0x0000002e12d00000,0x0000002e12e00000] [id=16696]
  0x000001acd853d5a0 ConcurrentGCThread "G1 Refine#0" [stack: 0x0000002e12e00000,0x0000002e12f00000] [id=7856]
  0x000001acd853dfd0 ConcurrentGCThread "G1 Service" [stack: 0x0000002e12f00000,0x0000002e13000000] [id=17568]

Threads with active compile tasks:
C2 CompilerThread0     5430 3400   !   4       org.aspectj.apache.bcel.generic.InstructionList::<init> (367 bytes)
C2 CompilerThread1     5430 3347       4       org.aspectj.apache.bcel.generic.MethodGen::<init> (928 bytes)

VM state: not at safepoint (normal execution)

VM Mutex/Monitor currently owned by a thread: None

Heap address: 0x0000000701e00000, size: 4066 MB, Compressed Oops mode: Zero based, Oop shift amount: 3

CDS archive(s) mapped at: [0x000001ac80000000-0x000001ac80bb0000-0x000001ac80bb0000), size 12255232, SharedBaseAddress: 0x000001ac80000000, ArchiveRelocationMode: 1.
Compressed class space mapped at: 0x000001ac81000000-0x000001acc1000000, reserved size: 1073741824
Narrow klass base: 0x000001ac80000000, Narrow klass shift: 0, Narrow klass range: 0x100000000

GC Precious Log:
 CPUs: 4 total, 4 available
 Memory: 16258M
 Large Page Support: Disabled
 NUMA Support: Disabled
 Compressed Oops: Enabled (Zero based)
 Heap Region Size: 2M
 Heap Min Capacity: 8M
 Heap Initial Capacity: 256M
 Heap Max Capacity: 4066M
 Pre-touch: Disabled
 Parallel Workers: 4
 Concurrent Workers: 1
 Concurrent Refinement Workers: 4
 Periodic GC: Disabled

Heap:
 garbage-first heap   total 116736K, used 68243K [0x0000000701e00000, 0x0000000800000000)
  region size 2048K, 26 young (53248K), 6 survivors (12288K)
 Metaspace       used 27454K, committed 27776K, reserved 1114112K
  class space    used 3108K, committed 3264K, reserved 1048576K

Heap Regions: E=young(eden), S=young(survivor), O=old, HS=humongous(starts), HC=humongous(continues), CS=collection set, F=free, OA=open archive, CA=closed archive, TAMS=top-at-mark-start (previous, next)
|   0|0x0000000701e00000, 0x0000000702000000, 0x0000000702000000|100%| O|  |TAMS 0x0000000702000000, 0x0000000701e00000| Untracked 
|   1|0x0000000702000000, 0x0000000702200000, 0x0000000702200000|100%| O|  |TAMS 0x0000000702200000, 0x0000000702000000| Untracked 
|   2|0x0000000702200000, 0x0000000702400000, 0x0000000702400000|100%| O|  |TAMS 0x0000000702400000, 0x0000000702200000| Untracked 
|   3|0x0000000702400000, 0x0000000702600000, 0x0000000702600000|100%| O|  |TAMS 0x0000000702600000, 0x0000000702400000| Untracked 
|   4|0x0000000702600000, 0x0000000702800000, 0x0000000702800000|100%| O|  |TAMS 0x0000000702800000, 0x0000000702600000| Untracked 
|   5|0x0000000702800000, 0x0000000702a00000, 0x0000000702a00000|100%| O|  |TAMS 0x0000000702a00000, 0x0000000702800000| Untracked 
|   6|0x0000000702a00000, 0x0000000702c00000, 0x0000000702c00000|100%| O|  |TAMS 0x0000000702c00000, 0x0000000702a00000| Untracked 
|   7|0x0000000702c00000, 0x0000000702e00000, 0x0000000702e00000|100%| O|  |TAMS 0x0000000702e00000, 0x0000000702c00000| Untracked 
|   8|0x0000000702e00000, 0x0000000703000000, 0x0000000703000000|100%| O|  |TAMS 0x0000000703000000, 0x0000000702e00000| Untracked 
|   9|0x0000000703000000, 0x0000000703028600, 0x0000000703200000|  7%| O|  |TAMS 0x0000000703028600, 0x0000000703000000| Complete 
|  10|0x0000000703200000, 0x0000000703200000, 0x0000000703400000|  0%| F|  |TAMS 0x0000000703200000, 0x0000000703200000| Untracked 
|  11|0x0000000703400000, 0x0000000703400000, 0x0000000703600000|  0%| F|  |TAMS 0x0000000703400000, 0x0000000703400000| Untracked 
|  12|0x0000000703600000, 0x0000000703600000, 0x0000000703800000|  0%| F|  |TAMS 0x0000000703600000, 0x0000000703600000| Untracked 
|  13|0x0000000703800000, 0x0000000703800000, 0x0000000703a00000|  0%| F|  |TAMS 0x0000000703800000, 0x0000000703800000| Untracked 
|  14|0x0000000703a00000, 0x0000000703a00000, 0x0000000703c00000|  0%| F|  |TAMS 0x0000000703a00000, 0x0000000703a00000| Untracked 
|  15|0x0000000703c00000, 0x0000000703c00000, 0x0000000703e00000|  0%| F|  |TAMS 0x0000000703c00000, 0x0000000703c00000| Untracked 
|  16|0x0000000703e00000, 0x0000000703e00000, 0x0000000704000000|  0%| F|  |TAMS 0x0000000703e00000, 0x0000000703e00000| Untracked 
|  17|0x0000000704000000, 0x0000000704000000, 0x0000000704200000|  0%| F|  |TAMS 0x0000000704000000, 0x0000000704000000| Untracked 
|  18|0x0000000704200000, 0x0000000704200000, 0x0000000704400000|  0%| F|  |TAMS 0x0000000704200000, 0x0000000704200000| Untracked 
|  19|0x0000000704400000, 0x0000000704400000, 0x0000000704600000|  0%| F|  |TAMS 0x0000000704400000, 0x0000000704400000| Untracked 
|  20|0x0000000704600000, 0x0000000704600000, 0x0000000704800000|  0%| F|  |TAMS 0x0000000704600000, 0x0000000704600000| Untracked 
|  21|0x0000000704800000, 0x0000000704800000, 0x0000000704a00000|  0%| F|  |TAMS 0x0000000704800000, 0x0000000704800000| Untracked 
|  22|0x0000000704a00000, 0x0000000704a00000, 0x0000000704c00000|  0%| F|  |TAMS 0x0000000704a00000, 0x0000000704a00000| Untracked 
|  23|0x0000000704c00000, 0x0000000704c00000, 0x0000000704e00000|  0%| F|  |TAMS 0x0000000704c00000, 0x0000000704c00000| Untracked 
|  24|0x0000000704e00000, 0x0000000704e00000, 0x0000000705000000|  0%| F|  |TAMS 0x0000000704e00000, 0x0000000704e00000| Untracked 
|  25|0x0000000705000000, 0x0000000705000000, 0x0000000705200000|  0%| F|  |TAMS 0x0000000705000000, 0x0000000705000000| Untracked 
|  26|0x0000000705200000, 0x0000000705200000, 0x0000000705400000|  0%| F|  |TAMS 0x0000000705200000, 0x0000000705200000| Untracked 
|  27|0x0000000705400000, 0x0000000705400000, 0x0000000705600000|  0%| F|  |TAMS 0x0000000705400000, 0x0000000705400000| Untracked 
|  28|0x0000000705600000, 0x0000000705600000, 0x0000000705800000|  0%| F|  |TAMS 0x0000000705600000, 0x0000000705600000| Untracked 
|  29|0x0000000705800000, 0x0000000705800000, 0x0000000705a00000|  0%| F|  |TAMS 0x0000000705800000, 0x0000000705800000| Untracked 
|  30|0x0000000705a00000, 0x0000000705a00000, 0x0000000705c00000|  0%| F|  |TAMS 0x0000000705a00000, 0x0000000705a00000| Untracked 
|  31|0x0000000705c00000, 0x0000000705e00000, 0x0000000705e00000|100%| E|  |TAMS 0x0000000705c00000, 0x0000000705c00000| Complete 
|  32|0x0000000705e00000, 0x0000000706000000, 0x0000000706000000|100%| E|CS|TAMS 0x0000000705e00000, 0x0000000705e00000| Complete 
|  33|0x0000000706000000, 0x0000000706200000, 0x0000000706200000|100%| E|CS|TAMS 0x0000000706000000, 0x0000000706000000| Complete 
|  34|0x0000000706200000, 0x0000000706400000, 0x0000000706400000|100%| E|CS|TAMS 0x0000000706200000, 0x0000000706200000| Complete 
|  35|0x0000000706400000, 0x0000000706600000, 0x0000000706600000|100%| E|CS|TAMS 0x0000000706400000, 0x0000000706400000| Complete 
|  36|0x0000000706600000, 0x0000000706800000, 0x0000000706800000|100%| E|CS|TAMS 0x0000000706600000, 0x0000000706600000| Complete 
|  37|0x0000000706800000, 0x0000000706a00000, 0x0000000706a00000|100%| E|CS|TAMS 0x0000000706800000, 0x0000000706800000| Complete 
|  38|0x0000000706a00000, 0x0000000706c00000, 0x0000000706c00000|100%| E|CS|TAMS 0x0000000706a00000, 0x0000000706a00000| Complete 
|  39|0x0000000706c00000, 0x0000000706e00000, 0x0000000706e00000|100%| E|CS|TAMS 0x0000000706c00000, 0x0000000706c00000| Complete 
|  40|0x0000000706e00000, 0x0000000707000000, 0x0000000707000000|100%| E|CS|TAMS 0x0000000706e00000, 0x0000000706e00000| Complete 
|  41|0x0000000707000000, 0x0000000707200000, 0x0000000707200000|100%| E|CS|TAMS 0x0000000707000000, 0x0000000707000000| Complete 
|  42|0x0000000707200000, 0x0000000707400000, 0x0000000707400000|100%| E|CS|TAMS 0x0000000707200000, 0x0000000707200000| Complete 
|  43|0x0000000707400000, 0x0000000707600000, 0x0000000707600000|100%| E|CS|TAMS 0x0000000707400000, 0x0000000707400000| Complete 
|  44|0x0000000707600000, 0x0000000707800000, 0x0000000707800000|100%| E|CS|TAMS 0x0000000707600000, 0x0000000707600000| Complete 
|  45|0x0000000707800000, 0x0000000707a00000, 0x0000000707a00000|100%| E|CS|TAMS 0x0000000707800000, 0x0000000707800000| Complete 
|  46|0x0000000707a00000, 0x0000000707c00000, 0x0000000707c00000|100%| E|CS|TAMS 0x0000000707a00000, 0x0000000707a00000| Complete 
|  47|0x0000000707c00000, 0x0000000707e00000, 0x0000000707e00000|100%| E|CS|TAMS 0x0000000707c00000, 0x0000000707c00000| Complete 
|  48|0x0000000707e00000, 0x0000000708000000, 0x0000000708000000|100%| E|CS|TAMS 0x0000000707e00000, 0x0000000707e00000| Complete 
|  49|0x0000000708000000, 0x0000000708200000, 0x0000000708200000|100%| E|CS|TAMS 0x0000000708000000, 0x0000000708000000| Complete 
|  89|0x000000070d000000, 0x000000070d07c860, 0x000000070d200000| 24%| S|CS|TAMS 0x000000070d000000, 0x000000070d000000| Complete 
|  90|0x000000070d200000, 0x000000070d400000, 0x000000070d400000|100%| S|CS|TAMS 0x000000070d200000, 0x000000070d200000| Complete 
|  91|0x000000070d400000, 0x000000070d600000, 0x000000070d600000|100%| S|CS|TAMS 0x000000070d400000, 0x000000070d400000| Complete 
|  92|0x000000070d600000, 0x000000070d800000, 0x000000070d800000|100%| S|CS|TAMS 0x000000070d600000, 0x000000070d600000| Complete 
|  93|0x000000070d800000, 0x000000070da00000, 0x000000070da00000|100%| S|CS|TAMS 0x000000070d800000, 0x000000070d800000| Complete 
|  94|0x000000070da00000, 0x000000070dc00000, 0x000000070dc00000|100%| S|CS|TAMS 0x000000070da00000, 0x000000070da00000| Complete 
| 127|0x0000000711c00000, 0x0000000711e00000, 0x0000000711e00000|100%| E|CS|TAMS 0x0000000711c00000, 0x0000000711c00000| Complete 

Card table byte_map: [0x000001acef7b0000,0x000001aceffb0000] _byte_map_base: 0x000001acebfa1000

Marking Bits (Prev, Next): (CMBitMap*) 0x000001acd84f6870, (CMBitMap*) 0x000001acd84f6830
 Prev Bits: [0x000001acf4740000, 0x000001acf86c8000)
 Next Bits: [0x000001acf07b0000, 0x000001acf4738000)

Polling page: 0x000001acd6610000

Metaspace:

Usage:
  Non-class:     23.79 MB used.
      Class:      3.04 MB used.
       Both:     26.83 MB used.

Virtual space:
  Non-class space:       64.00 MB reserved,      23.94 MB ( 37%) committed,  1 nodes.
      Class space:        1.00 GB reserved,       3.19 MB ( <1%) committed,  1 nodes.
             Both:        1.06 GB reserved,      27.12 MB (  2%) committed. 

Chunk freelists:
   Non-Class:  7.38 MB
       Class:  12.80 MB
        Both:  20.17 MB

MaxMetaspaceSize: unlimited
CompressedClassSpaceSize: 1.00 GB
Initial GC threshold: 21.00 MB
Current GC threshold: 35.56 MB
CDS: on
MetaspaceReclaimPolicy: balanced
 - commit_granule_bytes: 65536.
 - commit_granule_words: 8192.
 - virtual_space_node_default_size: 8388608.
 - enlarge_chunks_in_place: 1.
 - new_chunks_are_fully_committed: 0.
 - uncommit_free_chunks: 1.
 - use_allocation_guard: 0.
 - handle_deallocations: 1.


Internal statistics:

num_allocs_failed_limit: 3.
num_arena_births: 296.
num_arena_deaths: 0.
num_vsnodes_births: 2.
num_vsnodes_deaths: 0.
num_space_committed: 434.
num_space_uncommitted: 0.
num_chunks_returned_to_freelist: 3.
num_chunks_taken_from_freelist: 993.
num_chunk_merges: 0.
num_chunk_splits: 684.
num_chunks_enlarged: 537.
num_inconsistent_stats: 0.

CodeHeap 'non-profiled nmethods': size=120000Kb used=2345Kb max_used=2345Kb free=117654Kb
 bounds [0x000001ace7a80000, 0x000001ace7cf0000, 0x000001aceefb0000]
CodeHeap 'profiled nmethods': size=120000Kb used=7698Kb max_used=7698Kb free=112301Kb
 bounds [0x000001acdffb0000, 0x000001ace0740000, 0x000001ace74e0000]
CodeHeap 'non-nmethods': size=5760Kb used=1246Kb max_used=1309Kb free=4513Kb
 bounds [0x000001ace74e0000, 0x000001ace7750000, 0x000001ace7a80000]
 total_blobs=3948 nmethods=3395 adapters=465
 compilation: enabled
              stopped_count=0, restarted_count=0
 full_count=0

Compilation events (20 events):
Event: 5.374 Thread 0x000001acfabfdf50 nmethod 3384 0x000001ace0731490 code [0x000001ace0731640, 0x000001ace07317e8]
Event: 5.378 Thread 0x000001acfabfdf50 3385       3       jdk.internal.net.http.Http1HeaderParser::get (10 bytes)
Event: 5.378 Thread 0x000001acfabfdf50 nmethod 3385 0x000001ace0731910 code [0x000001ace0731ac0, 0x000001ace0731ca8]
Event: 5.379 Thread 0x000001acff0111c0 3386       4       jdk.internal.org.objectweb.asm.SymbolTable::addConstantUtf8Reference (101 bytes)
Event: 5.379 Thread 0x000001acfabfdf50 3387       3       jdk.internal.misc.Unsafe::weakCompareAndSetLong (11 bytes)
Event: 5.379 Thread 0x000001acfabfdf50 nmethod 3387 0x000001ace0731d90 code [0x000001ace0731f20, 0x000001ace0732058]
Event: 5.386 Thread 0x000001acfabfdf50 3388       3       jdk.internal.module.SystemModuleFinders$SystemModuleReader::read (25 bytes)
Event: 5.386 Thread 0x000001acfabfdf50 nmethod 3388 0x000001ace0732110 code [0x000001ace0732340, 0x000001ace0732b98]
Event: 5.386 Thread 0x000001acfabfdf50 3389       3       jdk.internal.module.SystemModuleFinders$SystemModuleReader::findImageLocation (42 bytes)
Event: 5.386 Thread 0x000001acfabfdf50 nmethod 3389 0x000001ace0732e90 code [0x000001ace07330a0, 0x000001ace0733738]
Event: 5.386 Thread 0x000001acfabfdf50 3390       3       jdk.internal.loader.BuiltinClassLoader$LoadedModule::codeSourceURL (32 bytes)
Event: 5.387 Thread 0x000001acfabfdf50 nmethod 3390 0x000001ace0733990 code [0x000001ace0733b40, 0x000001ace0733e68]
Event: 5.387 Thread 0x000001acfabfdf50 3391       3       org.aspectj.weaver.loadtime.Aj$AdaptorKey::equals (56 bytes)
Event: 5.387 Thread 0x000001acfabfdf50 nmethod 3391 0x000001ace0734010 code [0x000001ace07341e0, 0x000001ace0734668]
Event: 5.395 Thread 0x000001acff0111c0 nmethod 3386 0x000001ace7cc6190 code [0x000001ace7cc6360, 0x000001ace7cc70a8]
Event: 5.395 Thread 0x000001acff0111c0 3392       4       jdk.internal.org.objectweb.asm.SymbolTable$Entry::<init> (17 bytes)
Event: 5.397 Thread 0x000001acff0111c0 nmethod 3392 0x000001ace7cc7710 code [0x000001ace7cc7880, 0x000001ace7cc7a98]
Event: 5.397 Thread 0x000001acff0111c0 3393       4       java.lang.StringConcatHelper::prepend (37 bytes)
Event: 5.398 Thread 0x000001acff0111c0 nmethod 3393 0x000001ace7cc7b10 code [0x000001ace7cc7ca0, 0x000001ace7cc7df8]
Event: 5.398 Thread 0x000001acff0111c0 3394       4       java.lang.String::<init> (74 bytes)

GC Heap History (12 events):
Event: 0.458 GC heap before
{Heap before GC invocations=0 (full 0):
 garbage-first heap   total 262144K, used 10240K [0x0000000701e00000, 0x0000000800000000)
  region size 2048K, 6 young (12288K), 0 survivors (0K)
 Metaspace       used 3550K, committed 3712K, reserved 1114112K
  class space    used 330K, committed 384K, reserved 1048576K
}
Event: 0.461 GC heap after
{Heap after GC invocations=1 (full 0):
 garbage-first heap   total 262144K, used 4541K [0x0000000701e00000, 0x0000000800000000)
  region size 2048K, 1 young (2048K), 1 survivors (2048K)
 Metaspace       used 3550K, committed 3712K, reserved 1114112K
  class space    used 330K, committed 384K, reserved 1048576K
}
Event: 0.662 GC heap before
{Heap before GC invocations=1 (full 0):
 garbage-first heap   total 262144K, used 12733K [0x0000000701e00000, 0x0000000800000000)
  region size 2048K, 6 young (12288K), 1 survivors (2048K)
 Metaspace       used 6365K, committed 6528K, reserved 1114112K
  class space    used 578K, committed 704K, reserved 1048576K
}
Event: 0.664 GC heap after
{Heap after GC invocations=2 (full 0):
 garbage-first heap   total 262144K, used 5138K [0x0000000701e00000, 0x0000000800000000)
  region size 2048K, 1 young (2048K), 1 survivors (2048K)
 Metaspace       used 6365K, committed 6528K, reserved 1114112K
  class space    used 578K, committed 704K, reserved 1048576K
}
Event: 1.209 GC heap before
{Heap before GC invocations=2 (full 0):
 garbage-first heap   total 262144K, used 33810K [0x0000000701e00000, 0x0000000800000000)
  region size 2048K, 15 young (30720K), 1 survivors (2048K)
 Metaspace       used 9650K, committed 9792K, reserved 1114112K
  class space    used 879K, committed 960K, reserved 1048576K
}
Event: 1.217 GC heap after
{Heap after GC invocations=3 (full 0):
 garbage-first heap   total 262144K, used 10456K [0x0000000701e00000, 0x0000000800000000)
  region size 2048K, 2 young (4096K), 2 survivors (4096K)
 Metaspace       used 9650K, committed 9792K, reserved 1114112K
  class space    used 879K, committed 960K, reserved 1048576K
}
Event: 1.802 GC heap before
{Heap before GC invocations=3 (full 0):
 garbage-first heap   total 262144K, used 59608K [0x0000000701e00000, 0x0000000800000000)
  region size 2048K, 26 young (53248K), 2 survivors (4096K)
 Metaspace       used 12857K, committed 12928K, reserved 1114112K
  class space    used 1129K, committed 1152K, reserved 1048576K
}
Event: 1.810 GC heap after
{Heap after GC invocations=4 (full 0):
 garbage-first heap   total 262144K, used 18432K [0x0000000701e00000, 0x0000000800000000)
  region size 2048K, 4 young (8192K), 4 survivors (8192K)
 Metaspace       used 12857K, committed 12928K, reserved 1114112K
  class space    used 1129K, committed 1152K, reserved 1048576K
}
Event: 2.404 GC heap before
{Heap before GC invocations=4 (full 0):
 garbage-first heap   total 262144K, used 69632K [0x0000000701e00000, 0x0000000800000000)
  region size 2048K, 29 young (59392K), 4 survivors (8192K)
 Metaspace       used 15242K, committed 15424K, reserved 1114112K
  class space    used 1425K, committed 1536K, reserved 1048576K
}
Event: 2.415 GC heap after
{Heap after GC invocations=5 (full 0):
 garbage-first heap   total 262144K, used 23723K [0x0000000701e00000, 0x0000000800000000)
  region size 2048K, 3 young (6144K), 3 survivors (6144K)
 Metaspace       used 15242K, committed 15424K, reserved 1114112K
  class space    used 1425K, committed 1536K, reserved 1048576K
}
Event: 3.483 GC heap before
{Heap before GC invocations=5 (full 0):
 garbage-first heap   total 262144K, used 83115K [0x0000000701e00000, 0x0000000800000000)
  region size 2048K, 33 young (67584K), 3 survivors (6144K)
 Metaspace       used 21245K, committed 21504K, reserved 1114112K
  class space    used 2285K, committed 2432K, reserved 1048576K
}
Event: 3.494 GC heap after
{Heap after GC invocations=6 (full 0):
 garbage-first heap   total 262144K, used 29331K [0x0000000701e00000, 0x0000000800000000)
  region size 2048K, 6 young (12288K), 6 survivors (12288K)
 Metaspace       used 21245K, committed 21504K, reserved 1114112K
  class space    used 2285K, committed 2432K, reserved 1048576K
}

Dll operation events (14 events):
Event: 0.009 Loaded shared library C:\Users\o_klochenko\.jdks\corretto-17.0.12\bin\java.dll
Event: 0.030 Loaded shared library C:\Users\o_klochenko\.jdks\corretto-17.0.12\bin\jsvml.dll
Event: 0.138 Loaded shared library C:\Users\o_klochenko\.jdks\corretto-17.0.12\bin\zip.dll
Event: 0.141 Loaded shared library C:\Users\o_klochenko\.jdks\corretto-17.0.12\bin\instrument.dll
Event: 0.146 Loaded shared library C:\Users\o_klochenko\.jdks\corretto-17.0.12\bin\net.dll
Event: 0.148 Loaded shared library C:\Users\o_klochenko\.jdks\corretto-17.0.12\bin\nio.dll
Event: 0.150 Loaded shared library C:\Users\o_klochenko\.jdks\corretto-17.0.12\bin\zip.dll
Event: 0.227 Loaded shared library C:\Users\o_klochenko\.jdks\corretto-17.0.12\bin\jimage.dll
Event: 0.640 Loaded shared library C:\Program Files\JetBrains\IntelliJ IDEA Community Edition 2024.1\bin\breakgen64.dll
Event: 0.662 Loaded shared library C:\Users\o_klochenko\.jdks\corretto-17.0.12\bin\extnet.dll
Event: 2.338 Loaded shared library C:\Users\o_klochenko\.jdks\corretto-17.0.12\bin\verify.dll
Event: 3.332 Loaded shared library C:\Users\o_klochenko\.jdks\corretto-17.0.12\bin\management.dll
Event: 3.335 Loaded shared library C:\Users\o_klochenko\.jdks\corretto-17.0.12\bin\management_ext.dll
Event: 3.656 Loaded shared library C:\Users\o_klochenko\.jdks\corretto-17.0.12\bin\sunmscapi.dll

Deoptimization events (20 events):
Event: 3.836 Thread 0x000001acc2af9130 DEOPT PACKING pc=0x000001ace7c6d15c sp=0x0000002e144fefe0
Event: 3.836 Thread 0x000001acc2af9130 DEOPT UNPACKING pc=0x000001ace75369a3 sp=0x0000002e144fef68 mode 2
Event: 3.902 Thread 0x000001acd848c360 Uncommon trap: trap_request=0xffffffc6 fr.pc=0x000001ace7c151a8 relative=0x0000000000001708
Event: 3.902 Thread 0x000001acd848c360 Uncommon trap: reason=bimorphic_or_optimized_type_check action=maybe_recompile pc=0x000001ace7c151a8 method=java.util.HashMap.putVal(ILjava/lang/Object;Ljava/lang/Object;ZZ)Ljava/lang/Object; @ 91 c2
Event: 3.903 Thread 0x000001acd848c360 DEOPT PACKING pc=0x000001ace7c151a8 sp=0x0000002e12af8aa0
Event: 3.903 Thread 0x000001acd848c360 DEOPT UNPACKING pc=0x000001ace75369a3 sp=0x0000002e12af8948 mode 2
Event: 3.903 Thread 0x000001acd848c360 DEOPT PACKING pc=0x000001ace02de511 sp=0x0000002e12af8ca0
Event: 3.903 Thread 0x000001acd848c360 DEOPT UNPACKING pc=0x000001ace7537143 sp=0x0000002e12af8198 mode 0
Event: 3.947 Thread 0x000001acd848c360 DEOPT PACKING pc=0x000001ace05cb1fd sp=0x0000002e12afa8b0
Event: 3.947 Thread 0x000001acd848c360 DEOPT UNPACKING pc=0x000001ace7537143 sp=0x0000002e12af9dc0 mode 0
Event: 4.807 Thread 0x000001acc2af9130 Uncommon trap: trap_request=0xffffffc6 fr.pc=0x000001ace7c6d15c relative=0x000000000000019c
Event: 4.807 Thread 0x000001acc2af9130 Uncommon trap: reason=bimorphic_or_optimized_type_check action=maybe_recompile pc=0x000001ace7c6d15c method=java.io.BufferedInputStream.read1([BII)I @ 39 c2
Event: 4.807 Thread 0x000001acc2af9130 DEOPT PACKING pc=0x000001ace7c6d15c sp=0x0000002e144fefe0
Event: 4.807 Thread 0x000001acc2af9130 DEOPT UNPACKING pc=0x000001ace75369a3 sp=0x0000002e144fef68 mode 2
Event: 5.202 Thread 0x000001acd848c360 DEOPT PACKING pc=0x000001ace02cdddb sp=0x0000002e12af8110
Event: 5.202 Thread 0x000001acd848c360 DEOPT UNPACKING pc=0x000001ace7537143 sp=0x0000002e12af7770 mode 0
Event: 5.217 Thread 0x000001acd848c360 Uncommon trap: trap_request=0xffffff45 fr.pc=0x000001ace7c76b74 relative=0x00000000000008b4
Event: 5.217 Thread 0x000001acd848c360 Uncommon trap: reason=unstable_if action=reinterpret pc=0x000001ace7c76b74 method=java.lang.Integer.stringSize(I)I @ 19 c2
Event: 5.217 Thread 0x000001acd848c360 DEOPT PACKING pc=0x000001ace7c76b74 sp=0x0000002e12afb9e0
Event: 5.217 Thread 0x000001acd848c360 DEOPT UNPACKING pc=0x000001ace75369a3 sp=0x0000002e12afb928 mode 2

Classes loaded (20 events):
Event: 5.124 Loading class java/util/stream/FindOps$FindSink$OfLong
Event: 5.124 Loading class java/util/stream/Sink$OfLong
Event: 5.124 Loading class java/util/stream/Sink$OfLong done
Event: 5.124 Loading class java/util/stream/FindOps$FindSink$OfLong done
Event: 5.124 Loading class java/util/OptionalLong
Event: 5.125 Loading class java/util/OptionalLong done
Event: 5.126 Loading class java/util/stream/ReferencePipeline$5$1
Event: 5.126 Loading class java/util/stream/ReferencePipeline$5$1 done
Event: 5.172 Loading class java/util/ImmutableCollections$Access
Event: 5.172 Loading class java/util/ImmutableCollections$Access done
Event: 5.172 Loading class java/util/ImmutableCollections$Access$1
Event: 5.172 Loading class jdk/internal/access/JavaUtilCollectionAccess
Event: 5.172 Loading class jdk/internal/access/JavaUtilCollectionAccess done
Event: 5.172 Loading class java/util/ImmutableCollections$Access$1 done
Event: 5.223 Loading class java/util/concurrent/locks/AbstractQueuedSynchronizer$ExclusiveNode
Event: 5.223 Loading class java/util/concurrent/locks/AbstractQueuedSynchronizer$ExclusiveNode done
Event: 5.364 Loading class java/util/concurrent/locks/ReentrantReadWriteLock$FairSync
Event: 5.364 Loading class java/util/concurrent/locks/ReentrantReadWriteLock$FairSync done
Event: 5.378 Loading class sun/net/www/HeaderParser
Event: 5.378 Loading class sun/net/www/HeaderParser done

Classes unloaded (0 events):
No events

Classes redefined (0 events):
No events

Internal exceptions (20 events):
Event: 3.773 Thread 0x000001acd848c360 Exception <a 'java/lang/NoSuchMethodError'{0x00000007074a6df8}: 'void java.lang.invoke.DirectMethodHandle$Holder.invokeStatic(java.lang.Object, long)'> (0x00000007074a6df8) 
thrown [s\src\hotspot\share\interpreter\linkResolver.cpp, line 759]
Event: 3.773 Thread 0x000001acd848c360 Exception <a 'java/lang/NoSuchMethodError'{0x00000007074ac998}: 'java.lang.Object java.lang.invoke.DirectMethodHandle$Holder.newInvokeSpecial(java.lang.Object, long)'> (0x00000007074ac998) 
thrown [s\src\hotspot\share\interpreter\linkResolver.cpp, line 759]
Event: 3.774 Thread 0x000001acd848c360 Exception <a 'java/lang/NoSuchMethodError'{0x00000007074b6a00}: 'java.lang.Object java.lang.invoke.DirectMethodHandle$Holder.invokeStatic(java.lang.Object, java.lang.Object, long, java.lang.Object)'> (0x00000007074b6a00) 
thrown [s\src\hotspot\share\interpreter\linkResolver.cpp, line 759]
Event: 3.775 Thread 0x000001acd848c360 Exception <a 'java/lang/NoSuchMethodError'{0x00000007074ba9e8}: 'java.lang.Object java.lang.invoke.DirectMethodHandle$Holder.invokeStaticInit(java.lang.Object, java.lang.Object, long, java.lang.Object)'> (0x00000007074ba9e8) 
thrown [s\src\hotspot\share\interpreter\linkResolver.cpp, line 759]
Event: 3.775 Thread 0x000001acd848c360 Exception <a 'java/lang/NoSuchMethodError'{0x00000007074c1268}: 'java.lang.Object java.lang.invoke.DirectMethodHandle$Holder.newInvokeSpecial(java.lang.Object, java.lang.Object, long)'> (0x00000007074c1268) 
thrown [s\src\hotspot\share\interpreter\linkResolver.cpp, line 759]
Event: 3.776 Thread 0x000001acd848c360 Exception <a 'java/lang/NoSuchMethodError'{0x00000007074c5328}: 'java.lang.Object java.lang.invoke.Invokers$Holder.linkToTargetMethod(java.lang.Object, long, java.lang.Object)'> (0x00000007074c5328) 
thrown [s\src\hotspot\share\interpreter\linkResolver.cpp, line 759]
Event: 3.792 Thread 0x000001acc2af8200 Exception <a 'java/net/ConnectException'{0x000000070700bf20}: Connection refused: getsockopt> (0x000000070700bf20) 
thrown [s\src\hotspot\share\prims\jni.cpp, line 535]
Event: 3.792 Thread 0x000001acc2af8200 Exception <a 'java/net/SocketException'{0x000000070700c258}: Socket is not connected: shutdown> (0x000000070700c258) 
thrown [s\src\hotspot\share\prims\jni.cpp, line 535]
Event: 3.806 Thread 0x000001acc2af8200 Exception <a 'java/net/ConnectException'{0x000000070700dbd0}: Connection refused: getsockopt> (0x000000070700dbd0) 
thrown [s\src\hotspot\share\prims\jni.cpp, line 535]
Event: 3.806 Thread 0x000001acc2af8200 Exception <a 'java/net/SocketException'{0x000000070700df08}: Socket is not connected: shutdown> (0x000000070700df08) 
thrown [s\src\hotspot\share\prims\jni.cpp, line 535]
Event: 3.883 Thread 0x000001acd848c360 Exception <a 'java/lang/NoSuchMethodError'{0x0000000706e1c860}: 'double java.lang.invoke.DirectMethodHandle$Holder.invokeVirtual(java.lang.Object, java.lang.Object)'> (0x0000000706e1c860) 
thrown [s\src\hotspot\share\interpreter\linkResolver.cpp, line 759]
Event: 3.883 Thread 0x000001acd848c360 Exception <a 'java/lang/NoSuchMethodError'{0x0000000706e23548}: 'float java.lang.invoke.DirectMethodHandle$Holder.invokeVirtual(java.lang.Object, java.lang.Object)'> (0x0000000706e23548) 
thrown [s\src\hotspot\share\interpreter\linkResolver.cpp, line 759]
Event: 3.884 Thread 0x000001acd848c360 Exception <a 'java/lang/NoSuchMethodError'{0x0000000706e2ca90}: 'long java.lang.invoke.DirectMethodHandle$Holder.invokeVirtual(java.lang.Object, java.lang.Object)'> (0x0000000706e2ca90) 
thrown [s\src\hotspot\share\interpreter\linkResolver.cpp, line 759]
Event: 3.923 Thread 0x000001acd848c360 Exception <a 'java/lang/NoSuchMethodError'{0x0000000706c861c8}: 'java.lang.Object java.lang.invoke.DirectMethodHandle$Holder.newInvokeSpecial(java.lang.Object, java.lang.Object, int, int)'> (0x0000000706c861c8) 
thrown [s\src\hotspot\share\interpreter\linkResolver.cpp, line 759]
Event: 3.924 Thread 0x000001acd848c360 Exception <a 'java/lang/NoSuchMethodError'{0x0000000706c911c0}: 'void java.lang.invoke.DirectMethodHandle$Holder.invokeStatic(java.lang.Object, java.lang.Object, int)'> (0x0000000706c911c0) 
thrown [s\src\hotspot\share\interpreter\linkResolver.cpp, line 759]
Event: 4.009 Thread 0x000001acc2af8710 Exception <a 'java/lang/NoSuchMethodError'{0x0000000706845bc8}: 'java.lang.Object java.lang.invoke.DirectMethodHandle$Holder.invokeSpecial(java.lang.Object, java.lang.Object, java.lang.Object, java.lang.Object, int)'> (0x0000000706845bc8) 
thrown [s\src\hotspot\share\interpreter\linkResolver.cpp, line 759]
Event: 4.009 Thread 0x000001acc2af8710 Exception <a 'java/lang/NoSuchMethodError'{0x0000000706849790}: 'java.lang.Object java.lang.invoke.Invokers$Holder.linkToTargetMethod(java.lang.Object, java.lang.Object, int, java.lang.Object)'> (0x0000000706849790) 
thrown [s\src\hotspot\share\interpreter\linkResolver.cpp, line 759]
Event: 5.127 Thread 0x000001acc2af8c20 Exception <a 'java/lang/NoSuchMethodError'{0x00000007066196b8}: 'java.lang.Object java.lang.invoke.DirectMethodHandle$Holder.newInvokeSpecial(java.lang.Object, java.lang.Object, long, java.lang.Object, java.lang.Object, java.lang.Object)'> (0x00000007066196b8) 
thrown [s\src\hotspot\share\interpreter\linkResolver.cpp, line 759]
Event: 5.133 Thread 0x000001acc2af8c20 Exception <a 'java/lang/NoSuchMethodError'{0x0000000706634318}: 'void java.lang.invoke.DirectMethodHandle$Holder.invokeSpecial(java.lang.Object, java.lang.Object, java.lang.Object, java.lang.Object, java.lang.Object, java.lang.Object, java.lang.Object)'> (0x0000000706634318) 
thrown [s\src\hotspot\share\interpreter\linkResolver.cpp, line 759]
Event: 5.150 Thread 0x000001acd848c360 Exception <a 'java/lang/NoSuchMethodError'{0x0000000706ad6a00}: 'java.lang.Object java.lang.invoke.DirectMethodHandle$Holder.invokeSpecialIFC(java.lang.Object, java.lang.Object, java.lang.Object)'> (0x0000000706ad6a00) 
thrown [s\src\hotspot\share\interpreter\linkResolver.cpp, line 759]

VM Operations (20 events):
Event: 3.502 Executing VM operation: HandshakeAllThreads
Event: 3.502 Executing VM operation: HandshakeAllThreads done
Event: 3.526 Executing VM operation: G1PauseRemark
Event: 3.529 Executing VM operation: G1PauseRemark done
Event: 3.539 Executing VM operation: G1PauseCleanup
Event: 3.540 Executing VM operation: G1PauseCleanup done
Event: 3.575 Executing VM operation: HandshakeAllThreads
Event: 3.575 Executing VM operation: HandshakeAllThreads done
Event: 3.637 Executing VM operation: HandshakeAllThreads
Event: 3.637 Executing VM operation: HandshakeAllThreads done
Event: 3.844 Executing VM operation: HandshakeAllThreads
Event: 3.845 Executing VM operation: HandshakeAllThreads done
Event: 3.845 Executing VM operation: HandshakeAllThreads
Event: 3.845 Executing VM operation: HandshakeAllThreads done
Event: 3.846 Executing VM operation: HandshakeAllThreads
Event: 3.846 Executing VM operation: HandshakeAllThreads done
Event: 4.850 Executing VM operation: Cleanup
Event: 4.850 Executing VM operation: Cleanup done
Event: 5.119 Executing VM operation: HandshakeAllThreads
Event: 5.119 Executing VM operation: HandshakeAllThreads done

Events (20 events):
Event: 0.640 Thread 0x000001acc10b5fb0 Thread added: 0x000001acc10b5fb0
Event: 3.404 Thread 0x000001acff497420 Thread added: 0x000001acff497420
Event: 3.694 Thread 0x000001acff496f10 Thread added: 0x000001acff496f10
Event: 3.777 Thread 0x000001acc2af9130 Thread added: 0x000001acc2af9130
Event: 3.780 Thread 0x000001acc2af9640 Thread added: 0x000001acc2af9640
Event: 3.781 Thread 0x000001acc2af9b50 Thread added: 0x000001acc2af9b50
Event: 3.785 Thread 0x000001acc2af8200 Thread added: 0x000001acc2af8200
Event: 3.846 Thread 0x000001acc2afa060 Thread added: 0x000001acc2afa060
Event: 3.960 Thread 0x000001acc2af8710 Thread added: 0x000001acc2af8710
Event: 3.962 Thread 0x000001acc2afa570 Thread added: 0x000001acc2afa570
Event: 4.041 Thread 0x000001acc2af8c20 Thread added: 0x000001acc2af8c20
Event: 4.044 Thread 0x000001acc2afaa80 Thread added: 0x000001acc2afaa80
Event: 4.045 Thread 0x000001acc2af72d0 Thread added: 0x000001acc2af72d0
Event: 5.120 Thread 0x000001acff1959f0 Thread exited: 0x000001acff1959f0
Event: 5.209 Thread 0x000001acc14601b0 Thread added: 0x000001acc14601b0
Event: 5.221 Thread 0x000001acc2af77e0 Thread added: 0x000001acc2af77e0
Event: 5.223 Thread 0x000001acc2af7cf0 Thread added: 0x000001acc2af7cf0
Event: 5.228 Thread 0x000001acc3a25d20 Thread added: 0x000001acc3a25d20
Event: 5.229 Thread 0x000001acc3a2a400 Thread added: 0x000001acc3a2a400
Event: 5.229 Thread 0x000001acc3a28fc0 Thread added: 0x000001acc3a28fc0


Dynamic libraries:
0x00007ff7b2e20000 - 0x00007ff7b2e2e000 	C:\Users\o_klochenko\.jdks\corretto-17.0.12\bin\java.exe
0x00007ffba6a70000 - 0x00007ffba6c68000 	C:\Windows\SYSTEM32\ntdll.dll
0x00007ffba6880000 - 0x00007ffba6942000 	C:\Windows\System32\KERNEL32.DLL
0x00007ffba44e0000 - 0x00007ffba47d6000 	C:\Windows\System32\KERNELBASE.dll
0x00007ffba42a0000 - 0x00007ffba43a0000 	C:\Windows\System32\ucrtbase.dll
0x00007ffb99db0000 - 0x00007ffb99dcb000 	C:\Users\o_klochenko\.jdks\corretto-17.0.12\bin\VCRUNTIME140.dll
0x00007ffb9cfa0000 - 0x00007ffb9cfb7000 	C:\Users\o_klochenko\.jdks\corretto-17.0.12\bin\jli.dll
0x00007ffba4d20000 - 0x00007ffba4ebd000 	C:\Windows\System32\USER32.dll
0x00007ffba4110000 - 0x00007ffba4132000 	C:\Windows\System32\win32u.dll
0x00007ffba62f0000 - 0x00007ffba631b000 	C:\Windows\System32\GDI32.dll
0x00007ffb99a40000 - 0x00007ffb99cda000 	C:\Windows\WinSxS\amd64_microsoft.windows.common-controls_6595b64144ccf1df_6.0.19041.5794_none_60bcd33171f2783c\COMCTL32.dll
0x00007ffba4980000 - 0x00007ffba4a9a000 	C:\Windows\System32\gdi32full.dll
0x00007ffba4b50000 - 0x00007ffba4bee000 	C:\Windows\System32\msvcrt.dll
0x00007ffba47e0000 - 0x00007ffba487d000 	C:\Windows\System32\msvcp_win.dll
0x00007ffba5010000 - 0x00007ffba503f000 	C:\Windows\System32\IMM32.DLL
0x00007ffb99da0000 - 0x00007ffb99dac000 	C:\Users\o_klochenko\.jdks\corretto-17.0.12\bin\vcruntime140_1.dll
0x00007ffb825e0000 - 0x00007ffb8266d000 	C:\Users\o_klochenko\.jdks\corretto-17.0.12\bin\msvcp140.dll
0x00007ffb4d0a0000 - 0x00007ffb4dd0a000 	C:\Users\o_klochenko\.jdks\corretto-17.0.12\bin\server\jvm.dll
0x00007ffba4ec0000 - 0x00007ffba4f6f000 	C:\Windows\System32\ADVAPI32.dll
0x00007ffba4f70000 - 0x00007ffba500f000 	C:\Windows\System32\sechost.dll
0x00007ffba6680000 - 0x00007ffba67a3000 	C:\Windows\System32\RPCRT4.dll
0x00007ffba44b0000 - 0x00007ffba44d7000 	C:\Windows\System32\bcrypt.dll
0x00007ffba6810000 - 0x00007ffba687b000 	C:\Windows\System32\WS2_32.dll
0x00007ffba3f70000 - 0x00007ffba3fbb000 	C:\Windows\SYSTEM32\POWRPROF.dll
0x00007ffb9b260000 - 0x00007ffb9b26a000 	C:\Windows\SYSTEM32\VERSION.dll
0x00007ffb97bc0000 - 0x00007ffb97be7000 	C:\Windows\SYSTEM32\WINMM.dll
0x00007ffba3f50000 - 0x00007ffba3f62000 	C:\Windows\SYSTEM32\UMPDC.dll
0x00007ffba2990000 - 0x00007ffba29a2000 	C:\Windows\SYSTEM32\kernel.appcore.dll
0x00007ffb99d90000 - 0x00007ffb99d9a000 	C:\Users\o_klochenko\.jdks\corretto-17.0.12\bin\jimage.dll
0x00007ffb979b0000 - 0x00007ffb97bb1000 	C:\Windows\SYSTEM32\DBGHELP.DLL
0x00007ffb97430000 - 0x00007ffb97464000 	C:\Windows\SYSTEM32\dbgcore.DLL
0x00007ffba4420000 - 0x00007ffba44a2000 	C:\Windows\System32\bcryptPrimitives.dll
0x00007ffb826a0000 - 0x00007ffb826ae000 	C:\Users\o_klochenko\.jdks\corretto-17.0.12\bin\instrument.dll
0x00007ffb94f80000 - 0x00007ffb94fa5000 	C:\Users\o_klochenko\.jdks\corretto-17.0.12\bin\java.dll
0x00007ffb6cc50000 - 0x00007ffb6cd27000 	C:\Users\o_klochenko\.jdks\corretto-17.0.12\bin\jsvml.dll
0x00007ffba5b80000 - 0x00007ffba62ee000 	C:\Windows\System32\SHELL32.dll
0x00007ffba1f80000 - 0x00007ffba2723000 	C:\Windows\SYSTEM32\windows.storage.dll
0x00007ffba6320000 - 0x00007ffba6673000 	C:\Windows\System32\combase.dll
0x00007ffba3a70000 - 0x00007ffba3a9b000 	C:\Windows\SYSTEM32\Wldp.dll
0x00007ffba5510000 - 0x00007ffba55dd000 	C:\Windows\System32\OLEAUT32.dll
0x00007ffba4aa0000 - 0x00007ffba4b4d000 	C:\Windows\System32\SHCORE.dll
0x00007ffba5490000 - 0x00007ffba54e5000 	C:\Windows\System32\shlwapi.dll
0x00007ffba4040000 - 0x00007ffba4065000 	C:\Windows\SYSTEM32\profapi.dll
0x00007ffb826b0000 - 0x00007ffb826c8000 	C:\Users\o_klochenko\.jdks\corretto-17.0.12\bin\zip.dll
0x00007ffb993d0000 - 0x00007ffb993e9000 	C:\Users\o_klochenko\.jdks\corretto-17.0.12\bin\net.dll
0x00007ffb9e7b0000 - 0x00007ffb9e8ba000 	C:\Windows\SYSTEM32\WINHTTP.dll
0x00007ffba37d0000 - 0x00007ffba383c000 	C:\Windows\system32\mswsock.dll
0x00007ffb94d40000 - 0x00007ffb94d56000 	C:\Users\o_klochenko\.jdks\corretto-17.0.12\bin\nio.dll
0x00007ffb825c0000 - 0x00007ffb825da000 	C:\Program Files\JetBrains\IntelliJ IDEA Community Edition 2024.1\bin\breakgen64.dll
0x00007ffb823a0000 - 0x00007ffb823a9000 	C:\Users\o_klochenko\.jdks\corretto-17.0.12\bin\extnet.dll
0x00007ffb7aec0000 - 0x00007ffb7aed0000 	C:\Users\o_klochenko\.jdks\corretto-17.0.12\bin\verify.dll
0x00007ffba39d0000 - 0x00007ffba39e8000 	C:\Windows\SYSTEM32\CRYPTSP.dll
0x00007ffba30f0000 - 0x00007ffba3128000 	C:\Windows\system32\rsaenh.dll
0x00007ffba4000000 - 0x00007ffba402e000 	C:\Windows\SYSTEM32\USERENV.dll
0x00007ffba39c0000 - 0x00007ffba39cc000 	C:\Windows\SYSTEM32\CRYPTBASE.dll
0x00007ffba34b0000 - 0x00007ffba34eb000 	C:\Windows\SYSTEM32\IPHLPAPI.DLL
0x00007ffba53b0000 - 0x00007ffba53b8000 	C:\Windows\System32\NSI.dll
0x00007ffba0a90000 - 0x00007ffba0aa7000 	C:\Windows\SYSTEM32\dhcpcsvc6.DLL
0x00007ffba09d0000 - 0x00007ffba09ed000 	C:\Windows\SYSTEM32\dhcpcsvc.DLL
0x00007ffba34f0000 - 0x00007ffba35ba000 	C:\Windows\SYSTEM32\DNSAPI.dll
0x00007ffb9e430000 - 0x00007ffb9e43a000 	C:\Windows\System32\rasadhlp.dll
0x00007ffba0e00000 - 0x00007ffba0e80000 	C:\Windows\System32\fwpuclnt.dll
0x00007ffb803c0000 - 0x00007ffb803c9000 	C:\Users\o_klochenko\.jdks\corretto-17.0.12\bin\management.dll
0x00007ffb7f490000 - 0x00007ffb7f49b000 	C:\Users\o_klochenko\.jdks\corretto-17.0.12\bin\management_ext.dll
0x00007ffba5b70000 - 0x00007ffba5b78000 	C:\Windows\System32\PSAPI.DLL
0x00007ffb7f3c0000 - 0x00007ffb7f3ce000 	C:\Users\o_klochenko\.jdks\corretto-17.0.12\bin\sunmscapi.dll
0x00007ffba4140000 - 0x00007ffba429d000 	C:\Windows\System32\CRYPT32.dll
0x00007ffba3ae0000 - 0x00007ffba3b07000 	C:\Windows\SYSTEM32\ncrypt.dll
0x00007ffba3aa0000 - 0x00007ffba3adb000 	C:\Windows\SYSTEM32\NTASN1.dll
0x00007ffb385a0000 - 0x00007ffb385a7000 	C:\Windows\system32\wshunix.dll

dbghelp: loaded successfully - version: 4.0.5 - missing functions: none
symbol engine: initialized successfully - sym options: 0x614 - pdb path: .;C:\Users\o_klochenko\.jdks\corretto-17.0.12\bin;C:\Windows\SYSTEM32;C:\Windows\WinSxS\amd64_microsoft.windows.common-controls_6595b64144ccf1df_6.0.19041.5794_none_60bcd33171f2783c;C:\Users\o_klochenko\.jdks\corretto-17.0.12\bin\server;C:\Program Files\JetBrains\IntelliJ IDEA Community Edition 2024.1\bin

VM Arguments:
jvm_args: -ea -javaagent:C:\Users\o_klochenko\.m2\repository/org/aspectj/aspectjweaver/1.9.5/aspectjweaver-1.9.5.jar -Didea.test.cyclic.buffer.size=1048576 -javaagent:C:\Program Files\JetBrains\IntelliJ IDEA Community Edition 2024.1\lib\idea_rt.jar=62529:C:\Program Files\JetBrains\IntelliJ IDEA Community Edition 2024.1\bin -Dfile.encoding=UTF-8 
java_command: com.intellij.rt.junit.JUnitStarter -ideVersion5 -junit5 OrderFlowTests.LicenseOrderFlowTest
java_class_path (initial): C:\Users\o_klochenko\.m2\repository\org\junit\vintage\junit-vintage-engine\5.13.1\junit-vintage-engine-5.13.1.jar;C:\Program Files\JetBrains\IntelliJ IDEA Community Edition 2024.1\lib\idea_rt.jar;C:\Program Files\JetBrains\IntelliJ IDEA Community Edition 2024.1\plugins\junit\lib\junit5-rt.jar;C:\Program Files\JetBrains\IntelliJ IDEA Community Edition 2024.1\plugins\junit\lib\junit-rt.jar;C:\Users\o_klochenko\Documents\test\Selenium\KlochenkoProject\OlsAutoTest2025\target\test-classes;C:\Users\o_klochenko\Documents\test\Selenium\KlochenkoProject\OlsAutoTest2025\target\classes;C:\Users\o_klochenko\.m2\repository\org\junit\jupiter\junit-jupiter-engine\5.13.1\junit-jupiter-engine-5.13.1.jar;C:\Users\o_klochenko\.m2\repository\org\junit\platform\junit-platform-engine\1.13.1\junit-platform-engine-1.13.1.jar;C:\Users\o_klochenko\.m2\repository\org\apiguardian\apiguardian-api\1.1.2\apiguardian-api-1.1.2.jar;C:\Users\o_klochenko\.m2\repository\org\junit\jupiter\junit-jupiter-api\5.13.1\junit-jupiter-api-5.13.1.jar;C:\Users\o_klochenko\.m2\repository\org\opentest4j\opentest4j\1.3.0\opentest4j-1.3.0.jar;C:\Users\o_klochenko\.m2\repository\org\junit\platform\junit-platform-commons\1.13.1\junit-platform-commons-1.13.1.jar;C:\Users\o_klochenko\.m2\repository\org\junit\platform\junit-platform-runner\1.13.1\junit-platform-runner-1.13.1.jar;C:\Users\o_klochenko\.m2\repository\junit\junit\4.13.2\junit-4.13.2.jar;C:\Users\o_klochenko\.m2\repository\org\hamcrest\hamcrest-core\1.3\hamcrest-core-1.3.jar;C:\Users\o_klochenko\.m2\repository\org\junit\platform\junit-platform-launcher\1.13.1\junit-platform-launcher-1.13.1.jar;C:\Users\o_klochenko\.m2\repository\org\junit\platform\junit-platform-suite-api\1.13.1\junit-platform-suite-api-1.13.1.jar;C:\Users\o_klochenko\.m2\repository\org\junit\platform\junit-platform-suite-commons\1.13.1\junit-platform-suite-commons-1.13.1.jar;C:\Users\o_klochenko\.m2\repository\org\seleniumhq\selenium\selenium-java\4.34.0\selenium
Launcher Type: SUN_STANDARD

[Global flags]
     intx CICompilerCount                          = 3                                         {product} {ergonomic}
     uint ConcGCThreads                            = 1                                         {product} {ergonomic}
     uint G1ConcRefinementThreads                  = 4                                         {product} {ergonomic}
   size_t G1HeapRegionSize                         = 2097152                                   {product} {ergonomic}
    uintx GCDrainStackTargetSize                   = 64                                        {product} {ergonomic}
   size_t InitialHeapSize                          = 268435456                                 {product} {ergonomic}
   size_t MarkStackSize                            = 4194304                                   {product} {ergonomic}
   size_t MaxHeapSize                              = 4263510016                                {product} {ergonomic}
   size_t MaxNewSize                               = 2556428288                                {product} {ergonomic}
   size_t MinHeapDeltaBytes                        = 2097152                                   {product} {ergonomic}
   size_t MinHeapSize                              = 8388608                                   {product} {ergonomic}
    uintx NonNMethodCodeHeapSize                   = 5832780                                {pd product} {ergonomic}
    uintx NonProfiledCodeHeapSize                  = 122912730                              {pd product} {ergonomic}
    uintx ProfiledCodeHeapSize                     = 122912730                              {pd product} {ergonomic}
    uintx ReservedCodeCacheSize                    = 251658240                              {pd product} {ergonomic}
     bool SegmentedCodeCache                       = true                                      {product} {ergonomic}
   size_t SoftMaxHeapSize                          = 4263510016                             {manageable} {ergonomic}
     bool UseCompressedClassPointers               = true                           {product lp64_product} {ergonomic}
     bool UseCompressedOops                        = true                           {product lp64_product} {ergonomic}
     bool UseG1GC                                  = true                                      {product} {ergonomic}
     bool UseLargePagesIndividualAllocation        = false                                  {pd product} {ergonomic}

Logging:
Log output configuration:
 #0: stdout all=warning uptime,level,tags
 #1: stderr all=off uptime,level,tags

Environment Variables:
PATH=C:\Program Files\OpenLogic\jdk-11.0.24.8-hotspot\bin;C:\Program Files\Common Files\Oracle\Java\javapath;C:\Program Files (x86)\Common Files\Oracle\Java\javapath;C:\Windows\system32;C:\Windows;C:\Windows\System32\Wbem;C:\Windows\System32\WindowsPowerShell\v1.0\;C:\Windows\System32\OpenSSH\;C:\Program Files\Microsoft SQL Server\Client SDK\ODBC\170\Tools\Binn\;C:\Program Files (x86)\Microsoft SQL Server\150\Tools\Binn\;C:\Program Files\Microsoft SQL Server\150\Tools\Binn\;C:\Program Files\Microsoft SQL Server\150\DTS\Binn\;C:\Program Files (x86)\Microsoft SQL Server\150\DTS\Binn\;C:\Program Files\Azure Data Studio\bin;C:\Program Files (x86)\WinMerge;C:\Program Files\dotnet\;C:\Program Files\TortoiseSVN\bin;C:\Program Files\Git\cmd;C:\Users\o_klochenko\AppData\Local\Microsoft\WindowsApps;C:\Users\o_klochenko\AppData\Local\Programs\Fiddler;C:\Users\o_klochenko\.dotnet\tools;C:\CustomTools\allure-2.34.1\allure-2.34.1\bin;
USERNAME=o_klochenko
OS=Windows_NT
PROCESSOR_IDENTIFIER=Intel64 Family 6 Model 58 Stepping 9, GenuineIntel
TMP=C:\Users\O_KLOC~1\AppData\Local\Temp
TEMP=C:\Users\O_KLOC~1\AppData\Local\Temp



Periodic native trim disabled


---------------  S Y S T E M  ---------------

OS:
 Windows 10 , 64 bit Build 19041 (10.0.19041.5794)
OS uptime: 5 days 0:44 hours

CPU: total 4 (initial active 4) (4 cores per cpu, 1 threads per core) family 6 model 58 stepping 9 microcode 0x21, cx8, cmov, fxsr, mmx, sse, sse2, sse3, ssse3, sse4.1, sse4.2, popcnt, tsc, tscinvbit, avx, aes, erms, clmul, vzeroupper, clflush
Processor Information for all 4 processors :
  Max Mhz: 3201, Current Mhz: 3201, Mhz Limit: 3201

Memory: 4k page, system-wide physical 16258M (2051M free)
TotalPageFile size 22402M (AvailPageFile size 9M)
current process WorkingSet (physical memory assigned to process): 200M, peak: 216M
current process commit charge ("private bytes"): 281M, peak: 418M

vm_info: OpenJDK 64-Bit Server VM (17.0.12+7-LTS) for windows-amd64 JRE (17.0.12+7-LTS), built on Jul 10 2024 20:46:33 by "Administrator" with MS VC++ 16.10 / 16.11 (VS2019)

END.
