#
# There is insufficient memory for the Java Runtime Environment to continue.
# Native memory allocation (malloc) failed to allocate 1501648 bytes. Error detail: Chunk::new
# Possible reasons:
#   The system is out of physical RAM or swap space
#   This process is running with CompressedOops enabled, and the Java Heap may be blocking the growth of the native heap
# Possible solutions:
#   Reduce memory load on the system
#   Increase physical memory or swap space
#   Check if swap backing store is full
#   Decrease Java heap size (-Xmx/-Xms)
#   Decrease number of Java threads
#   Decrease Java thread stack sizes (-Xss)
#   Set larger code cache with -XX:ReservedCodeCacheSize=
#   JVM is running with Zero Based Compressed Oops mode in which the Java heap is
#     placed in the first 32GB address space. The Java Heap base address is the
#     maximum limit for the native heap growth. Please use -XX:HeapBaseMinAddress
#     to set the Java Heap base and to place the Java Heap above 32GB virtual address.
# This output file may be truncated or incomplete.
#
#  Out of Memory Error (arena.cpp:191), pid=10976, tid=15168
#
# JRE version: OpenJDK Runtime Environment Corretto-17.0.12.7.1 (17.0.12+7) (build 17.0.12+7-LTS)
# Java VM: OpenJDK 64-Bit Server VM Corretto-17.0.12.7.1 (17.0.12+7-LTS, mixed mode, sharing, tiered, compressed oops, compressed class ptrs, g1 gc, windows-amd64)
# No core dump will be written. Minidumps are not enabled by default on client versions of Windows
#

---------------  S U M M A R Y ------------

Command Line: -ea -javaagent:C:\Users\o_klochenko\.m2\repository/org/aspectj/aspectjweaver/1.9.5/aspectjweaver-1.9.5.jar -Didea.test.cyclic.buffer.size=1048576 -javaagent:C:\Program Files\JetBrains\IntelliJ IDEA Community Edition 2024.1\lib\idea_rt.jar=62508:C:\Program Files\JetBrains\IntelliJ IDEA Community Edition 2024.1\bin -Dfile.encoding=UTF-8 com.intellij.rt.junit.JUnitStarter -ideVersion5 -junit5 OrderFlow.LicenseOrderFlowTest

Host: Intel(R) Core(TM) i5-3470 CPU @ 3.20GHz, 4 cores, 15G,  Windows 10 , 64 bit Build 19041 (10.0.19041.5794)
Time: Mon Jul 28 13:01:20 2025  Windows 10 , 64 bit Build 19041 (10.0.19041.5794) elapsed time: 0.831296 seconds (0d 0h 0m 0s)

---------------  T H R E A D  ---------------

Current thread (0x000001db1a66c580):  JavaThread "C2 CompilerThread1" daemon [_thread_in_native, id=15168, stack(0x0000005b24b00000,0x0000005b24c00000)]


Current CompileTask:
C2:    831  829       4       org.aspectj.apache.bcel.classfile.Attribute::readAttribute (568 bytes)

Stack: [0x0000005b24b00000,0x0000005b24c00000]
Native frames: (J=compiled Java code, j=interpreted, Vv=VM code, C=native code)
V  [jvm.dll+0x67f4f9]
V  [jvm.dll+0x836eaa]
V  [jvm.dll+0x83896e]
V  [jvm.dll+0x838fd3]
V  [jvm.dll+0x247f6f]
V  [jvm.dll+0xac9d4]
V  [jvm.dll+0xad01c]
V  [jvm.dll+0x367097]
V  [jvm.dll+0x1bd266]
V  [jvm.dll+0x21a659]
V  [jvm.dll+0x219941]
V  [jvm.dll+0x1a57bd]
V  [jvm.dll+0x22966d]
V  [jvm.dll+0x22781c]
V  [jvm.dll+0x7ebec7]
V  [jvm.dll+0x7e62ac]
V  [jvm.dll+0x67e3c7]
C  [ucrtbase.dll+0x21bb2]
C  [KERNEL32.DLL+0x17374]
C  [ntdll.dll+0x4cc91]


---------------  P R O C E S S  ---------------

Threads class SMR info:
_java_thread_list=0x000001db607e59d0, length=14, elements={
0x000001db77b39860, 0x000001db1a31baf0, 0x000001db1a31d820, 0x000001db1a3351a0,
0x000001db1a335d60, 0x000001db1a338730, 0x000001db1a3390f0, 0x000001db1a339de0,
0x000001db1a475b40, 0x000001db1a486d00, 0x000001db1a301b70, 0x000001db1a66c580,
0x000001db60774c90, 0x000001db6071c970
}

Java Threads: ( => current thread )
  0x000001db77b39860 JavaThread "main" [_thread_in_vm, id=72, stack(0x0000005b23a00000,0x0000005b23b00000)]
  0x000001db1a31baf0 JavaThread "Reference Handler" daemon [_thread_blocked, id=18448, stack(0x0000005b24100000,0x0000005b24200000)]
  0x000001db1a31d820 JavaThread "Finalizer" daemon [_thread_blocked, id=19072, stack(0x0000005b24200000,0x0000005b24300000)]
  0x000001db1a3351a0 JavaThread "Signal Dispatcher" daemon [_thread_blocked, id=13456, stack(0x0000005b24300000,0x0000005b24400000)]
  0x000001db1a335d60 JavaThread "Attach Listener" daemon [_thread_blocked, id=22180, stack(0x0000005b24400000,0x0000005b24500000)]
  0x000001db1a338730 JavaThread "Service Thread" daemon [_thread_blocked, id=15292, stack(0x0000005b24500000,0x0000005b24600000)]
  0x000001db1a3390f0 JavaThread "Monitor Deflation Thread" daemon [_thread_blocked, id=17092, stack(0x0000005b24600000,0x0000005b24700000)]
  0x000001db1a339de0 JavaThread "C2 CompilerThread0" daemon [_thread_in_native, id=8468, stack(0x0000005b24700000,0x0000005b24800000)]
  0x000001db1a475b40 JavaThread "C1 CompilerThread0" daemon [_thread_blocked, id=15956, stack(0x0000005b24800000,0x0000005b24900000)]
  0x000001db1a486d00 JavaThread "Sweeper thread" daemon [_thread_blocked, id=17652, stack(0x0000005b24900000,0x0000005b24a00000)]
  0x000001db1a301b70 JavaThread "Common-Cleaner" daemon [_thread_blocked, id=9320, stack(0x0000005b24a00000,0x0000005b24b00000)]
=>0x000001db1a66c580 JavaThread "C2 CompilerThread1" daemon [_thread_in_native, id=15168, stack(0x0000005b24b00000,0x0000005b24c00000)]
  0x000001db60774c90 JavaThread "Monitor Ctrl-Break" daemon [_thread_in_native, id=14440, stack(0x0000005b24f00000,0x0000005b25000000)]
  0x000001db6071c970 JavaThread "Notification Thread" daemon [_thread_blocked, id=15860, stack(0x0000005b25000000,0x0000005b25100000)]

Other Threads:
  0x000001db1a315870 VMThread "VM Thread" [stack: 0x0000005b24000000,0x0000005b24100000] [id=1604]
  0x000001db60704f00 WatcherThread [stack: 0x0000005b25100000,0x0000005b25200000] [id=17616]
  0x000001db77ba2ab0 GCTaskThread "GC Thread#0" [stack: 0x0000005b23b00000,0x0000005b23c00000] [id=16784]
  0x000001db604c2d00 GCTaskThread "GC Thread#1" [stack: 0x0000005b24c00000,0x0000005b24d00000] [id=17764]
  0x000001db604ba200 GCTaskThread "GC Thread#2" [stack: 0x0000005b24d00000,0x0000005b24e00000] [id=17056]
  0x000001db604ba4c0 GCTaskThread "GC Thread#3" [stack: 0x0000005b24e00000,0x0000005b24f00000] [id=7364]
  0x000001db77bb4820 ConcurrentGCThread "G1 Main Marker" [stack: 0x0000005b23c00000,0x0000005b23d00000] [id=22156]
  0x000001db77bb5240 ConcurrentGCThread "G1 Conc#0" [stack: 0x0000005b23d00000,0x0000005b23e00000] [id=18208]
  0x000001db77bedb60 ConcurrentGCThread "G1 Refine#0" [stack: 0x0000005b23e00000,0x0000005b23f00000] [id=22292]
  0x000001db77bee590 ConcurrentGCThread "G1 Service" [stack: 0x0000005b23f00000,0x0000005b24000000] [id=15396]

Threads with active compile tasks:
C2 CompilerThread0     1179 1345   !   4       org.aspectj.weaver.World::resolve (293 bytes)
C2 CompilerThread1     1180  829       4       org.aspectj.apache.bcel.classfile.Attribute::readAttribute (568 bytes)

VM state: not at safepoint (normal execution)

VM Mutex/Monitor currently owned by a thread: None

Heap address: 0x0000000701e00000, size: 4066 MB, Compressed Oops mode: Zero based, Oop shift amount: 3

CDS archive(s) mapped at: [0x000001db1b000000-0x000001db1bbb0000-0x000001db1bbb0000), size 12255232, SharedBaseAddress: 0x000001db1b000000, ArchiveRelocationMode: 1.
Compressed class space mapped at: 0x000001db1c000000-0x000001db5c000000, reserved size: 1073741824
Narrow klass base: 0x000001db1b000000, Narrow klass shift: 0, Narrow klass range: 0x100000000

GC Precious Log:
 CPUs: 4 total, 4 available
 Memory: 16258M
 Large Page Support: Disabled
 NUMA Support: Disabled
 Compressed Oops: Enabled (Zero based)
 Heap Region Size: 2M
 Heap Min Capacity: 8M
 Heap Initial Capacity: 256M
 Heap Max Capacity: 4066M
 Pre-touch: Disabled
 Parallel Workers: 4
 Concurrent Workers: 1
 Concurrent Refinement Workers: 4
 Periodic GC: Disabled

Heap:
 garbage-first heap   total 262144K, used 29822K [0x0000000701e00000, 0x0000000800000000)
  region size 2048K, 14 young (28672K), 1 survivors (2048K)
 Metaspace       used 9595K, committed 9728K, reserved 1114112K
  class space    used 873K, committed 960K, reserved 1048576K

Heap Regions: E=young(eden), S=young(survivor), O=old, HS=humongous(starts), HC=humongous(continues), CS=collection set, F=free, OA=open archive, CA=closed archive, TAMS=top-at-mark-start (previous, next)
|   0|0x0000000701e00000, 0x0000000702000000, 0x0000000702000000|100%| O|  |TAMS 0x0000000701e00000, 0x0000000701e00000| Untracked 
|   1|0x0000000702000000, 0x00000007021c9600, 0x0000000702200000| 89%| O|  |TAMS 0x0000000702000000, 0x0000000702000000| Untracked 
|   2|0x0000000702200000, 0x0000000702200000, 0x0000000702400000|  0%| F|  |TAMS 0x0000000702200000, 0x0000000702200000| Untracked 
|   3|0x0000000702400000, 0x0000000702400000, 0x0000000702600000|  0%| F|  |TAMS 0x0000000702400000, 0x0000000702400000| Untracked 
|   4|0x0000000702600000, 0x0000000702600000, 0x0000000702800000|  0%| F|  |TAMS 0x0000000702600000, 0x0000000702600000| Untracked 
|   5|0x0000000702800000, 0x0000000702800000, 0x0000000702a00000|  0%| F|  |TAMS 0x0000000702800000, 0x0000000702800000| Untracked 
|   6|0x0000000702a00000, 0x0000000702a00000, 0x0000000702c00000|  0%| F|  |TAMS 0x0000000702a00000, 0x0000000702a00000| Untracked 
|   7|0x0000000702c00000, 0x0000000702c00000, 0x0000000702e00000|  0%| F|  |TAMS 0x0000000702c00000, 0x0000000702c00000| Untracked 
|   8|0x0000000702e00000, 0x0000000702e00000, 0x0000000703000000|  0%| F|  |TAMS 0x0000000702e00000, 0x0000000702e00000| Untracked 
|   9|0x0000000703000000, 0x0000000703000000, 0x0000000703200000|  0%| F|  |TAMS 0x0000000703000000, 0x0000000703000000| Untracked 
|  10|0x0000000703200000, 0x0000000703200000, 0x0000000703400000|  0%| F|  |TAMS 0x0000000703200000, 0x0000000703200000| Untracked 
|  11|0x0000000703400000, 0x0000000703400000, 0x0000000703600000|  0%| F|  |TAMS 0x0000000703400000, 0x0000000703400000| Untracked 
|  12|0x0000000703600000, 0x0000000703600000, 0x0000000703800000|  0%| F|  |TAMS 0x0000000703600000, 0x0000000703600000| Untracked 
|  13|0x0000000703800000, 0x0000000703800000, 0x0000000703a00000|  0%| F|  |TAMS 0x0000000703800000, 0x0000000703800000| Untracked 
|  14|0x0000000703a00000, 0x0000000703a00000, 0x0000000703c00000|  0%| F|  |TAMS 0x0000000703a00000, 0x0000000703a00000| Untracked 
|  15|0x0000000703c00000, 0x0000000703c00000, 0x0000000703e00000|  0%| F|  |TAMS 0x0000000703c00000, 0x0000000703c00000| Untracked 
|  16|0x0000000703e00000, 0x0000000703e00000, 0x0000000704000000|  0%| F|  |TAMS 0x0000000703e00000, 0x0000000703e00000| Untracked 
|  17|0x0000000704000000, 0x0000000704000000, 0x0000000704200000|  0%| F|  |TAMS 0x0000000704000000, 0x0000000704000000| Untracked 
|  18|0x0000000704200000, 0x0000000704200000, 0x0000000704400000|  0%| F|  |TAMS 0x0000000704200000, 0x0000000704200000| Untracked 
|  19|0x0000000704400000, 0x0000000704400000, 0x0000000704600000|  0%| F|  |TAMS 0x0000000704400000, 0x0000000704400000| Untracked 
|  20|0x0000000704600000, 0x0000000704600000, 0x0000000704800000|  0%| F|  |TAMS 0x0000000704600000, 0x0000000704600000| Untracked 
|  21|0x0000000704800000, 0x0000000704800000, 0x0000000704a00000|  0%| F|  |TAMS 0x0000000704800000, 0x0000000704800000| Untracked 
|  22|0x0000000704a00000, 0x0000000704a00000, 0x0000000704c00000|  0%| F|  |TAMS 0x0000000704a00000, 0x0000000704a00000| Untracked 
|  23|0x0000000704c00000, 0x0000000704c00000, 0x0000000704e00000|  0%| F|  |TAMS 0x0000000704c00000, 0x0000000704c00000| Untracked 
|  24|0x0000000704e00000, 0x0000000704e00000, 0x0000000705000000|  0%| F|  |TAMS 0x0000000704e00000, 0x0000000704e00000| Untracked 
|  25|0x0000000705000000, 0x0000000705000000, 0x0000000705200000|  0%| F|  |TAMS 0x0000000705000000, 0x0000000705000000| Untracked 
|  26|0x0000000705200000, 0x0000000705200000, 0x0000000705400000|  0%| F|  |TAMS 0x0000000705200000, 0x0000000705200000| Untracked 
|  27|0x0000000705400000, 0x0000000705400000, 0x0000000705600000|  0%| F|  |TAMS 0x0000000705400000, 0x0000000705400000| Untracked 
|  28|0x0000000705600000, 0x0000000705600000, 0x0000000705800000|  0%| F|  |TAMS 0x0000000705600000, 0x0000000705600000| Untracked 
|  29|0x0000000705800000, 0x0000000705800000, 0x0000000705a00000|  0%| F|  |TAMS 0x0000000705800000, 0x0000000705800000| Untracked 
|  30|0x0000000705a00000, 0x0000000705a00000, 0x0000000705c00000|  0%| F|  |TAMS 0x0000000705a00000, 0x0000000705a00000| Untracked 
|  31|0x0000000705c00000, 0x0000000705c00000, 0x0000000705e00000|  0%| F|  |TAMS 0x0000000705c00000, 0x0000000705c00000| Untracked 
|  32|0x0000000705e00000, 0x0000000705e00000, 0x0000000706000000|  0%| F|  |TAMS 0x0000000705e00000, 0x0000000705e00000| Untracked 
|  33|0x0000000706000000, 0x0000000706000000, 0x0000000706200000|  0%| F|  |TAMS 0x0000000706000000, 0x0000000706000000| Untracked 
|  34|0x0000000706200000, 0x0000000706200000, 0x0000000706400000|  0%| F|  |TAMS 0x0000000706200000, 0x0000000706200000| Untracked 
|  35|0x0000000706400000, 0x0000000706400000, 0x0000000706600000|  0%| F|  |TAMS 0x0000000706400000, 0x0000000706400000| Untracked 
|  36|0x0000000706600000, 0x0000000706600000, 0x0000000706800000|  0%| F|  |TAMS 0x0000000706600000, 0x0000000706600000| Untracked 
|  37|0x0000000706800000, 0x0000000706800000, 0x0000000706a00000|  0%| F|  |TAMS 0x0000000706800000, 0x0000000706800000| Untracked 
|  38|0x0000000706a00000, 0x0000000706a00000, 0x0000000706c00000|  0%| F|  |TAMS 0x0000000706a00000, 0x0000000706a00000| Untracked 
|  39|0x0000000706c00000, 0x0000000706c00000, 0x0000000706e00000|  0%| F|  |TAMS 0x0000000706c00000, 0x0000000706c00000| Untracked 
|  40|0x0000000706e00000, 0x0000000706e00000, 0x0000000707000000|  0%| F|  |TAMS 0x0000000706e00000, 0x0000000706e00000| Untracked 
|  41|0x0000000707000000, 0x0000000707000000, 0x0000000707200000|  0%| F|  |TAMS 0x0000000707000000, 0x0000000707000000| Untracked 
|  42|0x0000000707200000, 0x0000000707200000, 0x0000000707400000|  0%| F|  |TAMS 0x0000000707200000, 0x0000000707200000| Untracked 
|  43|0x0000000707400000, 0x0000000707400000, 0x0000000707600000|  0%| F|  |TAMS 0x0000000707400000, 0x0000000707400000| Untracked 
|  44|0x0000000707600000, 0x0000000707600000, 0x0000000707800000|  0%| F|  |TAMS 0x0000000707600000, 0x0000000707600000| Untracked 
|  45|0x0000000707800000, 0x0000000707800000, 0x0000000707a00000|  0%| F|  |TAMS 0x0000000707800000, 0x0000000707800000| Untracked 
|  46|0x0000000707a00000, 0x0000000707a00000, 0x0000000707c00000|  0%| F|  |TAMS 0x0000000707a00000, 0x0000000707a00000| Untracked 
|  47|0x0000000707c00000, 0x0000000707c00000, 0x0000000707e00000|  0%| F|  |TAMS 0x0000000707c00000, 0x0000000707c00000| Untracked 
|  48|0x0000000707e00000, 0x0000000707e00000, 0x0000000708000000|  0%| F|  |TAMS 0x0000000707e00000, 0x0000000707e00000| Untracked 
|  49|0x0000000708000000, 0x0000000708000000, 0x0000000708200000|  0%| F|  |TAMS 0x0000000708000000, 0x0000000708000000| Untracked 
|  50|0x0000000708200000, 0x0000000708200000, 0x0000000708400000|  0%| F|  |TAMS 0x0000000708200000, 0x0000000708200000| Untracked 
|  51|0x0000000708400000, 0x0000000708400000, 0x0000000708600000|  0%| F|  |TAMS 0x0000000708400000, 0x0000000708400000| Untracked 
|  52|0x0000000708600000, 0x0000000708600000, 0x0000000708800000|  0%| F|  |TAMS 0x0000000708600000, 0x0000000708600000| Untracked 
|  53|0x0000000708800000, 0x0000000708800000, 0x0000000708a00000|  0%| F|  |TAMS 0x0000000708800000, 0x0000000708800000| Untracked 
|  54|0x0000000708a00000, 0x0000000708a00000, 0x0000000708c00000|  0%| F|  |TAMS 0x0000000708a00000, 0x0000000708a00000| Untracked 
|  55|0x0000000708c00000, 0x0000000708c00000, 0x0000000708e00000|  0%| F|  |TAMS 0x0000000708c00000, 0x0000000708c00000| Untracked 
|  56|0x0000000708e00000, 0x0000000708e00000, 0x0000000709000000|  0%| F|  |TAMS 0x0000000708e00000, 0x0000000708e00000| Untracked 
|  57|0x0000000709000000, 0x0000000709000000, 0x0000000709200000|  0%| F|  |TAMS 0x0000000709000000, 0x0000000709000000| Untracked 
|  58|0x0000000709200000, 0x0000000709200000, 0x0000000709400000|  0%| F|  |TAMS 0x0000000709200000, 0x0000000709200000| Untracked 
|  59|0x0000000709400000, 0x0000000709400000, 0x0000000709600000|  0%| F|  |TAMS 0x0000000709400000, 0x0000000709400000| Untracked 
|  60|0x0000000709600000, 0x0000000709600000, 0x0000000709800000|  0%| F|  |TAMS 0x0000000709600000, 0x0000000709600000| Untracked 
|  61|0x0000000709800000, 0x0000000709800000, 0x0000000709a00000|  0%| F|  |TAMS 0x0000000709800000, 0x0000000709800000| Untracked 
|  62|0x0000000709a00000, 0x0000000709a00000, 0x0000000709c00000|  0%| F|  |TAMS 0x0000000709a00000, 0x0000000709a00000| Untracked 
|  63|0x0000000709c00000, 0x0000000709c00000, 0x0000000709e00000|  0%| F|  |TAMS 0x0000000709c00000, 0x0000000709c00000| Untracked 
|  64|0x0000000709e00000, 0x0000000709e00000, 0x000000070a000000|  0%| F|  |TAMS 0x0000000709e00000, 0x0000000709e00000| Untracked 
|  65|0x000000070a000000, 0x000000070a000000, 0x000000070a200000|  0%| F|  |TAMS 0x000000070a000000, 0x000000070a000000| Untracked 
|  66|0x000000070a200000, 0x000000070a200000, 0x000000070a400000|  0%| F|  |TAMS 0x000000070a200000, 0x000000070a200000| Untracked 
|  67|0x000000070a400000, 0x000000070a400000, 0x000000070a600000|  0%| F|  |TAMS 0x000000070a400000, 0x000000070a400000| Untracked 
|  68|0x000000070a600000, 0x000000070a600000, 0x000000070a800000|  0%| F|  |TAMS 0x000000070a600000, 0x000000070a600000| Untracked 
|  69|0x000000070a800000, 0x000000070a800000, 0x000000070aa00000|  0%| F|  |TAMS 0x000000070a800000, 0x000000070a800000| Untracked 
|  70|0x000000070aa00000, 0x000000070aa00000, 0x000000070ac00000|  0%| F|  |TAMS 0x000000070aa00000, 0x000000070aa00000| Untracked 
|  71|0x000000070ac00000, 0x000000070ac00000, 0x000000070ae00000|  0%| F|  |TAMS 0x000000070ac00000, 0x000000070ac00000| Untracked 
|  72|0x000000070ae00000, 0x000000070ae00000, 0x000000070b000000|  0%| F|  |TAMS 0x000000070ae00000, 0x000000070ae00000| Untracked 
|  73|0x000000070b000000, 0x000000070b000000, 0x000000070b200000|  0%| F|  |TAMS 0x000000070b000000, 0x000000070b000000| Untracked 
|  74|0x000000070b200000, 0x000000070b200000, 0x000000070b400000|  0%| F|  |TAMS 0x000000070b200000, 0x000000070b200000| Untracked 
|  75|0x000000070b400000, 0x000000070b400000, 0x000000070b600000|  0%| F|  |TAMS 0x000000070b400000, 0x000000070b400000| Untracked 
|  76|0x000000070b600000, 0x000000070b600000, 0x000000070b800000|  0%| F|  |TAMS 0x000000070b600000, 0x000000070b600000| Untracked 
|  77|0x000000070b800000, 0x000000070b800000, 0x000000070ba00000|  0%| F|  |TAMS 0x000000070b800000, 0x000000070b800000| Untracked 
|  78|0x000000070ba00000, 0x000000070ba00000, 0x000000070bc00000|  0%| F|  |TAMS 0x000000070ba00000, 0x000000070ba00000| Untracked 
|  79|0x000000070bc00000, 0x000000070bc00000, 0x000000070be00000|  0%| F|  |TAMS 0x000000070bc00000, 0x000000070bc00000| Untracked 
|  80|0x000000070be00000, 0x000000070be00000, 0x000000070c000000|  0%| F|  |TAMS 0x000000070be00000, 0x000000070be00000| Untracked 
|  81|0x000000070c000000, 0x000000070c000000, 0x000000070c200000|  0%| F|  |TAMS 0x000000070c000000, 0x000000070c000000| Untracked 
|  82|0x000000070c200000, 0x000000070c200000, 0x000000070c400000|  0%| F|  |TAMS 0x000000070c200000, 0x000000070c200000| Untracked 
|  83|0x000000070c400000, 0x000000070c400000, 0x000000070c600000|  0%| F|  |TAMS 0x000000070c400000, 0x000000070c400000| Untracked 
|  84|0x000000070c600000, 0x000000070c600000, 0x000000070c800000|  0%| F|  |TAMS 0x000000070c600000, 0x000000070c600000| Untracked 
|  85|0x000000070c800000, 0x000000070c800000, 0x000000070ca00000|  0%| F|  |TAMS 0x000000070c800000, 0x000000070c800000| Untracked 
|  86|0x000000070ca00000, 0x000000070ca00000, 0x000000070cc00000|  0%| F|  |TAMS 0x000000070ca00000, 0x000000070ca00000| Untracked 
|  87|0x000000070cc00000, 0x000000070cc00000, 0x000000070ce00000|  0%| F|  |TAMS 0x000000070cc00000, 0x000000070cc00000| Untracked 
|  88|0x000000070ce00000, 0x000000070ce00000, 0x000000070d000000|  0%| F|  |TAMS 0x000000070ce00000, 0x000000070ce00000| Untracked 
|  89|0x000000070d000000, 0x000000070d000000, 0x000000070d200000|  0%| F|  |TAMS 0x000000070d000000, 0x000000070d000000| Untracked 
|  90|0x000000070d200000, 0x000000070d200000, 0x000000070d400000|  0%| F|  |TAMS 0x000000070d200000, 0x000000070d200000| Untracked 
|  91|0x000000070d400000, 0x000000070d400000, 0x000000070d600000|  0%| F|  |TAMS 0x000000070d400000, 0x000000070d400000| Untracked 
|  92|0x000000070d600000, 0x000000070d600000, 0x000000070d800000|  0%| F|  |TAMS 0x000000070d600000, 0x000000070d600000| Untracked 
|  93|0x000000070d800000, 0x000000070d800000, 0x000000070da00000|  0%| F|  |TAMS 0x000000070d800000, 0x000000070d800000| Untracked 
|  94|0x000000070da00000, 0x000000070da00000, 0x000000070dc00000|  0%| F|  |TAMS 0x000000070da00000, 0x000000070da00000| Untracked 
|  95|0x000000070dc00000, 0x000000070dc00000, 0x000000070de00000|  0%| F|  |TAMS 0x000000070dc00000, 0x000000070dc00000| Untracked 
|  96|0x000000070de00000, 0x000000070de00000, 0x000000070e000000|  0%| F|  |TAMS 0x000000070de00000, 0x000000070de00000| Untracked 
|  97|0x000000070e000000, 0x000000070e000000, 0x000000070e200000|  0%| F|  |TAMS 0x000000070e000000, 0x000000070e000000| Untracked 
|  98|0x000000070e200000, 0x000000070e200000, 0x000000070e400000|  0%| F|  |TAMS 0x000000070e200000, 0x000000070e200000| Untracked 
|  99|0x000000070e400000, 0x000000070e400000, 0x000000070e600000|  0%| F|  |TAMS 0x000000070e400000, 0x000000070e400000| Untracked 
| 100|0x000000070e600000, 0x000000070e600000, 0x000000070e800000|  0%| F|  |TAMS 0x000000070e600000, 0x000000070e600000| Untracked 
| 101|0x000000070e800000, 0x000000070e800000, 0x000000070ea00000|  0%| F|  |TAMS 0x000000070e800000, 0x000000070e800000| Untracked 
| 102|0x000000070ea00000, 0x000000070ea00000, 0x000000070ec00000|  0%| F|  |TAMS 0x000000070ea00000, 0x000000070ea00000| Untracked 
| 103|0x000000070ec00000, 0x000000070ec00000, 0x000000070ee00000|  0%| F|  |TAMS 0x000000070ec00000, 0x000000070ec00000| Untracked 
| 104|0x000000070ee00000, 0x000000070ee00000, 0x000000070f000000|  0%| F|  |TAMS 0x000000070ee00000, 0x000000070ee00000| Untracked 
| 105|0x000000070f000000, 0x000000070f000000, 0x000000070f200000|  0%| F|  |TAMS 0x000000070f000000, 0x000000070f000000| Untracked 
| 106|0x000000070f200000, 0x000000070f200000, 0x000000070f400000|  0%| F|  |TAMS 0x000000070f200000, 0x000000070f200000| Untracked 
| 107|0x000000070f400000, 0x000000070f400000, 0x000000070f600000|  0%| F|  |TAMS 0x000000070f400000, 0x000000070f400000| Untracked 
| 108|0x000000070f600000, 0x000000070f600000, 0x000000070f800000|  0%| F|  |TAMS 0x000000070f600000, 0x000000070f600000| Untracked 
| 109|0x000000070f800000, 0x000000070f800000, 0x000000070fa00000|  0%| F|  |TAMS 0x000000070f800000, 0x000000070f800000| Untracked 
| 110|0x000000070fa00000, 0x000000070fa00000, 0x000000070fc00000|  0%| F|  |TAMS 0x000000070fa00000, 0x000000070fa00000| Untracked 
| 111|0x000000070fc00000, 0x000000070fc00000, 0x000000070fe00000|  0%| F|  |TAMS 0x000000070fc00000, 0x000000070fc00000| Untracked 
| 112|0x000000070fe00000, 0x000000070fe00000, 0x0000000710000000|  0%| F|  |TAMS 0x000000070fe00000, 0x000000070fe00000| Untracked 
| 113|0x0000000710000000, 0x000000071008c140, 0x0000000710200000| 27%| E|  |TAMS 0x0000000710000000, 0x0000000710000000| Complete 
| 114|0x0000000710200000, 0x0000000710400000, 0x0000000710400000|100%| E|CS|TAMS 0x0000000710200000, 0x0000000710200000| Complete 
| 115|0x0000000710400000, 0x0000000710600000, 0x0000000710600000|100%| E|CS|TAMS 0x0000000710400000, 0x0000000710400000| Complete 
| 116|0x0000000710600000, 0x0000000710800000, 0x0000000710800000|100%| E|CS|TAMS 0x0000000710600000, 0x0000000710600000| Complete 
| 117|0x0000000710800000, 0x0000000710a00000, 0x0000000710a00000|100%| E|CS|TAMS 0x0000000710800000, 0x0000000710800000| Complete 
| 118|0x0000000710a00000, 0x0000000710c00000, 0x0000000710c00000|100%| E|CS|TAMS 0x0000000710a00000, 0x0000000710a00000| Complete 
| 119|0x0000000710c00000, 0x0000000710e00000, 0x0000000710e00000|100%| E|CS|TAMS 0x0000000710c00000, 0x0000000710c00000| Complete 
| 120|0x0000000710e00000, 0x0000000711000000, 0x0000000711000000|100%| E|CS|TAMS 0x0000000710e00000, 0x0000000710e00000| Complete 
| 121|0x0000000711000000, 0x0000000711200000, 0x0000000711200000|100%| E|CS|TAMS 0x0000000711000000, 0x0000000711000000| Complete 
| 122|0x0000000711200000, 0x0000000711356200, 0x0000000711400000| 66%| S|CS|TAMS 0x0000000711200000, 0x0000000711200000| Complete 
| 123|0x0000000711400000, 0x0000000711600000, 0x0000000711600000|100%| E|CS|TAMS 0x0000000711400000, 0x0000000711400000| Complete 
| 124|0x0000000711600000, 0x0000000711800000, 0x0000000711800000|100%| E|CS|TAMS 0x0000000711600000, 0x0000000711600000| Complete 
| 125|0x0000000711800000, 0x0000000711a00000, 0x0000000711a00000|100%| E|CS|TAMS 0x0000000711800000, 0x0000000711800000| Complete 
| 126|0x0000000711a00000, 0x0000000711c00000, 0x0000000711c00000|100%| E|CS|TAMS 0x0000000711a00000, 0x0000000711a00000| Complete 
| 127|0x0000000711c00000, 0x0000000711e00000, 0x0000000711e00000|100%| E|CS|TAMS 0x0000000711c00000, 0x0000000711c00000| Complete 

Card table byte_map: [0x000001db0f000000,0x000001db0f800000] _byte_map_base: 0x000001db0b7f1000

Marking Bits (Prev, Next): (CMBitMap*) 0x000001db77ba40e0, (CMBitMap*) 0x000001db77ba4120
 Prev Bits: [0x000001db10000000, 0x000001db13f88000)
 Next Bits: [0x000001db13f90000, 0x000001db17f18000)

Polling page: 0x000001db75a00000

Metaspace:

Usage:
  Non-class:      8.54 MB used.
      Class:    875.77 KB used.
       Both:      9.39 MB used.

Virtual space:
  Non-class space:       64.00 MB reserved,       8.62 MB ( 13%) committed,  1 nodes.
      Class space:        1.00 GB reserved,     960.00 KB ( <1%) committed,  1 nodes.
             Both:        1.06 GB reserved,       9.56 MB ( <1%) committed. 

Chunk freelists:
   Non-Class:  7.22 MB
       Class:  14.95 MB
        Both:  22.17 MB

MaxMetaspaceSize: unlimited
CompressedClassSpaceSize: 1.00 GB
Initial GC threshold: 21.00 MB
Current GC threshold: 21.00 MB
CDS: on
MetaspaceReclaimPolicy: balanced
 - commit_granule_bytes: 65536.
 - commit_granule_words: 8192.
 - virtual_space_node_default_size: 8388608.
 - enlarge_chunks_in_place: 1.
 - new_chunks_are_fully_committed: 0.
 - uncommit_free_chunks: 1.
 - use_allocation_guard: 0.
 - handle_deallocations: 1.


Internal statistics:

num_allocs_failed_limit: 0.
num_arena_births: 86.
num_arena_deaths: 0.
num_vsnodes_births: 2.
num_vsnodes_deaths: 0.
num_space_committed: 153.
num_space_uncommitted: 0.
num_chunks_returned_to_freelist: 0.
num_chunks_taken_from_freelist: 298.
num_chunk_merges: 0.
num_chunk_splits: 230.
num_chunks_enlarged: 194.
num_inconsistent_stats: 0.

CodeHeap 'non-profiled nmethods': size=120000Kb used=586Kb max_used=586Kb free=119413Kb
 bounds [0x000001db07ad0000, 0x000001db07d40000, 0x000001db0f000000]
CodeHeap 'profiled nmethods': size=120000Kb used=3605Kb max_used=3605Kb free=116394Kb
 bounds [0x000001db00000000, 0x000001db00390000, 0x000001db07530000]
CodeHeap 'non-nmethods': size=5760Kb used=1163Kb max_used=1172Kb free=4596Kb
 bounds [0x000001db07530000, 0x000001db077a0000, 0x000001db07ad0000]
 total_blobs=2036 nmethods=1578 adapters=371
 compilation: enabled
              stopped_count=0, restarted_count=0
 full_count=0

Compilation events (20 events):
Event: 0.820 Thread 0x000001db1a475b40 1147       3       org.aspectj.weaver.World::resolve (11 bytes)
Event: 0.820 Thread 0x000001db1a475b40 nmethod 1147 0x000001db00253990 code [0x000001db00253b60, 0x000001db00253ee8]
Event: 0.820 Thread 0x000001db1a475b40 1149       3       java.util.Vector::elementData (7 bytes)
Event: 0.820 Thread 0x000001db1a475b40 nmethod 1149 0x000001db00254010 code [0x000001db002541a0, 0x000001db002542d8]
Event: 0.821 Thread 0x000001db1a475b40 1150       3       org.aspectj.apache.bcel.classfile.LocalVariableTypeTable::<init> (67 bytes)
Event: 0.821 Thread 0x000001db1a475b40 nmethod 1150 0x000001db00254390 code [0x000001db00254580, 0x000001db00254b68]
Event: 0.824 Thread 0x000001db1a475b40 1151       1       org.aspectj.apache.bcel.classfile.JavaClass::getMethods (5 bytes)
Event: 0.824 Thread 0x000001db1a475b40 nmethod 1151 0x000001db07b45710 code [0x000001db07b458a0, 0x000001db07b45978]
Event: 0.824 Thread 0x000001db1a475b40 1152       1       org.aspectj.apache.bcel.generic.ClassGen::getClassName (5 bytes)
Event: 0.824 Thread 0x000001db1a475b40 nmethod 1152 0x000001db07b45a10 code [0x000001db07b45ba0, 0x000001db07b45c78]
Event: 0.824 Thread 0x000001db1a339de0 1153       4       org.aspectj.weaver.patterns.Pointcut::match (58 bytes)
Event: 0.825 Thread 0x000001db1a475b40 1155       3       java.lang.Character::isLetterOrDigit (5 bytes)
Event: 0.825 Thread 0x000001db1a475b40 nmethod 1155 0x000001db00254d90 code [0x000001db00254f60, 0x000001db00255278]
Event: 0.826 Thread 0x000001db1a339de0 nmethod 1153 0x000001db07b45d10 code [0x000001db07b45ea0, 0x000001db07b460b8]
Event: 0.826 Thread 0x000001db1a339de0 1154       4       java.util.ArrayList::add (25 bytes)
Event: 0.827 Thread 0x000001db1a475b40 1156       3       org.aspectj.weaver.Shadow::<init> (45 bytes)
Event: 0.827 Thread 0x000001db1a475b40 nmethod 1156 0x000001db00255390 code [0x000001db00255540, 0x000001db002558d8]
Event: 0.828 Thread 0x000001db1a475b40 1158       3       java.lang.invoke.MethodHandles$Lookup::lookupClassOrNull (17 bytes)
Event: 0.828 Thread 0x000001db1a475b40 nmethod 1158 0x000001db00255a10 code [0x000001db00255ba0, 0x000001db00255d38]
Event: 0.829 Thread 0x000001db1a475b40 1159       3       org.aspectj.apache.bcel.classfile.annotation.RuntimeAnnos::<init> (32 bytes)

GC Heap History (4 events):
Event: 0.460 GC heap before
{Heap before GC invocations=0 (full 0):
 garbage-first heap   total 262144K, used 10240K [0x0000000701e00000, 0x0000000800000000)
  region size 2048K, 6 young (12288K), 0 survivors (0K)
 Metaspace       used 3539K, committed 3648K, reserved 1114112K
  class space    used 329K, committed 384K, reserved 1048576K
}
Event: 0.462 GC heap after
{Heap after GC invocations=1 (full 0):
 garbage-first heap   total 262144K, used 3864K [0x0000000701e00000, 0x0000000800000000)
  region size 2048K, 1 young (2048K), 1 survivors (2048K)
 Metaspace       used 3539K, committed 3648K, reserved 1114112K
  class space    used 329K, committed 384K, reserved 1048576K
}
Event: 0.673 GC heap before
{Heap before GC invocations=1 (full 0):
 garbage-first heap   total 262144K, used 12056K [0x0000000701e00000, 0x0000000800000000)
  region size 2048K, 6 young (12288K), 1 survivors (2048K)
 Metaspace       used 5908K, committed 6016K, reserved 1114112K
  class space    used 540K, committed 576K, reserved 1048576K
}
Event: 0.675 GC heap after
{Heap after GC invocations=2 (full 0):
 garbage-first heap   total 262144K, used 5246K [0x0000000701e00000, 0x0000000800000000)
  region size 2048K, 1 young (2048K), 1 survivors (2048K)
 Metaspace       used 5908K, committed 6016K, reserved 1114112K
  class space    used 540K, committed 576K, reserved 1048576K
}

Dll operation events (10 events):
Event: 0.010 Loaded shared library C:\Users\o_klochenko\.jdks\corretto-17.0.12\bin\java.dll
Event: 0.031 Loaded shared library C:\Users\o_klochenko\.jdks\corretto-17.0.12\bin\jsvml.dll
Event: 0.149 Loaded shared library C:\Users\o_klochenko\.jdks\corretto-17.0.12\bin\zip.dll
Event: 0.151 Loaded shared library C:\Users\o_klochenko\.jdks\corretto-17.0.12\bin\instrument.dll
Event: 0.156 Loaded shared library C:\Users\o_klochenko\.jdks\corretto-17.0.12\bin\net.dll
Event: 0.158 Loaded shared library C:\Users\o_klochenko\.jdks\corretto-17.0.12\bin\nio.dll
Event: 0.161 Loaded shared library C:\Users\o_klochenko\.jdks\corretto-17.0.12\bin\zip.dll
Event: 0.234 Loaded shared library C:\Users\o_klochenko\.jdks\corretto-17.0.12\bin\jimage.dll
Event: 0.638 Loaded shared library C:\Program Files\JetBrains\IntelliJ IDEA Community Edition 2024.1\bin\breakgen64.dll
Event: 0.712 Loaded shared library C:\Users\o_klochenko\.jdks\corretto-17.0.12\bin\extnet.dll

Deoptimization events (20 events):
Event: 0.583 Thread 0x000001db77b39860 DEOPT PACKING pc=0x000001db000e5cbb sp=0x0000005b23afbeb0
Event: 0.583 Thread 0x000001db77b39860 DEOPT UNPACKING pc=0x000001db07587143 sp=0x0000005b23afb310 mode 0
Event: 0.693 Thread 0x000001db77b39860 DEOPT PACKING pc=0x000001db000542f4 sp=0x0000005b23af7e20
Event: 0.693 Thread 0x000001db77b39860 DEOPT UNPACKING pc=0x000001db07587143 sp=0x0000005b23af72e0 mode 0
Event: 0.695 Thread 0x000001db77b39860 Uncommon trap: trap_request=0xffffff45 fr.pc=0x000001db07b06750 relative=0x0000000000001030
Event: 0.695 Thread 0x000001db77b39860 Uncommon trap: reason=unstable_if action=reinterpret pc=0x000001db07b06750 method=java.util.jar.JarFile.getVersionedEntry(Ljava/lang/String;Ljava/util/jar/JarEntry;)Ljava/util/jar/JarEntry; @ 26 c2
Event: 0.695 Thread 0x000001db77b39860 DEOPT PACKING pc=0x000001db07b06750 sp=0x0000005b23af8100
Event: 0.695 Thread 0x000001db77b39860 DEOPT UNPACKING pc=0x000001db075869a3 sp=0x0000005b23af8070 mode 2
Event: 0.741 Thread 0x000001db77b39860 DEOPT PACKING pc=0x000001db001d1724 sp=0x0000005b23afabe0
Event: 0.741 Thread 0x000001db77b39860 DEOPT UNPACKING pc=0x000001db07587143 sp=0x0000005b23afa0e0 mode 0
Event: 0.741 Thread 0x000001db77b39860 DEOPT PACKING pc=0x000001db001931f4 sp=0x0000005b23afac90
Event: 0.741 Thread 0x000001db77b39860 DEOPT UNPACKING pc=0x000001db07587143 sp=0x0000005b23afa198 mode 0
Event: 0.782 Thread 0x000001db77b39860 Uncommon trap: trap_request=0xffffffde fr.pc=0x000001db07b24634 relative=0x0000000000001cb4
Event: 0.782 Thread 0x000001db77b39860 Uncommon trap: reason=class_check action=maybe_recompile pc=0x000001db07b24634 method=java.io.BufferedInputStream.read([BII)I @ 101 c2
Event: 0.782 Thread 0x000001db77b39860 DEOPT PACKING pc=0x000001db07b24634 sp=0x0000005b23afb740
Event: 0.782 Thread 0x000001db77b39860 DEOPT UNPACKING pc=0x000001db075869a3 sp=0x0000005b23afb5f0 mode 2
Event: 0.801 Thread 0x000001db77b39860 Uncommon trap: trap_request=0xffffff45 fr.pc=0x000001db07b27430 relative=0x0000000000000b50
Event: 0.801 Thread 0x000001db77b39860 Uncommon trap: reason=unstable_if action=reinterpret pc=0x000001db07b27430 method=org.aspectj.apache.bcel.classfile.Constant.readConstant(Ljava/io/DataInputStream;)Lorg/aspectj/apache/bcel/classfile/Constant; @ 6 c2
Event: 0.801 Thread 0x000001db77b39860 DEOPT PACKING pc=0x000001db07b27430 sp=0x0000005b23afb720
Event: 0.801 Thread 0x000001db77b39860 DEOPT UNPACKING pc=0x000001db075869a3 sp=0x0000005b23afb6e0 mode 2

Classes loaded (20 events):
Event: 0.748 Loading class java/io/ObjectStreamConstants done
Event: 0.748 Loading class java/io/ObjectOutputStream done
Event: 0.748 Loading class java/io/ObjectInputStream
Event: 0.748 Loading class java/io/ObjectInput
Event: 0.748 Loading class java/io/ObjectInput done
Event: 0.749 Loading class java/io/ObjectInputStream done
Event: 0.750 Loading class java/io/ClassCache$CacheRef
Event: 0.750 Loading class java/io/ClassCache$CacheRef done
Event: 0.750 Loading class java/io/ObjectStreamClass$FieldReflectorKey
Event: 0.751 Loading class java/io/ObjectStreamClass$FieldReflectorKey done
Event: 0.751 Loading class java/io/ObjectStreamClass$FieldReflector
Event: 0.751 Loading class java/io/ObjectStreamClass$FieldReflector done
Event: 0.821 Loading class jdk/internal/loader/URLClassPath$FileLoader$1
Event: 0.822 Loading class jdk/internal/loader/URLClassPath$FileLoader$1 done
Event: 0.823 Loading class sun/net/ProgressMonitor
Event: 0.823 Loading class sun/net/ProgressMonitor done
Event: 0.823 Loading class sun/net/DefaultProgressMeteringPolicy
Event: 0.823 Loading class sun/net/ProgressMeteringPolicy
Event: 0.823 Loading class sun/net/ProgressMeteringPolicy done
Event: 0.823 Loading class sun/net/DefaultProgressMeteringPolicy done

Classes unloaded (0 events):
No events

Classes redefined (0 events):
No events

Internal exceptions (20 events):
Event: 0.562 Thread 0x000001db77b39860 Exception <a 'java/lang/ArrayIndexOutOfBoundsException'{0x00000007118b2d48}: Index 7 out of bounds for length 7> (0x00000007118b2d48) 
thrown [s\src\hotspot\share\interpreter\interpreterRuntime.cpp, line 428]
Event: 0.562 Thread 0x000001db77b39860 Exception <a 'java/lang/ArrayIndexOutOfBoundsException'{0x00000007118b3310}: Index 7 out of bounds for length 7> (0x00000007118b3310) 
thrown [s\src\hotspot\share\interpreter\interpreterRuntime.cpp, line 428]
Event: 0.562 Thread 0x000001db77b39860 Exception <a 'java/lang/ArrayIndexOutOfBoundsException'{0x00000007118b38d8}: Index 7 out of bounds for length 7> (0x00000007118b38d8) 
thrown [s\src\hotspot\share\interpreter\interpreterRuntime.cpp, line 428]
Event: 0.562 Thread 0x000001db77b39860 Exception <a 'java/lang/ArrayIndexOutOfBoundsException'{0x00000007118b6f90}: Index 7 out of bounds for length 7> (0x00000007118b6f90) 
thrown [s\src\hotspot\share\interpreter\interpreterRuntime.cpp, line 428]
Event: 0.562 Thread 0x000001db77b39860 Exception <a 'java/lang/ArrayIndexOutOfBoundsException'{0x00000007118b7558}: Index 7 out of bounds for length 7> (0x00000007118b7558) 
thrown [s\src\hotspot\share\interpreter\interpreterRuntime.cpp, line 428]
Event: 0.562 Thread 0x000001db77b39860 Exception <a 'java/lang/ArrayIndexOutOfBoundsException'{0x00000007118b7b20}: Index 7 out of bounds for length 7> (0x00000007118b7b20) 
thrown [s\src\hotspot\share\interpreter\interpreterRuntime.cpp, line 428]
Event: 0.567 Thread 0x000001db77b39860 Exception <a 'java/lang/ArrayIndexOutOfBoundsException'{0x00000007118eac28}: Index 11 out of bounds for length 11> (0x00000007118eac28) 
thrown [s\src\hotspot\share\interpreter\interpreterRuntime.cpp, line 428]
Event: 0.567 Thread 0x000001db77b39860 Exception <a 'java/lang/ArrayIndexOutOfBoundsException'{0x00000007118eb1f0}: Index 11 out of bounds for length 11> (0x00000007118eb1f0) 
thrown [s\src\hotspot\share\interpreter\interpreterRuntime.cpp, line 428]
Event: 0.567 Thread 0x000001db77b39860 Exception <a 'java/lang/ArrayIndexOutOfBoundsException'{0x00000007118eb7b8}: Index 11 out of bounds for length 11> (0x00000007118eb7b8) 
thrown [s\src\hotspot\share\interpreter\interpreterRuntime.cpp, line 428]
Event: 0.568 Thread 0x000001db77b39860 Exception <a 'java/lang/ArrayIndexOutOfBoundsException'{0x00000007118ecc20}: Index 9 out of bounds for length 9> (0x00000007118ecc20) 
thrown [s\src\hotspot\share\interpreter\interpreterRuntime.cpp, line 428]
Event: 0.568 Thread 0x000001db77b39860 Exception <a 'java/lang/ArrayIndexOutOfBoundsException'{0x00000007118ed1e8}: Index 9 out of bounds for length 9> (0x00000007118ed1e8) 
thrown [s\src\hotspot\share\interpreter\interpreterRuntime.cpp, line 428]
Event: 0.568 Thread 0x000001db77b39860 Exception <a 'java/lang/ArrayIndexOutOfBoundsException'{0x00000007118ed7b0}: Index 9 out of bounds for length 9> (0x00000007118ed7b0) 
thrown [s\src\hotspot\share\interpreter\interpreterRuntime.cpp, line 428]
Event: 0.568 Thread 0x000001db77b39860 Exception <a 'java/lang/ArrayIndexOutOfBoundsException'{0x00000007118f2a50}: Index 7 out of bounds for length 7> (0x00000007118f2a50) 
thrown [s\src\hotspot\share\interpreter\interpreterRuntime.cpp, line 428]
Event: 0.568 Thread 0x000001db77b39860 Exception <a 'java/lang/ArrayIndexOutOfBoundsException'{0x00000007118f3018}: Index 7 out of bounds for length 7> (0x00000007118f3018) 
thrown [s\src\hotspot\share\interpreter\interpreterRuntime.cpp, line 428]
Event: 0.568 Thread 0x000001db77b39860 Exception <a 'java/lang/ArrayIndexOutOfBoundsException'{0x00000007118f35e0}: Index 7 out of bounds for length 7> (0x00000007118f35e0) 
thrown [s\src\hotspot\share\interpreter\interpreterRuntime.cpp, line 428]
Event: 0.691 Thread 0x000001db60774c90 Exception <a 'java/lang/NoSuchMethodError'{0x0000000711c3d5f0}: 'java.lang.Object java.lang.invoke.DirectMethodHandle$Holder.invokeStaticInit(java.lang.Object)'> (0x0000000711c3d5f0) 
thrown [s\src\hotspot\share\interpreter\linkResolver.cpp, line 759]
Event: 0.717 Thread 0x000001db77b39860 Exception <a 'java/lang/NoSuchMethodError'{0x0000000711a557a8}: 'java.lang.Object java.lang.invoke.DirectMethodHandle$Holder.invokeStaticInit(java.lang.Object, int)'> (0x0000000711a557a8) 
thrown [s\src\hotspot\share\interpreter\linkResolver.cpp, line 759]
Event: 0.718 Thread 0x000001db60774c90 Exception <a 'java/lang/NoSuchMethodError'{0x0000000711db1f78}: 'void java.lang.invoke.DirectMethodHandle$Holder.invokeStatic(java.lang.Object, java.lang.Object)'> (0x0000000711db1f78) 
thrown [s\src\hotspot\share\interpreter\linkResolver.cpp, line 759]
Event: 0.751 Thread 0x000001db77b39860 Exception <a 'java/lang/NoSuchMethodError'{0x0000000711b9b460}: 'java.lang.Object java.lang.invoke.DirectMethodHandle$Holder.invokeInterface(java.lang.Object, java.lang.Object)'> (0x0000000711b9b460) 
thrown [s\src\hotspot\share\interpreter\linkResolver.cpp, line 759]
Event: 0.813 Thread 0x000001db77b39860 Exception <a 'java/lang/NoSuchMethodError'{0x00000007116c2328}: 'void java.lang.invoke.DirectMethodHandle$Holder.invokeStatic(java.lang.Object, java.lang.Object, java.lang.Object)'> (0x00000007116c2328) 
thrown [s\src\hotspot\share\interpreter\linkResolver.cpp, line 759]

VM Operations (20 events):
Event: 0.287 Executing VM operation: HandshakeAllThreads
Event: 0.287 Executing VM operation: HandshakeAllThreads done
Event: 0.459 Executing VM operation: G1CollectForAllocation
Event: 0.462 Executing VM operation: G1CollectForAllocation done
Event: 0.496 Executing VM operation: HandshakeAllThreads
Event: 0.496 Executing VM operation: HandshakeAllThreads done
Event: 0.496 Executing VM operation: HandshakeAllThreads
Event: 0.496 Executing VM operation: HandshakeAllThreads done
Event: 0.581 Executing VM operation: HandshakeAllThreads
Event: 0.581 Executing VM operation: HandshakeAllThreads done
Event: 0.672 Executing VM operation: G1CollectForAllocation
Event: 0.675 Executing VM operation: G1CollectForAllocation done
Event: 0.682 Executing VM operation: HandshakeAllThreads
Event: 0.682 Executing VM operation: HandshakeAllThreads done
Event: 0.735 Executing VM operation: HandshakeAllThreads
Event: 0.735 Executing VM operation: HandshakeAllThreads done
Event: 0.737 Executing VM operation: HandshakeAllThreads
Event: 0.737 Executing VM operation: HandshakeAllThreads done
Event: 0.741 Executing VM operation: HandshakeAllThreads
Event: 0.741 Executing VM operation: HandshakeAllThreads done

Events (14 events):
Event: 0.031 Thread 0x000001db77b39860 Thread added: 0x000001db77b39860
Event: 0.036 Thread 0x000001db1a31baf0 Thread added: 0x000001db1a31baf0
Event: 0.037 Thread 0x000001db1a31d820 Thread added: 0x000001db1a31d820
Event: 0.052 Thread 0x000001db1a3351a0 Thread added: 0x000001db1a3351a0
Event: 0.052 Thread 0x000001db1a335d60 Thread added: 0x000001db1a335d60
Event: 0.052 Thread 0x000001db1a338730 Thread added: 0x000001db1a338730
Event: 0.052 Thread 0x000001db1a3390f0 Thread added: 0x000001db1a3390f0
Event: 0.052 Thread 0x000001db1a339de0 Thread added: 0x000001db1a339de0
Event: 0.052 Thread 0x000001db1a475b40 Thread added: 0x000001db1a475b40
Event: 0.052 Thread 0x000001db1a486d00 Thread added: 0x000001db1a486d00
Event: 0.128 Thread 0x000001db1a301b70 Thread added: 0x000001db1a301b70
Event: 0.209 Thread 0x000001db1a66c580 Thread added: 0x000001db1a66c580
Event: 0.639 Thread 0x000001db60774c90 Thread added: 0x000001db60774c90
Event: 0.639 Thread 0x000001db6071c970 Thread added: 0x000001db6071c970


Dynamic libraries:
0x00007ff7b2e20000 - 0x00007ff7b2e2e000 	C:\Users\o_klochenko\.jdks\corretto-17.0.12\bin\java.exe
0x00007ffba6a70000 - 0x00007ffba6c68000 	C:\Windows\SYSTEM32\ntdll.dll
0x00007ffba6880000 - 0x00007ffba6942000 	C:\Windows\System32\KERNEL32.DLL
0x00007ffba44e0000 - 0x00007ffba47d6000 	C:\Windows\System32\KERNELBASE.dll
0x00007ffba42a0000 - 0x00007ffba43a0000 	C:\Windows\System32\ucrtbase.dll
0x00007ffb9cfa0000 - 0x00007ffb9cfbb000 	C:\Users\o_klochenko\.jdks\corretto-17.0.12\bin\VCRUNTIME140.dll
0x00007ffb99db0000 - 0x00007ffb99dc7000 	C:\Users\o_klochenko\.jdks\corretto-17.0.12\bin\jli.dll
0x00007ffba4d20000 - 0x00007ffba4ebd000 	C:\Windows\System32\USER32.dll
0x00007ffba4110000 - 0x00007ffba4132000 	C:\Windows\System32\win32u.dll
0x00007ffba62f0000 - 0x00007ffba631b000 	C:\Windows\System32\GDI32.dll
0x00007ffb99a40000 - 0x00007ffb99cda000 	C:\Windows\WinSxS\amd64_microsoft.windows.common-controls_6595b64144ccf1df_6.0.19041.5794_none_60bcd33171f2783c\COMCTL32.dll
0x00007ffba4980000 - 0x00007ffba4a9a000 	C:\Windows\System32\gdi32full.dll
0x00007ffba4b50000 - 0x00007ffba4bee000 	C:\Windows\System32\msvcrt.dll
0x00007ffba47e0000 - 0x00007ffba487d000 	C:\Windows\System32\msvcp_win.dll
0x00007ffba5010000 - 0x00007ffba503f000 	C:\Windows\System32\IMM32.DLL
0x00007ffb99da0000 - 0x00007ffb99dac000 	C:\Users\o_klochenko\.jdks\corretto-17.0.12\bin\vcruntime140_1.dll
0x00007ffb825e0000 - 0x00007ffb8266d000 	C:\Users\o_klochenko\.jdks\corretto-17.0.12\bin\msvcp140.dll
0x00007ffb4d0a0000 - 0x00007ffb4dd0a000 	C:\Users\o_klochenko\.jdks\corretto-17.0.12\bin\server\jvm.dll
0x00007ffba4ec0000 - 0x00007ffba4f6f000 	C:\Windows\System32\ADVAPI32.dll
0x00007ffba4f70000 - 0x00007ffba500f000 	C:\Windows\System32\sechost.dll
0x00007ffba6680000 - 0x00007ffba67a3000 	C:\Windows\System32\RPCRT4.dll
0x00007ffba44b0000 - 0x00007ffba44d7000 	C:\Windows\System32\bcrypt.dll
0x00007ffba6810000 - 0x00007ffba687b000 	C:\Windows\System32\WS2_32.dll
0x00007ffba3f70000 - 0x00007ffba3fbb000 	C:\Windows\SYSTEM32\POWRPROF.dll
0x00007ffb97bc0000 - 0x00007ffb97be7000 	C:\Windows\SYSTEM32\WINMM.dll
0x00007ffb9b260000 - 0x00007ffb9b26a000 	C:\Windows\SYSTEM32\VERSION.dll
0x00007ffba3f50000 - 0x00007ffba3f62000 	C:\Windows\SYSTEM32\UMPDC.dll
0x00007ffba2990000 - 0x00007ffba29a2000 	C:\Windows\SYSTEM32\kernel.appcore.dll
0x00007ffb99d90000 - 0x00007ffb99d9a000 	C:\Users\o_klochenko\.jdks\corretto-17.0.12\bin\jimage.dll
0x00007ffb979b0000 - 0x00007ffb97bb1000 	C:\Windows\SYSTEM32\DBGHELP.DLL
0x00007ffb97430000 - 0x00007ffb97464000 	C:\Windows\SYSTEM32\dbgcore.DLL
0x00007ffba4420000 - 0x00007ffba44a2000 	C:\Windows\System32\bcryptPrimitives.dll
0x00007ffb826a0000 - 0x00007ffb826ae000 	C:\Users\o_klochenko\.jdks\corretto-17.0.12\bin\instrument.dll
0x00007ffb94f80000 - 0x00007ffb94fa5000 	C:\Users\o_klochenko\.jdks\corretto-17.0.12\bin\java.dll
0x00007ffb6cc50000 - 0x00007ffb6cd27000 	C:\Users\o_klochenko\.jdks\corretto-17.0.12\bin\jsvml.dll
0x00007ffba5b80000 - 0x00007ffba62ee000 	C:\Windows\System32\SHELL32.dll
0x00007ffba1f80000 - 0x00007ffba2723000 	C:\Windows\SYSTEM32\windows.storage.dll
0x00007ffba6320000 - 0x00007ffba6673000 	C:\Windows\System32\combase.dll
0x00007ffba3a70000 - 0x00007ffba3a9b000 	C:\Windows\SYSTEM32\Wldp.dll
0x00007ffba5510000 - 0x00007ffba55dd000 	C:\Windows\System32\OLEAUT32.dll
0x00007ffba4aa0000 - 0x00007ffba4b4d000 	C:\Windows\System32\SHCORE.dll
0x00007ffba5490000 - 0x00007ffba54e5000 	C:\Windows\System32\shlwapi.dll
0x00007ffba4040000 - 0x00007ffba4065000 	C:\Windows\SYSTEM32\profapi.dll
0x00007ffb826b0000 - 0x00007ffb826c8000 	C:\Users\o_klochenko\.jdks\corretto-17.0.12\bin\zip.dll
0x00007ffb993d0000 - 0x00007ffb993e9000 	C:\Users\o_klochenko\.jdks\corretto-17.0.12\bin\net.dll
0x00007ffb9e7b0000 - 0x00007ffb9e8ba000 	C:\Windows\SYSTEM32\WINHTTP.dll
0x00007ffba37d0000 - 0x00007ffba383c000 	C:\Windows\system32\mswsock.dll
0x00007ffb94d40000 - 0x00007ffb94d56000 	C:\Users\o_klochenko\.jdks\corretto-17.0.12\bin\nio.dll
0x00007ffb825c0000 - 0x00007ffb825da000 	C:\Program Files\JetBrains\IntelliJ IDEA Community Edition 2024.1\bin\breakgen64.dll
0x00007ffb823a0000 - 0x00007ffb823a9000 	C:\Users\o_klochenko\.jdks\corretto-17.0.12\bin\extnet.dll

dbghelp: loaded successfully - version: 4.0.5 - missing functions: none
symbol engine: initialized successfully - sym options: 0x614 - pdb path: .;C:\Users\o_klochenko\.jdks\corretto-17.0.12\bin;C:\Windows\SYSTEM32;C:\Windows\WinSxS\amd64_microsoft.windows.common-controls_6595b64144ccf1df_6.0.19041.5794_none_60bcd33171f2783c;C:\Users\o_klochenko\.jdks\corretto-17.0.12\bin\server;C:\Program Files\JetBrains\IntelliJ IDEA Community Edition 2024.1\bin

VM Arguments:
jvm_args: -ea -javaagent:C:\Users\o_klochenko\.m2\repository/org/aspectj/aspectjweaver/1.9.5/aspectjweaver-1.9.5.jar -Didea.test.cyclic.buffer.size=1048576 -javaagent:C:\Program Files\JetBrains\IntelliJ IDEA Community Edition 2024.1\lib\idea_rt.jar=62508:C:\Program Files\JetBrains\IntelliJ IDEA Community Edition 2024.1\bin -Dfile.encoding=UTF-8 
java_command: com.intellij.rt.junit.JUnitStarter -ideVersion5 -junit5 OrderFlow.LicenseOrderFlowTest
java_class_path (initial): C:\Users\o_klochenko\.m2\repository\org\junit\vintage\junit-vintage-engine\5.13.1\junit-vintage-engine-5.13.1.jar;C:\Program Files\JetBrains\IntelliJ IDEA Community Edition 2024.1\lib\idea_rt.jar;C:\Program Files\JetBrains\IntelliJ IDEA Community Edition 2024.1\plugins\junit\lib\junit5-rt.jar;C:\Program Files\JetBrains\IntelliJ IDEA Community Edition 2024.1\plugins\junit\lib\junit-rt.jar;C:\Users\o_klochenko\Documents\test\Selenium\KlochenkoProject\OlsAutoTest2025\target\test-classes;C:\Users\o_klochenko\Documents\test\Selenium\KlochenkoProject\OlsAutoTest2025\target\classes;C:\Users\o_klochenko\.m2\repository\org\junit\jupiter\junit-jupiter-engine\5.13.1\junit-jupiter-engine-5.13.1.jar;C:\Users\o_klochenko\.m2\repository\org\junit\platform\junit-platform-engine\1.13.1\junit-platform-engine-1.13.1.jar;C:\Users\o_klochenko\.m2\repository\org\apiguardian\apiguardian-api\1.1.2\apiguardian-api-1.1.2.jar;C:\Users\o_klochenko\.m2\repository\org\junit\jupiter\junit-jupiter-api\5.13.1\junit-jupiter-api-5.13.1.jar;C:\Users\o_klochenko\.m2\repository\org\opentest4j\opentest4j\1.3.0\opentest4j-1.3.0.jar;C:\Users\o_klochenko\.m2\repository\org\junit\platform\junit-platform-commons\1.13.1\junit-platform-commons-1.13.1.jar;C:\Users\o_klochenko\.m2\repository\org\junit\platform\junit-platform-runner\1.13.1\junit-platform-runner-1.13.1.jar;C:\Users\o_klochenko\.m2\repository\junit\junit\4.13.2\junit-4.13.2.jar;C:\Users\o_klochenko\.m2\repository\org\hamcrest\hamcrest-core\1.3\hamcrest-core-1.3.jar;C:\Users\o_klochenko\.m2\repository\org\junit\platform\junit-platform-launcher\1.13.1\junit-platform-launcher-1.13.1.jar;C:\Users\o_klochenko\.m2\repository\org\junit\platform\junit-platform-suite-api\1.13.1\junit-platform-suite-api-1.13.1.jar;C:\Users\o_klochenko\.m2\repository\org\junit\platform\junit-platform-suite-commons\1.13.1\junit-platform-suite-commons-1.13.1.jar;C:\Users\o_klochenko\.m2\repository\org\seleniumhq\selenium\selenium-java\4.34.0\selenium
Launcher Type: SUN_STANDARD

[Global flags]
     intx CICompilerCount                          = 3                                         {product} {ergonomic}
     uint ConcGCThreads                            = 1                                         {product} {ergonomic}
     uint G1ConcRefinementThreads                  = 4                                         {product} {ergonomic}
   size_t G1HeapRegionSize                         = 2097152                                   {product} {ergonomic}
    uintx GCDrainStackTargetSize                   = 64                                        {product} {ergonomic}
   size_t InitialHeapSize                          = 268435456                                 {product} {ergonomic}
   size_t MarkStackSize                            = 4194304                                   {product} {ergonomic}
   size_t MaxHeapSize                              = 4263510016                                {product} {ergonomic}
   size_t MaxNewSize                               = 2556428288                                {product} {ergonomic}
   size_t MinHeapDeltaBytes                        = 2097152                                   {product} {ergonomic}
   size_t MinHeapSize                              = 8388608                                   {product} {ergonomic}
    uintx NonNMethodCodeHeapSize                   = 5832780                                {pd product} {ergonomic}
    uintx NonProfiledCodeHeapSize                  = 122912730                              {pd product} {ergonomic}
    uintx ProfiledCodeHeapSize                     = 122912730                              {pd product} {ergonomic}
    uintx ReservedCodeCacheSize                    = 251658240                              {pd product} {ergonomic}
     bool SegmentedCodeCache                       = true                                      {product} {ergonomic}
   size_t SoftMaxHeapSize                          = 4263510016                             {manageable} {ergonomic}
     bool UseCompressedClassPointers               = true                           {product lp64_product} {ergonomic}
     bool UseCompressedOops                        = true                           {product lp64_product} {ergonomic}
     bool UseG1GC                                  = true                                      {product} {ergonomic}
     bool UseLargePagesIndividualAllocation        = false                                  {pd product} {ergonomic}

Logging:
Log output configuration:
 #0: stdout all=warning uptime,level,tags
 #1: stderr all=off uptime,level,tags

Environment Variables:
PATH=C:\Program Files\OpenLogic\jdk-11.0.24.8-hotspot\bin;C:\Program Files\Common Files\Oracle\Java\javapath;C:\Program Files (x86)\Common Files\Oracle\Java\javapath;C:\Windows\system32;C:\Windows;C:\Windows\System32\Wbem;C:\Windows\System32\WindowsPowerShell\v1.0\;C:\Windows\System32\OpenSSH\;C:\Program Files\Microsoft SQL Server\Client SDK\ODBC\170\Tools\Binn\;C:\Program Files (x86)\Microsoft SQL Server\150\Tools\Binn\;C:\Program Files\Microsoft SQL Server\150\Tools\Binn\;C:\Program Files\Microsoft SQL Server\150\DTS\Binn\;C:\Program Files (x86)\Microsoft SQL Server\150\DTS\Binn\;C:\Program Files\Azure Data Studio\bin;C:\Program Files (x86)\WinMerge;C:\Program Files\dotnet\;C:\Program Files\TortoiseSVN\bin;C:\Program Files\Git\cmd;C:\Users\o_klochenko\AppData\Local\Microsoft\WindowsApps;C:\Users\o_klochenko\AppData\Local\Programs\Fiddler;C:\Users\o_klochenko\.dotnet\tools;C:\CustomTools\allure-2.34.1\allure-2.34.1\bin;
USERNAME=o_klochenko
OS=Windows_NT
PROCESSOR_IDENTIFIER=Intel64 Family 6 Model 58 Stepping 9, GenuineIntel
TMP=C:\Users\O_KLOC~1\AppData\Local\Temp
TEMP=C:\Users\O_KLOC~1\AppData\Local\Temp



Periodic native trim disabled


---------------  S Y S T E M  ---------------

OS:
 Windows 10 , 64 bit Build 19041 (10.0.19041.5794)
OS uptime: 5 days 0:43 hours

CPU: total 4 (initial active 4) (4 cores per cpu, 1 threads per core) family 6 model 58 stepping 9 microcode 0x21, cx8, cmov, fxsr, mmx, sse, sse2, sse3, ssse3, sse4.1, sse4.2, popcnt, tsc, tscinvbit, avx, aes, erms, clmul, vzeroupper, clflush
Processor Information for all 4 processors :
  Max Mhz: 3201, Current Mhz: 3201, Mhz Limit: 3201

Memory: 4k page, system-wide physical 16258M (2229M free)
TotalPageFile size 22402M (AvailPageFile size 54M)
current process WorkingSet (physical memory assigned to process): 120M, peak: 120M
current process commit charge ("private bytes"): 386M, peak: 386M

vm_info: OpenJDK 64-Bit Server VM (17.0.12+7-LTS) for windows-amd64 JRE (17.0.12+7-LTS), built on Jul 10 2024 20:46:33 by "Administrator" with MS VC++ 16.10 / 16.11 (VS2019)

END.
