#
# There is insufficient memory for the Java Runtime Environment to continue.
# Native memory allocation (mmap) failed to map 54525952 bytes. Error detail: G1 virtual space
# Possible reasons:
#   The system is out of physical RAM or swap space
#   This process is running with CompressedOops enabled, and the Java Heap may be blocking the growth of the native heap
# Possible solutions:
#   Reduce memory load on the system
#   Increase physical memory or swap space
#   Check if swap backing store is full
#   Decrease Java heap size (-Xmx/-Xms)
#   Decrease number of Java threads
#   Decrease Java thread stack sizes (-Xss)
#   Set larger code cache with -XX:ReservedCodeCacheSize=
#   JVM is running with Zero Based Compressed Oops mode in which the Java heap is
#     placed in the first 32GB address space. The Java Heap base address is the
#     maximum limit for the native heap growth. Please use -XX:HeapBaseMinAddress
#     to set the Java Heap base and to place the Java Heap above 32GB virtual address.
# This output file may be truncated or incomplete.
#
#  Out of Memory Error (os_windows.cpp:3613), pid=10584, tid=20456
#
# JRE version: OpenJDK Runtime Environment Corretto-17.0.12.7.1 (17.0.12+7) (build 17.0.12+7-LTS)
# Java VM: OpenJDK 64-Bit Server VM Corretto-17.0.12.7.1 (17.0.12+7-LTS, mixed mode, sharing, tiered, compressed oops, compressed class ptrs, g1 gc, windows-amd64)
# No core dump will be written. Minidumps are not enabled by default on client versions of Windows
#

---------------  S U M M A R Y ------------

Command Line: -ea -javaagent:C:\Users\o_klochenko\.m2\repository/org/aspectj/aspectjweaver/1.9.5/aspectjweaver-1.9.5.jar -Didea.test.cyclic.buffer.size=1048576 -javaagent:C:\Program Files\JetBrains\IntelliJ IDEA Community Edition 2024.1\lib\idea_rt.jar=62519:C:\Program Files\JetBrains\IntelliJ IDEA Community Edition 2024.1\bin -Dfile.encoding=UTF-8 com.intellij.rt.junit.JUnitStarter -ideVersion5 -junit5 OrderFlowTests.LicenseOrderFlowTest

Host: Intel(R) Core(TM) i5-3470 CPU @ 3.20GHz, 4 cores, 15G,  Windows 10 , 64 bit Build 19041 (10.0.19041.5794)
Time: Mon Jul 28 13:01:47 2025  Windows 10 , 64 bit Build 19041 (10.0.19041.5794) elapsed time: 3.576120 seconds (0d 0h 0m 3s)

---------------  T H R E A D  ---------------

Current thread (0x00000135b6229c50):  VMThread "VM Thread" [stack: 0x00000026b6800000,0x00000026b6900000] [id=20456]

Stack: [0x00000026b6800000,0x00000026b6900000]
Native frames: (J=compiled Java code, j=interpreted, Vv=VM code, C=native code)
V  [jvm.dll+0x67f4f9]
V  [jvm.dll+0x836eaa]
V  [jvm.dll+0x83896e]
V  [jvm.dll+0x838fd3]
V  [jvm.dll+0x247f6f]
V  [jvm.dll+0x67c2b9]
V  [jvm.dll+0x670d7a]
V  [jvm.dll+0x307b5b]
V  [jvm.dll+0x30f046]
V  [jvm.dll+0x35f22e]
V  [jvm.dll+0x35f46f]
V  [jvm.dll+0x2deb7c]
V  [jvm.dll+0x2dcf3f]
V  [jvm.dll+0x2dc66c]
V  [jvm.dll+0x32fd0c]
V  [jvm.dll+0x83d4cd]
V  [jvm.dll+0x83e212]
V  [jvm.dll+0x83e73f]
V  [jvm.dll+0x83eb24]
V  [jvm.dll+0x83ebf0]
V  [jvm.dll+0x7e62ac]
V  [jvm.dll+0x67e3c7]
C  [ucrtbase.dll+0x21bb2]
C  [KERNEL32.DLL+0x17374]
C  [ntdll.dll+0x4cc91]

VM_Operation (0x00000026b62f7740): CollectForMetadataAllocation, mode: safepoint, requested by thread 0x0000013593ad8cc0


---------------  P R O C E S S  ---------------

Threads class SMR info:
_java_thread_list=0x00000135808e68e0, length=15, elements={
0x0000013593ad8cc0, 0x00000135b622e860, 0x00000135b622f6e0, 0x00000135b62467d0,
0x00000135b6247390, 0x00000135b624ad70, 0x00000135b624b730, 0x00000135b624c420,
0x00000135b624d6b0, 0x00000135b624ea00, 0x00000135b6216590, 0x00000135b6557270,
0x00000135b6f4e780, 0x00000135b6f17480, 0x00000135fda00f50
}

Java Threads: ( => current thread )
  0x0000013593ad8cc0 JavaThread "main" [_thread_blocked, id=14264, stack(0x00000026b6200000,0x00000026b6300000)]
  0x00000135b622e860 JavaThread "Reference Handler" daemon [_thread_blocked, id=1036, stack(0x00000026b6900000,0x00000026b6a00000)]
  0x00000135b622f6e0 JavaThread "Finalizer" daemon [_thread_blocked, id=17248, stack(0x00000026b6a00000,0x00000026b6b00000)]
  0x00000135b62467d0 JavaThread "Signal Dispatcher" daemon [_thread_blocked, id=21908, stack(0x00000026b6b00000,0x00000026b6c00000)]
  0x00000135b6247390 JavaThread "Attach Listener" daemon [_thread_blocked, id=11848, stack(0x00000026b6c00000,0x00000026b6d00000)]
  0x00000135b624ad70 JavaThread "Service Thread" daemon [_thread_blocked, id=11424, stack(0x00000026b6d00000,0x00000026b6e00000)]
  0x00000135b624b730 JavaThread "Monitor Deflation Thread" daemon [_thread_blocked, id=16892, stack(0x00000026b6e00000,0x00000026b6f00000)]
  0x00000135b624c420 JavaThread "C2 CompilerThread0" daemon [_thread_in_native, id=1872, stack(0x00000026b6f00000,0x00000026b7000000)]
  0x00000135b624d6b0 JavaThread "C1 CompilerThread0" daemon [_thread_blocked, id=7924, stack(0x00000026b7000000,0x00000026b7100000)]
  0x00000135b624ea00 JavaThread "Sweeper thread" daemon [_thread_blocked, id=18628, stack(0x00000026b7100000,0x00000026b7200000)]
  0x00000135b6216590 JavaThread "Common-Cleaner" daemon [_thread_blocked, id=21900, stack(0x00000026b7200000,0x00000026b7300000)]
  0x00000135b6557270 JavaThread "C2 CompilerThread1" daemon [_thread_in_native, id=19868, stack(0x00000026b7300000,0x00000026b7400000)]
  0x00000135b6f4e780 JavaThread "Monitor Ctrl-Break" daemon [_thread_in_native, id=12260, stack(0x00000026b7700000,0x00000026b7800000)]
  0x00000135b6f17480 JavaThread "Notification Thread" daemon [_thread_blocked, id=11184, stack(0x00000026b7800000,0x00000026b7900000)]
  0x00000135fda00f50 JavaThread "ForkJoinPool.commonPool-worker-1" daemon [_thread_blocked, id=22012, stack(0x00000026b7a00000,0x00000026b7b00000)]

Other Threads:
=>0x00000135b6229c50 VMThread "VM Thread" [stack: 0x00000026b6800000,0x00000026b6900000] [id=20456]
  0x00000135b6f4ec60 WatcherThread [stack: 0x00000026b7900000,0x00000026b7a00000] [id=13592]
  0x0000013593b42180 GCTaskThread "GC Thread#0" [stack: 0x00000026b6300000,0x00000026b6400000] [id=15580]
  0x00000135b6d12cd0 GCTaskThread "GC Thread#1" [stack: 0x00000026b7400000,0x00000026b7500000] [id=5936]
  0x00000135b6d12f90 GCTaskThread "GC Thread#2" [stack: 0x00000026b7500000,0x00000026b7600000] [id=17080]
  0x00000135b6d13250 GCTaskThread "GC Thread#3" [stack: 0x00000026b7600000,0x00000026b7700000] [id=14452]
  0x0000013593b53ef0 ConcurrentGCThread "G1 Main Marker" [stack: 0x00000026b6400000,0x00000026b6500000] [id=13436]
  0x0000013593b550b0 ConcurrentGCThread "G1 Conc#0" [stack: 0x00000026b6500000,0x00000026b6600000] [id=6708]
  0x0000013593b8e0b0 ConcurrentGCThread "G1 Refine#0" [stack: 0x00000026b6600000,0x00000026b6700000] [id=13116]
  0x0000013593b8eae0 ConcurrentGCThread "G1 Service" [stack: 0x00000026b6700000,0x00000026b6800000] [id=11828]

Threads with active compile tasks:
C2 CompilerThread0     3607 2730       4       org.aspectj.apache.bcel.classfile.Attribute::readAttribute (568 bytes)
C2 CompilerThread1     3607 2735       4       org.aspectj.weaver.bcel.BcelClassWeaver::match (373 bytes)

VM state: at safepoint (normal execution)

VM Mutex/Monitor currently owned by a thread:  ([mutex/lock_event])
[0x0000013593ad46d0] Threads_lock - owner thread: 0x00000135b6229c50
[0x0000013593ad4370] Heap_lock - owner thread: 0x0000013593ad8cc0

Heap address: 0x0000000701e00000, size: 4066 MB, Compressed Oops mode: Zero based, Oop shift amount: 3

CDS archive(s) mapped at: [0x00000135b7000000-0x00000135b7bb0000-0x00000135b7bb0000), size 12255232, SharedBaseAddress: 0x00000135b7000000, ArchiveRelocationMode: 1.
Compressed class space mapped at: 0x00000135b8000000-0x00000135f8000000, reserved size: 1073741824
Narrow klass base: 0x00000135b7000000, Narrow klass shift: 0, Narrow klass range: 0x100000000

GC Precious Log:
 CPUs: 4 total, 4 available
 Memory: 16258M
 Large Page Support: Disabled
 NUMA Support: Disabled
 Compressed Oops: Enabled (Zero based)
 Heap Region Size: 2M
 Heap Min Capacity: 8M
 Heap Initial Capacity: 256M
 Heap Max Capacity: 4066M
 Pre-touch: Disabled
 Parallel Workers: 4
 Concurrent Workers: 1
 Concurrent Refinement Workers: 4
 Periodic GC: Disabled

Heap:
 garbage-first heap   total 262144K, used 29707K [0x0000000701e00000, 0x0000000800000000)
  region size 2048K, 5 young (10240K), 5 survivors (10240K)
 Metaspace       used 21260K, committed 21504K, reserved 1114112K
  class space    used 2289K, committed 2432K, reserved 1048576K

Heap Regions: E=young(eden), S=young(survivor), O=old, HS=humongous(starts), HC=humongous(continues), CS=collection set, F=free, OA=open archive, CA=closed archive, TAMS=top-at-mark-start (previous, next)
|   0|0x0000000701e00000, 0x0000000702000000, 0x0000000702000000|100%| O|  |TAMS 0x0000000701e00000, 0x0000000702000000| Untracked 
|   1|0x0000000702000000, 0x0000000702200000, 0x0000000702200000|100%| O|  |TAMS 0x0000000702000000, 0x0000000702200000| Untracked 
|   2|0x0000000702200000, 0x0000000702400000, 0x0000000702400000|100%| O|  |TAMS 0x0000000702200000, 0x0000000702400000| Untracked 
|   3|0x0000000702400000, 0x0000000702600000, 0x0000000702600000|100%| O|  |TAMS 0x0000000702400000, 0x0000000702600000| Untracked 
|   4|0x0000000702600000, 0x0000000702800000, 0x0000000702800000|100%| O|  |TAMS 0x0000000702600000, 0x0000000702800000| Untracked 
|   5|0x0000000702800000, 0x0000000702a00000, 0x0000000702a00000|100%| O|  |TAMS 0x0000000702800000, 0x0000000702a00000| Untracked 
|   6|0x0000000702a00000, 0x0000000702c00000, 0x0000000702c00000|100%| O|  |TAMS 0x0000000702a00000, 0x0000000702c00000| Untracked 
|   7|0x0000000702c00000, 0x0000000702e00000, 0x0000000702e00000|100%| O|  |TAMS 0x0000000702c00000, 0x0000000702e00000| Untracked 
|   8|0x0000000702e00000, 0x0000000703000000, 0x0000000703000000|100%| O|  |TAMS 0x0000000702e00000, 0x0000000702fb5e00| Untracked 
|   9|0x0000000703000000, 0x0000000703102c00, 0x0000000703200000| 50%| O|  |TAMS 0x0000000703000000, 0x0000000703000000| Untracked 
|  10|0x0000000703200000, 0x0000000703200000, 0x0000000703400000|  0%| F|  |TAMS 0x0000000703200000, 0x0000000703200000| Untracked 
|  11|0x0000000703400000, 0x0000000703400000, 0x0000000703600000|  0%| F|  |TAMS 0x0000000703400000, 0x0000000703400000| Untracked 
|  12|0x0000000703600000, 0x0000000703600000, 0x0000000703800000|  0%| F|  |TAMS 0x0000000703600000, 0x0000000703600000| Untracked 
|  13|0x0000000703800000, 0x0000000703800000, 0x0000000703a00000|  0%| F|  |TAMS 0x0000000703800000, 0x0000000703800000| Untracked 
|  14|0x0000000703a00000, 0x0000000703a00000, 0x0000000703c00000|  0%| F|  |TAMS 0x0000000703a00000, 0x0000000703a00000| Untracked 
|  15|0x0000000703c00000, 0x0000000703c00000, 0x0000000703e00000|  0%| F|  |TAMS 0x0000000703c00000, 0x0000000703c00000| Untracked 
|  16|0x0000000703e00000, 0x0000000703e00000, 0x0000000704000000|  0%| F|  |TAMS 0x0000000703e00000, 0x0000000703e00000| Untracked 
|  17|0x0000000704000000, 0x0000000704000000, 0x0000000704200000|  0%| F|  |TAMS 0x0000000704000000, 0x0000000704000000| Untracked 
|  18|0x0000000704200000, 0x0000000704200000, 0x0000000704400000|  0%| F|  |TAMS 0x0000000704200000, 0x0000000704200000| Untracked 
|  19|0x0000000704400000, 0x0000000704400000, 0x0000000704600000|  0%| F|  |TAMS 0x0000000704400000, 0x0000000704400000| Untracked 
|  20|0x0000000704600000, 0x0000000704600000, 0x0000000704800000|  0%| F|  |TAMS 0x0000000704600000, 0x0000000704600000| Untracked 
|  21|0x0000000704800000, 0x0000000704800000, 0x0000000704a00000|  0%| F|  |TAMS 0x0000000704800000, 0x0000000704800000| Untracked 
|  22|0x0000000704a00000, 0x0000000704a00000, 0x0000000704c00000|  0%| F|  |TAMS 0x0000000704a00000, 0x0000000704a00000| Untracked 
|  23|0x0000000704c00000, 0x0000000704c00000, 0x0000000704e00000|  0%| F|  |TAMS 0x0000000704c00000, 0x0000000704c00000| Untracked 
|  24|0x0000000704e00000, 0x0000000704e00000, 0x0000000705000000|  0%| F|  |TAMS 0x0000000704e00000, 0x0000000704e00000| Untracked 
|  25|0x0000000705000000, 0x0000000705000000, 0x0000000705200000|  0%| F|  |TAMS 0x0000000705000000, 0x0000000705000000| Untracked 
|  26|0x0000000705200000, 0x0000000705200000, 0x0000000705400000|  0%| F|  |TAMS 0x0000000705200000, 0x0000000705200000| Untracked 
|  27|0x0000000705400000, 0x0000000705400000, 0x0000000705600000|  0%| F|  |TAMS 0x0000000705400000, 0x0000000705400000| Untracked 
|  28|0x0000000705600000, 0x0000000705600000, 0x0000000705800000|  0%| F|  |TAMS 0x0000000705600000, 0x0000000705600000| Untracked 
|  29|0x0000000705800000, 0x0000000705800000, 0x0000000705a00000|  0%| F|  |TAMS 0x0000000705800000, 0x0000000705800000| Untracked 
|  30|0x0000000705a00000, 0x0000000705a00000, 0x0000000705c00000|  0%| F|  |TAMS 0x0000000705a00000, 0x0000000705a00000| Untracked 
|  31|0x0000000705c00000, 0x0000000705c00000, 0x0000000705e00000|  0%| F|  |TAMS 0x0000000705c00000, 0x0000000705c00000| Untracked 
|  32|0x0000000705e00000, 0x0000000705e00000, 0x0000000706000000|  0%| F|  |TAMS 0x0000000705e00000, 0x0000000705e00000| Untracked 
|  33|0x0000000706000000, 0x0000000706000000, 0x0000000706200000|  0%| F|  |TAMS 0x0000000706000000, 0x0000000706000000| Untracked 
|  34|0x0000000706200000, 0x0000000706200000, 0x0000000706400000|  0%| F|  |TAMS 0x0000000706200000, 0x0000000706200000| Untracked 
|  35|0x0000000706400000, 0x0000000706400000, 0x0000000706600000|  0%| F|  |TAMS 0x0000000706400000, 0x0000000706400000| Untracked 
|  36|0x0000000706600000, 0x0000000706600000, 0x0000000706800000|  0%| F|  |TAMS 0x0000000706600000, 0x0000000706600000| Untracked 
|  37|0x0000000706800000, 0x0000000706800000, 0x0000000706a00000|  0%| F|  |TAMS 0x0000000706800000, 0x0000000706800000| Untracked 
|  38|0x0000000706a00000, 0x0000000706a00000, 0x0000000706c00000|  0%| F|  |TAMS 0x0000000706a00000, 0x0000000706a00000| Untracked 
|  39|0x0000000706c00000, 0x0000000706c00000, 0x0000000706e00000|  0%| F|  |TAMS 0x0000000706c00000, 0x0000000706c00000| Untracked 
|  40|0x0000000706e00000, 0x0000000706e00000, 0x0000000707000000|  0%| F|  |TAMS 0x0000000706e00000, 0x0000000706e00000| Untracked 
|  41|0x0000000707000000, 0x0000000707000000, 0x0000000707200000|  0%| F|  |TAMS 0x0000000707000000, 0x0000000707000000| Untracked 
|  42|0x0000000707200000, 0x0000000707200000, 0x0000000707400000|  0%| F|  |TAMS 0x0000000707200000, 0x0000000707200000| Untracked 
|  43|0x0000000707400000, 0x0000000707400000, 0x0000000707600000|  0%| F|  |TAMS 0x0000000707400000, 0x0000000707400000| Untracked 
|  44|0x0000000707600000, 0x0000000707600000, 0x0000000707800000|  0%| F|  |TAMS 0x0000000707600000, 0x0000000707600000| Untracked 
|  45|0x0000000707800000, 0x0000000707800000, 0x0000000707a00000|  0%| F|  |TAMS 0x0000000707800000, 0x0000000707800000| Untracked 
|  46|0x0000000707a00000, 0x0000000707a00000, 0x0000000707c00000|  0%| F|  |TAMS 0x0000000707a00000, 0x0000000707a00000| Untracked 
|  47|0x0000000707c00000, 0x0000000707c00000, 0x0000000707e00000|  0%| F|  |TAMS 0x0000000707c00000, 0x0000000707c00000| Untracked 
|  48|0x0000000707e00000, 0x0000000707e00000, 0x0000000708000000|  0%| F|  |TAMS 0x0000000707e00000, 0x0000000707e00000| Untracked 
|  49|0x0000000708000000, 0x0000000708000000, 0x0000000708200000|  0%| F|  |TAMS 0x0000000708000000, 0x0000000708000000| Untracked 
|  50|0x0000000708200000, 0x0000000708200000, 0x0000000708400000|  0%| F|  |TAMS 0x0000000708200000, 0x0000000708200000| Untracked 
|  51|0x0000000708400000, 0x0000000708400000, 0x0000000708600000|  0%| F|  |TAMS 0x0000000708400000, 0x0000000708400000| Untracked 
|  52|0x0000000708600000, 0x0000000708600000, 0x0000000708800000|  0%| F|  |TAMS 0x0000000708600000, 0x0000000708600000| Untracked 
|  53|0x0000000708800000, 0x0000000708800000, 0x0000000708a00000|  0%| F|  |TAMS 0x0000000708800000, 0x0000000708800000| Untracked 
|  54|0x0000000708a00000, 0x0000000708a00000, 0x0000000708c00000|  0%| F|  |TAMS 0x0000000708a00000, 0x0000000708a00000| Untracked 
|  55|0x0000000708c00000, 0x0000000708c00000, 0x0000000708e00000|  0%| F|  |TAMS 0x0000000708c00000, 0x0000000708c00000| Untracked 
|  56|0x0000000708e00000, 0x0000000708e00000, 0x0000000709000000|  0%| F|  |TAMS 0x0000000708e00000, 0x0000000708e00000| Untracked 
|  57|0x0000000709000000, 0x0000000709000000, 0x0000000709200000|  0%| F|  |TAMS 0x0000000709000000, 0x0000000709000000| Untracked 
|  58|0x0000000709200000, 0x0000000709200000, 0x0000000709400000|  0%| F|  |TAMS 0x0000000709200000, 0x0000000709200000| Untracked 
|  59|0x0000000709400000, 0x0000000709400000, 0x0000000709600000|  0%| F|  |TAMS 0x0000000709400000, 0x0000000709400000| Untracked 
|  60|0x0000000709600000, 0x0000000709600000, 0x0000000709800000|  0%| F|  |TAMS 0x0000000709600000, 0x0000000709600000| Untracked 
|  61|0x0000000709800000, 0x0000000709800000, 0x0000000709a00000|  0%| F|  |TAMS 0x0000000709800000, 0x0000000709800000| Untracked 
|  62|0x0000000709a00000, 0x0000000709a00000, 0x0000000709c00000|  0%| F|  |TAMS 0x0000000709a00000, 0x0000000709a00000| Untracked 
|  63|0x0000000709c00000, 0x0000000709c00000, 0x0000000709e00000|  0%| F|  |TAMS 0x0000000709c00000, 0x0000000709c00000| Untracked 
|  64|0x0000000709e00000, 0x0000000709e00000, 0x000000070a000000|  0%| F|  |TAMS 0x0000000709e00000, 0x0000000709e00000| Untracked 
|  65|0x000000070a000000, 0x000000070a000000, 0x000000070a200000|  0%| F|  |TAMS 0x000000070a000000, 0x000000070a000000| Untracked 
|  66|0x000000070a200000, 0x000000070a200000, 0x000000070a400000|  0%| F|  |TAMS 0x000000070a200000, 0x000000070a200000| Untracked 
|  67|0x000000070a400000, 0x000000070a400000, 0x000000070a600000|  0%| F|  |TAMS 0x000000070a400000, 0x000000070a400000| Untracked 
|  68|0x000000070a600000, 0x000000070a600000, 0x000000070a800000|  0%| F|  |TAMS 0x000000070a600000, 0x000000070a600000| Untracked 
|  69|0x000000070a800000, 0x000000070a800000, 0x000000070aa00000|  0%| F|  |TAMS 0x000000070a800000, 0x000000070a800000| Untracked 
|  70|0x000000070aa00000, 0x000000070aa00000, 0x000000070ac00000|  0%| F|  |TAMS 0x000000070aa00000, 0x000000070aa00000| Untracked 
|  71|0x000000070ac00000, 0x000000070ac00000, 0x000000070ae00000|  0%| F|  |TAMS 0x000000070ac00000, 0x000000070ac00000| Untracked 
|  72|0x000000070ae00000, 0x000000070ae00000, 0x000000070b000000|  0%| F|  |TAMS 0x000000070ae00000, 0x000000070ae00000| Untracked 
|  73|0x000000070b000000, 0x000000070b000000, 0x000000070b200000|  0%| F|  |TAMS 0x000000070b000000, 0x000000070b000000| Untracked 
|  74|0x000000070b200000, 0x000000070b200000, 0x000000070b400000|  0%| F|  |TAMS 0x000000070b200000, 0x000000070b200000| Untracked 
|  75|0x000000070b400000, 0x000000070b400000, 0x000000070b600000|  0%| F|  |TAMS 0x000000070b400000, 0x000000070b400000| Untracked 
|  76|0x000000070b600000, 0x000000070b600000, 0x000000070b800000|  0%| F|  |TAMS 0x000000070b600000, 0x000000070b600000| Untracked 
|  77|0x000000070b800000, 0x000000070b800000, 0x000000070ba00000|  0%| F|  |TAMS 0x000000070b800000, 0x000000070b800000| Untracked 
|  78|0x000000070ba00000, 0x000000070ba00000, 0x000000070bc00000|  0%| F|  |TAMS 0x000000070ba00000, 0x000000070ba00000| Untracked 
|  79|0x000000070bc00000, 0x000000070bc00000, 0x000000070be00000|  0%| F|  |TAMS 0x000000070bc00000, 0x000000070bc00000| Untracked 
|  80|0x000000070be00000, 0x000000070be00000, 0x000000070c000000|  0%| F|  |TAMS 0x000000070be00000, 0x000000070be00000| Untracked 
|  81|0x000000070c000000, 0x000000070c000000, 0x000000070c200000|  0%| F|  |TAMS 0x000000070c000000, 0x000000070c000000| Untracked 
|  82|0x000000070c200000, 0x000000070c200000, 0x000000070c400000|  0%| F|  |TAMS 0x000000070c200000, 0x000000070c200000| Untracked 
|  83|0x000000070c400000, 0x000000070c400000, 0x000000070c600000|  0%| F|  |TAMS 0x000000070c400000, 0x000000070c400000| Untracked 
|  84|0x000000070c600000, 0x000000070c600000, 0x000000070c800000|  0%| F|  |TAMS 0x000000070c600000, 0x000000070c600000| Untracked 
|  85|0x000000070c800000, 0x000000070c800000, 0x000000070ca00000|  0%| F|  |TAMS 0x000000070c800000, 0x000000070c800000| Untracked 
|  86|0x000000070ca00000, 0x000000070ca00000, 0x000000070cc00000|  0%| F|  |TAMS 0x000000070ca00000, 0x000000070ca00000| Untracked 
|  87|0x000000070cc00000, 0x000000070cc00000, 0x000000070ce00000|  0%| F|  |TAMS 0x000000070cc00000, 0x000000070cc00000| Untracked 
|  88|0x000000070ce00000, 0x000000070ce00000, 0x000000070d000000|  0%| F|  |TAMS 0x000000070ce00000, 0x000000070ce00000| Untracked 
|  89|0x000000070d000000, 0x000000070d000000, 0x000000070d200000|  0%| F|  |TAMS 0x000000070d000000, 0x000000070d000000| Untracked 
|  90|0x000000070d200000, 0x000000070d200000, 0x000000070d400000|  0%| F|  |TAMS 0x000000070d200000, 0x000000070d200000| Untracked 
|  91|0x000000070d400000, 0x000000070d400000, 0x000000070d600000|  0%| F|  |TAMS 0x000000070d400000, 0x000000070d400000| Untracked 
|  92|0x000000070d600000, 0x000000070d600000, 0x000000070d800000|  0%| F|  |TAMS 0x000000070d600000, 0x000000070d600000| Untracked 
|  93|0x000000070d800000, 0x000000070da00000, 0x000000070da00000|100%| S|CS|TAMS 0x000000070d800000, 0x000000070d800000| Complete 
|  94|0x000000070da00000, 0x000000070dc00000, 0x000000070dc00000|100%| S|CS|TAMS 0x000000070da00000, 0x000000070da00000| Complete 
|  95|0x000000070dc00000, 0x000000070dc00000, 0x000000070de00000|  0%| F|  |TAMS 0x000000070dc00000, 0x000000070dc00000| Untracked 
|  96|0x000000070de00000, 0x000000070e000000, 0x000000070e000000|100%| S|CS|TAMS 0x000000070de00000, 0x000000070de00000| Complete 
|  97|0x000000070e000000, 0x000000070e200000, 0x000000070e200000|100%| S|CS|TAMS 0x000000070e000000, 0x000000070e000000| Complete 
|  98|0x000000070e200000, 0x000000070e400000, 0x000000070e400000|100%| S|CS|TAMS 0x000000070e200000, 0x000000070e200000| Complete 
|  99|0x000000070e400000, 0x000000070e400000, 0x000000070e600000|  0%| F|  |TAMS 0x000000070e400000, 0x000000070e400000| Untracked 
| 100|0x000000070e600000, 0x000000070e600000, 0x000000070e800000|  0%| F|  |TAMS 0x000000070e600000, 0x000000070e600000| Untracked 
| 101|0x000000070e800000, 0x000000070e800000, 0x000000070ea00000|  0%| F|  |TAMS 0x000000070e800000, 0x000000070e800000| Untracked 
| 102|0x000000070ea00000, 0x000000070ea00000, 0x000000070ec00000|  0%| F|  |TAMS 0x000000070ea00000, 0x000000070ea00000| Untracked 
| 103|0x000000070ec00000, 0x000000070ec00000, 0x000000070ee00000|  0%| F|  |TAMS 0x000000070ec00000, 0x000000070ec00000| Untracked 
| 104|0x000000070ee00000, 0x000000070ee00000, 0x000000070f000000|  0%| F|  |TAMS 0x000000070ee00000, 0x000000070ee00000| Untracked 
| 105|0x000000070f000000, 0x000000070f000000, 0x000000070f200000|  0%| F|  |TAMS 0x000000070f000000, 0x000000070f000000| Untracked 
| 106|0x000000070f200000, 0x000000070f200000, 0x000000070f400000|  0%| F|  |TAMS 0x000000070f200000, 0x000000070f200000| Untracked 
| 107|0x000000070f400000, 0x000000070f400000, 0x000000070f600000|  0%| F|  |TAMS 0x000000070f400000, 0x000000070f400000| Untracked 
| 108|0x000000070f600000, 0x000000070f600000, 0x000000070f800000|  0%| F|  |TAMS 0x000000070f600000, 0x000000070f600000| Untracked 
| 109|0x000000070f800000, 0x000000070f800000, 0x000000070fa00000|  0%| F|  |TAMS 0x000000070f800000, 0x000000070f800000| Untracked 
| 110|0x000000070fa00000, 0x000000070fa00000, 0x000000070fc00000|  0%| F|  |TAMS 0x000000070fa00000, 0x000000070fa00000| Untracked 
| 111|0x000000070fc00000, 0x000000070fc00000, 0x000000070fe00000|  0%| F|  |TAMS 0x000000070fc00000, 0x000000070fc00000| Untracked 
| 112|0x000000070fe00000, 0x000000070fe00000, 0x0000000710000000|  0%| F|  |TAMS 0x000000070fe00000, 0x000000070fe00000| Untracked 
| 113|0x0000000710000000, 0x0000000710000000, 0x0000000710200000|  0%| F|  |TAMS 0x0000000710000000, 0x0000000710000000| Untracked 
| 114|0x0000000710200000, 0x0000000710200000, 0x0000000710400000|  0%| F|  |TAMS 0x0000000710200000, 0x0000000710200000| Untracked 
| 115|0x0000000710400000, 0x0000000710400000, 0x0000000710600000|  0%| F|  |TAMS 0x0000000710400000, 0x0000000710400000| Untracked 
| 116|0x0000000710600000, 0x0000000710600000, 0x0000000710800000|  0%| F|  |TAMS 0x0000000710600000, 0x0000000710600000| Untracked 
| 117|0x0000000710800000, 0x0000000710800000, 0x0000000710a00000|  0%| F|  |TAMS 0x0000000710800000, 0x0000000710800000| Untracked 
| 118|0x0000000710a00000, 0x0000000710a00000, 0x0000000710c00000|  0%| F|  |TAMS 0x0000000710a00000, 0x0000000710a00000| Untracked 
| 119|0x0000000710c00000, 0x0000000710c00000, 0x0000000710e00000|  0%| F|  |TAMS 0x0000000710c00000, 0x0000000710c00000| Untracked 
| 120|0x0000000710e00000, 0x0000000710e00000, 0x0000000711000000|  0%| F|  |TAMS 0x0000000710e00000, 0x0000000710e00000| Untracked 
| 121|0x0000000711000000, 0x0000000711000000, 0x0000000711200000|  0%| F|  |TAMS 0x0000000711000000, 0x0000000711000000| Untracked 
| 122|0x0000000711200000, 0x0000000711200000, 0x0000000711400000|  0%| F|  |TAMS 0x0000000711200000, 0x0000000711200000| Untracked 
| 123|0x0000000711400000, 0x0000000711400000, 0x0000000711600000|  0%| F|  |TAMS 0x0000000711400000, 0x0000000711400000| Untracked 
| 124|0x0000000711600000, 0x0000000711600000, 0x0000000711800000|  0%| F|  |TAMS 0x0000000711600000, 0x0000000711600000| Untracked 
| 125|0x0000000711800000, 0x0000000711800000, 0x0000000711a00000|  0%| F|  |TAMS 0x0000000711800000, 0x0000000711800000| Untracked 
| 126|0x0000000711a00000, 0x0000000711a00000, 0x0000000711c00000|  0%| F|  |TAMS 0x0000000711a00000, 0x0000000711a00000| Untracked 
| 127|0x0000000711c00000, 0x0000000711c00000, 0x0000000711e00000|  0%| F|  |TAMS 0x0000000711c00000, 0x0000000711c00000| Untracked 

Card table byte_map: [0x00000135aae00000,0x00000135ab600000] _byte_map_base: 0x00000135a75f1000

Marking Bits (Prev, Next): (CMBitMap*) 0x0000013593b437b0, (CMBitMap*) 0x0000013593b437f0
 Prev Bits: [0x00000135abe00000, 0x00000135afd88000)
 Next Bits: [0x00000135afd90000, 0x00000135b3d18000)

Polling page: 0x0000013591970000

Metaspace:

Usage:
  Non-class:     18.53 MB used.
      Class:      2.24 MB used.
       Both:     20.76 MB used.

Virtual space:
  Non-class space:       64.00 MB reserved,      18.62 MB ( 29%) committed,  1 nodes.
      Class space:        1.00 GB reserved,       2.38 MB ( <1%) committed,  1 nodes.
             Both:        1.06 GB reserved,      21.00 MB (  2%) committed. 

Chunk freelists:
   Non-Class:  12.79 MB
       Class:  13.60 MB
        Both:  26.39 MB

MaxMetaspaceSize: unlimited
CompressedClassSpaceSize: 1.00 GB
Initial GC threshold: 21.00 MB
Current GC threshold: 21.00 MB
CDS: on
MetaspaceReclaimPolicy: balanced
 - commit_granule_bytes: 65536.
 - commit_granule_words: 8192.
 - virtual_space_node_default_size: 8388608.
 - enlarge_chunks_in_place: 1.
 - new_chunks_are_fully_committed: 0.
 - uncommit_free_chunks: 1.
 - use_allocation_guard: 0.
 - handle_deallocations: 1.


Internal statistics:

num_allocs_failed_limit: 3.
num_arena_births: 180.
num_arena_deaths: 0.
num_vsnodes_births: 2.
num_vsnodes_deaths: 0.
num_space_committed: 336.
num_space_uncommitted: 0.
num_chunks_returned_to_freelist: 3.
num_chunks_taken_from_freelist: 731.
num_chunk_merges: 0.
num_chunk_splits: 513.
num_chunks_enlarged: 420.
num_inconsistent_stats: 0.

CodeHeap 'non-profiled nmethods': size=120000Kb used=1877Kb max_used=1877Kb free=118123Kb
 bounds [0x00000135a30d0000, 0x00000135a3340000, 0x00000135aa600000]
CodeHeap 'profiled nmethods': size=120000Kb used=6291Kb max_used=6291Kb free=113708Kb
 bounds [0x000001359b600000, 0x000001359bc30000, 0x00000135a2b30000]
CodeHeap 'non-nmethods': size=5760Kb used=1221Kb max_used=1267Kb free=4538Kb
 bounds [0x00000135a2b30000, 0x00000135a2da0000, 0x00000135a30d0000]
 total_blobs=3346 nmethods=2821 adapters=437
 compilation: enabled
              stopped_count=0, restarted_count=0
 full_count=0

Compilation events (20 events):
Event: 3.554 Thread 0x00000135b624d6b0 2833       1       sun.security.util.KnownOIDs::aliases (5 bytes)
Event: 3.554 Thread 0x00000135b624d6b0 nmethod 2833 0x00000135a32a5110 code [0x00000135a32a52a0, 0x00000135a32a5378]
Event: 3.554 Thread 0x00000135b624d6b0 2836       2       java.security.Provider::checkInitialized (16 bytes)
Event: 3.554 Thread 0x00000135b624d6b0 nmethod 2836 0x000001359bc20610 code [0x000001359bc207c0, 0x000001359bc20988]
Event: 3.554 Thread 0x00000135b624d6b0 2837       2       java.security.Provider$Service::<init> (200 bytes)
Event: 3.555 Thread 0x00000135b624d6b0 nmethod 2837 0x000001359bc20a90 code [0x000001359bc20d40, 0x000001359bc21928]
Event: 3.555 Thread 0x00000135b624d6b0 2839   !   2       java.security.Provider::putService (256 bytes)
Event: 3.556 Thread 0x00000135b624d6b0 nmethod 2839 0x000001359bc21e10 code [0x000001359bc220e0, 0x000001359bc22b48]
Event: 3.556 Thread 0x00000135b624d6b0 2840       3       sun.nio.fs.WindowsPathParser::isSlash (18 bytes)
Event: 3.556 Thread 0x00000135b624d6b0 nmethod 2840 0x000001359bc23190 code [0x000001359bc23320, 0x000001359bc23498]
Event: 3.556 Thread 0x00000135b624d6b0 2838       2       java.security.Provider::getEngineName (49 bytes)
Event: 3.556 Thread 0x00000135b624d6b0 nmethod 2838 0x000001359bc23510 code [0x000001359bc236e0, 0x000001359bc239b8]
Event: 3.557 Thread 0x00000135b624d6b0 2841       2       java.util.regex.Pattern::next (33 bytes)
Event: 3.557 Thread 0x00000135b624d6b0 nmethod 2841 0x000001359bc23b90 code [0x000001359bc23d40, 0x000001359bc23ec8]
Event: 3.560 Thread 0x00000135b624d6b0 2842       2       java.io.BufferedReader::ensureOpen (18 bytes)
Event: 3.560 Thread 0x00000135b624d6b0 nmethod 2842 0x000001359bc24010 code [0x000001359bc241c0, 0x000001359bc24388]
Event: 3.560 Thread 0x00000135b624d6b0 2843       2       java.nio.CharBuffer::arrayOffset (35 bytes)
Event: 3.560 Thread 0x00000135b624d6b0 nmethod 2843 0x000001359bc24490 code [0x000001359bc24640, 0x000001359bc24878]
Event: 3.560 Thread 0x00000135b624d6b0 2844       2       java.nio.charset.CoderResult::isUnderflow (13 bytes)
Event: 3.560 Thread 0x00000135b624d6b0 nmethod 2844 0x000001359bc24990 code [0x000001359bc24b20, 0x000001359bc24c38]

GC Heap History (11 events):
Event: 0.484 GC heap before
{Heap before GC invocations=0 (full 0):
 garbage-first heap   total 262144K, used 10240K [0x0000000701e00000, 0x0000000800000000)
  region size 2048K, 6 young (12288K), 0 survivors (0K)
 Metaspace       used 3544K, committed 3712K, reserved 1114112K
  class space    used 329K, committed 384K, reserved 1048576K
}
Event: 0.486 GC heap after
{Heap after GC invocations=1 (full 0):
 garbage-first heap   total 262144K, used 4321K [0x0000000701e00000, 0x0000000800000000)
  region size 2048K, 1 young (2048K), 1 survivors (2048K)
 Metaspace       used 3544K, committed 3712K, reserved 1114112K
  class space    used 329K, committed 384K, reserved 1048576K
}
Event: 0.695 GC heap before
{Heap before GC invocations=1 (full 0):
 garbage-first heap   total 262144K, used 14561K [0x0000000701e00000, 0x0000000800000000)
  region size 2048K, 6 young (12288K), 1 survivors (2048K)
 Metaspace       used 6266K, committed 6464K, reserved 1114112K
  class space    used 570K, committed 704K, reserved 1048576K
}
Event: 0.698 GC heap after
{Heap after GC invocations=2 (full 0):
 garbage-first heap   total 262144K, used 5079K [0x0000000701e00000, 0x0000000800000000)
  region size 2048K, 1 young (2048K), 1 survivors (2048K)
 Metaspace       used 6266K, committed 6464K, reserved 1114112K
  class space    used 570K, committed 704K, reserved 1048576K
}
Event: 1.275 GC heap before
{Heap before GC invocations=2 (full 0):
 garbage-first heap   total 262144K, used 33751K [0x0000000701e00000, 0x0000000800000000)
  region size 2048K, 15 young (30720K), 1 survivors (2048K)
 Metaspace       used 9651K, committed 9792K, reserved 1114112K
  class space    used 879K, committed 960K, reserved 1048576K
}
Event: 1.284 GC heap after
{Heap after GC invocations=3 (full 0):
 garbage-first heap   total 262144K, used 10166K [0x0000000701e00000, 0x0000000800000000)
  region size 2048K, 2 young (4096K), 2 survivors (4096K)
 Metaspace       used 9651K, committed 9792K, reserved 1114112K
  class space    used 879K, committed 960K, reserved 1048576K
}
Event: 1.950 GC heap before
{Heap before GC invocations=3 (full 0):
 garbage-first heap   total 262144K, used 63414K [0x0000000701e00000, 0x0000000800000000)
  region size 2048K, 28 young (57344K), 2 survivors (4096K)
 Metaspace       used 12876K, committed 13056K, reserved 1114112K
  class space    used 1132K, committed 1216K, reserved 1048576K
}
Event: 1.959 GC heap after
{Heap after GC invocations=4 (full 0):
 garbage-first heap   total 262144K, used 18114K [0x0000000701e00000, 0x0000000800000000)
  region size 2048K, 4 young (8192K), 4 survivors (8192K)
 Metaspace       used 12876K, committed 13056K, reserved 1114112K
  class space    used 1132K, committed 1216K, reserved 1048576K
}
Event: 2.563 GC heap before
{Heap before GC invocations=4 (full 0):
 garbage-first heap   total 262144K, used 71362K [0x0000000701e00000, 0x0000000800000000)
  region size 2048K, 30 young (61440K), 4 survivors (8192K)
 Metaspace       used 15721K, committed 15872K, reserved 1114112K
  class space    used 1489K, committed 1536K, reserved 1048576K
}
Event: 2.578 GC heap after
{Heap after GC invocations=5 (full 0):
 garbage-first heap   total 262144K, used 23616K [0x0000000701e00000, 0x0000000800000000)
  region size 2048K, 3 young (6144K), 3 survivors (6144K)
 Metaspace       used 15721K, committed 15872K, reserved 1114112K
  class space    used 1489K, committed 1536K, reserved 1048576K
}
Event: 3.560 GC heap before
{Heap before GC invocations=5 (full 0):
 garbage-first heap   total 262144K, used 76864K [0x0000000701e00000, 0x0000000800000000)
  region size 2048K, 30 young (61440K), 3 survivors (6144K)
 Metaspace       used 21260K, committed 21504K, reserved 1114112K
  class space    used 2289K, committed 2432K, reserved 1048576K
}

Dll operation events (13 events):
Event: 0.009 Loaded shared library C:\Users\o_klochenko\.jdks\corretto-17.0.12\bin\java.dll
Event: 0.028 Loaded shared library C:\Users\o_klochenko\.jdks\corretto-17.0.12\bin\jsvml.dll
Event: 0.147 Loaded shared library C:\Users\o_klochenko\.jdks\corretto-17.0.12\bin\zip.dll
Event: 0.150 Loaded shared library C:\Users\o_klochenko\.jdks\corretto-17.0.12\bin\instrument.dll
Event: 0.155 Loaded shared library C:\Users\o_klochenko\.jdks\corretto-17.0.12\bin\net.dll
Event: 0.157 Loaded shared library C:\Users\o_klochenko\.jdks\corretto-17.0.12\bin\nio.dll
Event: 0.160 Loaded shared library C:\Users\o_klochenko\.jdks\corretto-17.0.12\bin\zip.dll
Event: 0.253 Loaded shared library C:\Users\o_klochenko\.jdks\corretto-17.0.12\bin\jimage.dll
Event: 0.663 Loaded shared library C:\Program Files\JetBrains\IntelliJ IDEA Community Edition 2024.1\bin\breakgen64.dll
Event: 0.710 Loaded shared library C:\Users\o_klochenko\.jdks\corretto-17.0.12\bin\extnet.dll
Event: 2.414 Loaded shared library C:\Users\o_klochenko\.jdks\corretto-17.0.12\bin\verify.dll
Event: 3.415 Loaded shared library C:\Users\o_klochenko\.jdks\corretto-17.0.12\bin\management.dll
Event: 3.418 Loaded shared library C:\Users\o_klochenko\.jdks\corretto-17.0.12\bin\management_ext.dll

Deoptimization events (20 events):
Event: 3.479 Thread 0x0000013593ad8cc0 Uncommon trap: trap_request=0xffffff45 fr.pc=0x00000135a3282ec4 relative=0x0000000000000184
Event: 3.479 Thread 0x0000013593ad8cc0 Uncommon trap: reason=unstable_if action=reinterpret pc=0x00000135a3282ec4 method=java.lang.invoke.VarHandle.checkExactAccessMode(Ljava/lang/invoke/VarHandle$AccessDescriptor;)V @ 4 c2
Event: 3.479 Thread 0x0000013593ad8cc0 DEOPT PACKING pc=0x00000135a3282ec4 sp=0x00000026b62fac10
Event: 3.479 Thread 0x0000013593ad8cc0 DEOPT UNPACKING pc=0x00000135a2b869a3 sp=0x00000026b62fab50 mode 2
Event: 3.492 Thread 0x0000013593ad8cc0 Uncommon trap: trap_request=0xffffff45 fr.pc=0x00000135a327b60c relative=0x000000000000070c
Event: 3.492 Thread 0x0000013593ad8cc0 Uncommon trap: reason=unstable_if action=reinterpret pc=0x00000135a327b60c method=java.lang.ThreadLocal$ThreadLocalMap.getEntry(Ljava/lang/ThreadLocal;)Ljava/lang/ThreadLocal$ThreadLocalMap$Entry; @ 29 c2
Event: 3.492 Thread 0x0000013593ad8cc0 DEOPT PACKING pc=0x00000135a327b60c sp=0x00000026b62f64a0
Event: 3.492 Thread 0x0000013593ad8cc0 DEOPT UNPACKING pc=0x00000135a2b869a3 sp=0x00000026b62f63f0 mode 2
Event: 3.493 Thread 0x0000013593ad8cc0 Uncommon trap: trap_request=0xffffff45 fr.pc=0x00000135a327c044 relative=0x00000000000000c4
Event: 3.493 Thread 0x0000013593ad8cc0 Uncommon trap: reason=unstable_if action=reinterpret pc=0x00000135a327c044 method=java.lang.ThreadLocal$ThreadLocalMap.getEntry(Ljava/lang/ThreadLocal;)Ljava/lang/ThreadLocal$ThreadLocalMap$Entry; @ 29 c2
Event: 3.493 Thread 0x0000013593ad8cc0 DEOPT PACKING pc=0x00000135a327c044 sp=0x00000026b62f6490
Event: 3.493 Thread 0x0000013593ad8cc0 DEOPT UNPACKING pc=0x00000135a2b869a3 sp=0x00000026b62f6430 mode 2
Event: 3.505 Thread 0x0000013593ad8cc0 Uncommon trap: trap_request=0xffffffcc fr.pc=0x00000135a327c97c relative=0x00000000000001dc
Event: 3.505 Thread 0x0000013593ad8cc0 Uncommon trap: reason=intrinsic_or_type_checked_inlining action=make_not_entrant pc=0x00000135a327c97c method=java.util.Arrays.copyOf([Ljava/lang/Object;ILjava/lang/Class;)[Ljava/lang/Object; @ 35 c2
Event: 3.505 Thread 0x0000013593ad8cc0 DEOPT PACKING pc=0x00000135a327c97c sp=0x00000026b62fae50
Event: 3.505 Thread 0x0000013593ad8cc0 DEOPT UNPACKING pc=0x00000135a2b869a3 sp=0x00000026b62fade0 mode 2
Event: 3.560 Thread 0x0000013593ad8cc0 Uncommon trap: trap_request=0xffffff45 fr.pc=0x00000135a3206db4 relative=0x0000000000000674
Event: 3.560 Thread 0x0000013593ad8cc0 Uncommon trap: reason=unstable_if action=reinterpret pc=0x00000135a3206db4 method=java.lang.StringLatin1.regionMatchesCI([BI[BII)Z @ 72 c2
Event: 3.560 Thread 0x0000013593ad8cc0 DEOPT PACKING pc=0x00000135a3206db4 sp=0x00000026b62f8290
Event: 3.560 Thread 0x0000013593ad8cc0 DEOPT UNPACKING pc=0x00000135a2b869a3 sp=0x00000026b62f8158 mode 2

Classes loaded (20 events):
Event: 3.558 Loading class javax/crypto/CryptoPermissions
Event: 3.559 Loading class javax/crypto/CryptoPermissions done
Event: 3.559 Loading class javax/crypto/CryptoPolicyParser
Event: 3.559 Loading class javax/crypto/CryptoPolicyParser done
Event: 3.559 Loading class java/io/StreamTokenizer
Event: 3.559 Loading class java/io/StreamTokenizer done
Event: 3.559 Loading class java/nio/channels/SelectableChannel
Event: 3.559 Loading class java/nio/channels/SelectableChannel done
Event: 3.559 Loading class sun/nio/ch/IOStatus
Event: 3.559 Loading class sun/nio/ch/IOStatus done
Event: 3.560 Loading class javax/crypto/CryptoPolicyParser$GrantEntry
Event: 3.560 Loading class javax/crypto/CryptoPolicyParser$GrantEntry done
Event: 3.560 Loading class javax/crypto/CryptoPolicyParser$CryptoPermissionEntry
Event: 3.560 Loading class javax/crypto/CryptoPolicyParser$CryptoPermissionEntry done
Event: 3.560 Loading class java/util/Vector$1
Event: 3.560 Loading class java/util/Vector$1 done
Event: 3.560 Loading class javax/crypto/CryptoAllPermission
Event: 3.560 Loading class javax/crypto/CryptoPermission
Event: 3.560 Loading class javax/crypto/CryptoPermission done
Event: 3.560 Loading class javax/crypto/CryptoAllPermission done

Classes unloaded (0 events):
No events

Classes redefined (0 events):
No events

Internal exceptions (20 events):
Event: 2.927 Thread 0x0000013593ad8cc0 Exception <a 'java/lang/NoSuchMethodError'{0x0000000710be16a8}: 'void java.lang.invoke.DirectMethodHandle$Holder.invokeInterface(java.lang.Object, java.lang.Object)'> (0x0000000710be16a8) 
thrown [s\src\hotspot\share\interpreter\linkResolver.cpp, line 759]
Event: 2.928 Thread 0x0000013593ad8cc0 Exception <a 'java/lang/IncompatibleClassChangeError'{0x0000000710be4c38}: Found class java.lang.Object, but interface was expected> (0x0000000710be4c38) 
thrown [s\src\hotspot\share\interpreter\linkResolver.cpp, line 826]
Event: 2.938 Thread 0x0000013593ad8cc0 Exception <a 'java/lang/NoSuchMethodError'{0x000000071086d6a0}: 'void java.lang.invoke.DirectMethodHandle$Holder.invokeInterface(java.lang.Object, java.lang.Object, java.lang.Object, java.lang.Object)'> (0x000000071086d6a0) 
thrown [s\src\hotspot\share\interpreter\linkResolver.cpp, line 759]
Event: 2.938 Thread 0x0000013593ad8cc0 Exception <a 'java/lang/IncompatibleClassChangeError'{0x0000000710870b28}: Found class java.lang.Object, but interface was expected> (0x0000000710870b28) 
thrown [s\src\hotspot\share\interpreter\linkResolver.cpp, line 826]
Event: 2.954 Thread 0x0000013593ad8cc0 Exception <a 'java/lang/NoSuchMethodError'{0x0000000710913598}: 'java.lang.Object java.lang.invoke.DirectMethodHandle$Holder.invokeStatic(java.lang.Object, java.lang.Object, int)'> (0x0000000710913598) 
thrown [s\src\hotspot\share\interpreter\linkResolver.cpp, line 759]
Event: 2.954 Thread 0x0000013593ad8cc0 Exception <a 'java/lang/NoSuchMethodError'{0x0000000710919de0}: 'java.lang.Object java.lang.invoke.DirectMethodHandle$Holder.newInvokeSpecial(java.lang.Object, java.lang.Object, int)'> (0x0000000710919de0) 
thrown [s\src\hotspot\share\interpreter\linkResolver.cpp, line 759]
Event: 3.014 Thread 0x0000013593ad8cc0 Exception <a 'java/lang/NoSuchMethodError'{0x0000000710500d40}: 'int java.lang.invoke.DirectMethodHandle$Holder.invokeStatic(java.lang.Object, java.lang.Object, java.lang.Object, java.lang.Object, java.lang.Object)'> (0x0000000710500d40) 
thrown [s\src\hotspot\share\interpreter\linkResolver.cpp, line 759]
Event: 3.031 Thread 0x0000013593ad8cc0 Exception <a 'java/lang/NoSuchMethodError'{0x00000007105dda18}: 'void java.lang.invoke.DirectMethodHandle$Holder.invokeStaticInit(java.lang.Object)'> (0x00000007105dda18) 
thrown [s\src\hotspot\share\interpreter\linkResolver.cpp, line 759]
Event: 3.176 Thread 0x0000013593ad8cc0 Exception <a 'java/lang/NoSuchMethodError'{0x000000070fd097a8}: 'java.lang.Object java.lang.invoke.DirectMethodHandle$Holder.invokeStaticInit(java.lang.Object, int, int, int, int)'> (0x000000070fd097a8) 
thrown [s\src\hotspot\share\interpreter\linkResolver.cpp, line 759]
Event: 3.237 Thread 0x0000013593ad8cc0 Exception <a 'java/lang/NoSuchMethodError'{0x000000070fa0ab10}: 'java.lang.Object java.lang.invoke.DirectMethodHandle$Holder.invokeStaticInit(java.lang.Object, java.lang.Object, int, int, int, int)'> (0x000000070fa0ab10) 
thrown [s\src\hotspot\share\interpreter\linkResolver.cpp, line 759]
Event: 3.244 Thread 0x0000013593ad8cc0 Exception <a 'java/lang/IncompatibleClassChangeError'{0x000000070fa38ab0}: Found class java.lang.Object, but interface was expected> (0x000000070fa38ab0) 
thrown [s\src\hotspot\share\interpreter\linkResolver.cpp, line 826]
Event: 3.245 Thread 0x0000013593ad8cc0 Exception <a 'java/lang/IncompatibleClassChangeError'{0x000000070fa3fb60}: Found class java.lang.Object, but interface was expected> (0x000000070fa3fb60) 
thrown [s\src\hotspot\share\interpreter\linkResolver.cpp, line 826]
Event: 3.251 Thread 0x0000013593ad8cc0 Exception <a 'java/lang/NoSuchMethodError'{0x000000070fa7a370}: 'java.lang.Object java.lang.invoke.DirectMethodHandle$Holder.invokeInterface(java.lang.Object, java.lang.Object, java.lang.Object, java.lang.Object, java.lang.Object)'> (0x000000070fa7a370) 
thrown [s\src\hotspot\share\interpreter\linkResolver.cpp, line 759]
Event: 3.251 Thread 0x0000013593ad8cc0 Exception <a 'java/lang/IncompatibleClassChangeError'{0x000000070fa7e168}: Found class java.lang.Object, but interface was expected> (0x000000070fa7e168) 
thrown [s\src\hotspot\share\interpreter\linkResolver.cpp, line 826]
Event: 3.381 Thread 0x0000013593ad8cc0 Exception <a 'java/net/SocketException'{0x000000070f330248}: Socket is not connected: shutdown> (0x000000070f330248) 
thrown [s\src\hotspot\share\prims\jni.cpp, line 535]
Event: 3.382 Thread 0x0000013593ad8cc0 Exception <a 'java/net/SocketException'{0x000000070f330e10}: Socket is not connected: shutdown> (0x000000070f330e10) 
thrown [s\src\hotspot\share\prims\jni.cpp, line 535]
Event: 3.512 Thread 0x0000013593ad8cc0 Exception <a 'java/lang/NoSuchMethodError'{0x000000070eba0708}: 'java.lang.Object java.lang.invoke.DirectMethodHandle$Holder.invokeStaticInit(java.lang.Object, java.lang.Object, int)'> (0x000000070eba0708) 
thrown [s\src\hotspot\share\interpreter\linkResolver.cpp, line 759]
Event: 3.514 Thread 0x0000013593ad8cc0 Exception <a 'java/lang/NoSuchMethodError'{0x000000070ebad7c8}: 'int java.lang.invoke.DirectMethodHandle$Holder.invokeStaticInit(java.lang.Object, java.lang.Object, java.lang.Object)'> (0x000000070ebad7c8) 
thrown [s\src\hotspot\share\interpreter\linkResolver.cpp, line 759]
Event: 3.515 Thread 0x0000013593ad8cc0 Exception <a 'java/lang/NoSuchMethodError'{0x000000070ebc27d8}: 'int java.lang.invoke.DirectMethodHandle$Holder.invokeSpecialIFC(java.lang.Object, java.lang.Object, java.lang.Object)'> (0x000000070ebc27d8) 
thrown [s\src\hotspot\share\interpreter\linkResolver.cpp, line 759]
Event: 3.556 Thread 0x0000013593ad8cc0 Exception <a 'sun/nio/fs/WindowsException'{0x000000070e54e7b8}> (0x000000070e54e7b8) 
thrown [s\src\hotspot\share\prims\jni.cpp, line 516]

VM Operations (20 events):
Event: 2.615 Executing VM operation: HandshakeAllThreads done
Event: 3.059 Executing VM operation: ICBufferFull
Event: 3.060 Executing VM operation: ICBufferFull done
Event: 3.163 Executing VM operation: HandshakeAllThreads
Event: 3.163 Executing VM operation: HandshakeAllThreads done
Event: 3.163 Executing VM operation: HandshakeAllThreads
Event: 3.163 Executing VM operation: HandshakeAllThreads done
Event: 3.165 Executing VM operation: HandshakeAllThreads
Event: 3.165 Executing VM operation: HandshakeAllThreads done
Event: 3.384 Executing VM operation: HandshakeAllThreads
Event: 3.385 Executing VM operation: HandshakeAllThreads done
Event: 3.386 Executing VM operation: HandshakeAllThreads
Event: 3.386 Executing VM operation: HandshakeAllThreads done
Event: 3.431 Executing VM operation: ICBufferFull
Event: 3.431 Executing VM operation: ICBufferFull done
Event: 3.534 Executing VM operation: HandshakeAllThreads
Event: 3.534 Executing VM operation: HandshakeAllThreads done
Event: 3.557 Executing VM operation: HandshakeAllThreads
Event: 3.557 Executing VM operation: HandshakeAllThreads done
Event: 3.560 Executing VM operation: CollectForMetadataAllocation

Events (15 events):
Event: 0.028 Thread 0x0000013593ad8cc0 Thread added: 0x0000013593ad8cc0
Event: 0.031 Thread 0x00000135b622e860 Thread added: 0x00000135b622e860
Event: 0.031 Thread 0x00000135b622f6e0 Thread added: 0x00000135b622f6e0
Event: 0.042 Thread 0x00000135b62467d0 Thread added: 0x00000135b62467d0
Event: 0.042 Thread 0x00000135b6247390 Thread added: 0x00000135b6247390
Event: 0.042 Thread 0x00000135b624ad70 Thread added: 0x00000135b624ad70
Event: 0.043 Thread 0x00000135b624b730 Thread added: 0x00000135b624b730
Event: 0.043 Thread 0x00000135b624c420 Thread added: 0x00000135b624c420
Event: 0.044 Thread 0x00000135b624d6b0 Thread added: 0x00000135b624d6b0
Event: 0.044 Thread 0x00000135b624ea00 Thread added: 0x00000135b624ea00
Event: 0.127 Thread 0x00000135b6216590 Thread added: 0x00000135b6216590
Event: 0.189 Thread 0x00000135b6557270 Thread added: 0x00000135b6557270
Event: 0.663 Thread 0x00000135b6f4e780 Thread added: 0x00000135b6f4e780
Event: 0.663 Thread 0x00000135b6f17480 Thread added: 0x00000135b6f17480
Event: 3.479 Thread 0x00000135fda00f50 Thread added: 0x00000135fda00f50


Dynamic libraries:
0x00007ff7b2e20000 - 0x00007ff7b2e2e000 	C:\Users\o_klochenko\.jdks\corretto-17.0.12\bin\java.exe
0x00007ffba6a70000 - 0x00007ffba6c68000 	C:\Windows\SYSTEM32\ntdll.dll
0x00007ffba6880000 - 0x00007ffba6942000 	C:\Windows\System32\KERNEL32.DLL
0x00007ffba44e0000 - 0x00007ffba47d6000 	C:\Windows\System32\KERNELBASE.dll
0x00007ffba42a0000 - 0x00007ffba43a0000 	C:\Windows\System32\ucrtbase.dll
0x00007ffb99db0000 - 0x00007ffb99dcb000 	C:\Users\o_klochenko\.jdks\corretto-17.0.12\bin\VCRUNTIME140.dll
0x00007ffb9cfa0000 - 0x00007ffb9cfb7000 	C:\Users\o_klochenko\.jdks\corretto-17.0.12\bin\jli.dll
0x00007ffba4d20000 - 0x00007ffba4ebd000 	C:\Windows\System32\USER32.dll
0x00007ffba4110000 - 0x00007ffba4132000 	C:\Windows\System32\win32u.dll
0x00007ffba62f0000 - 0x00007ffba631b000 	C:\Windows\System32\GDI32.dll
0x00007ffb99a40000 - 0x00007ffb99cda000 	C:\Windows\WinSxS\amd64_microsoft.windows.common-controls_6595b64144ccf1df_6.0.19041.5794_none_60bcd33171f2783c\COMCTL32.dll
0x00007ffba4980000 - 0x00007ffba4a9a000 	C:\Windows\System32\gdi32full.dll
0x00007ffba4b50000 - 0x00007ffba4bee000 	C:\Windows\System32\msvcrt.dll
0x00007ffba47e0000 - 0x00007ffba487d000 	C:\Windows\System32\msvcp_win.dll
0x00007ffba5010000 - 0x00007ffba503f000 	C:\Windows\System32\IMM32.DLL
0x00007ffb99da0000 - 0x00007ffb99dac000 	C:\Users\o_klochenko\.jdks\corretto-17.0.12\bin\vcruntime140_1.dll
0x00007ffb825e0000 - 0x00007ffb8266d000 	C:\Users\o_klochenko\.jdks\corretto-17.0.12\bin\msvcp140.dll
0x00007ffb4d0a0000 - 0x00007ffb4dd0a000 	C:\Users\o_klochenko\.jdks\corretto-17.0.12\bin\server\jvm.dll
0x00007ffba4ec0000 - 0x00007ffba4f6f000 	C:\Windows\System32\ADVAPI32.dll
0x00007ffba4f70000 - 0x00007ffba500f000 	C:\Windows\System32\sechost.dll
0x00007ffba6680000 - 0x00007ffba67a3000 	C:\Windows\System32\RPCRT4.dll
0x00007ffba44b0000 - 0x00007ffba44d7000 	C:\Windows\System32\bcrypt.dll
0x00007ffba6810000 - 0x00007ffba687b000 	C:\Windows\System32\WS2_32.dll
0x00007ffba3f70000 - 0x00007ffba3fbb000 	C:\Windows\SYSTEM32\POWRPROF.dll
0x00007ffb97bc0000 - 0x00007ffb97be7000 	C:\Windows\SYSTEM32\WINMM.dll
0x00007ffb9b260000 - 0x00007ffb9b26a000 	C:\Windows\SYSTEM32\VERSION.dll
0x00007ffba3f50000 - 0x00007ffba3f62000 	C:\Windows\SYSTEM32\UMPDC.dll
0x00007ffba2990000 - 0x00007ffba29a2000 	C:\Windows\SYSTEM32\kernel.appcore.dll
0x00007ffb99d90000 - 0x00007ffb99d9a000 	C:\Users\o_klochenko\.jdks\corretto-17.0.12\bin\jimage.dll
0x00007ffb979b0000 - 0x00007ffb97bb1000 	C:\Windows\SYSTEM32\DBGHELP.DLL
0x00007ffb97430000 - 0x00007ffb97464000 	C:\Windows\SYSTEM32\dbgcore.DLL
0x00007ffba4420000 - 0x00007ffba44a2000 	C:\Windows\System32\bcryptPrimitives.dll
0x00007ffb826a0000 - 0x00007ffb826ae000 	C:\Users\o_klochenko\.jdks\corretto-17.0.12\bin\instrument.dll
0x00007ffb94f80000 - 0x00007ffb94fa5000 	C:\Users\o_klochenko\.jdks\corretto-17.0.12\bin\java.dll
0x00007ffb6cc50000 - 0x00007ffb6cd27000 	C:\Users\o_klochenko\.jdks\corretto-17.0.12\bin\jsvml.dll
0x00007ffba5b80000 - 0x00007ffba62ee000 	C:\Windows\System32\SHELL32.dll
0x00007ffba1f80000 - 0x00007ffba2723000 	C:\Windows\SYSTEM32\windows.storage.dll
0x00007ffba6320000 - 0x00007ffba6673000 	C:\Windows\System32\combase.dll
0x00007ffba3a70000 - 0x00007ffba3a9b000 	C:\Windows\SYSTEM32\Wldp.dll
0x00007ffba5510000 - 0x00007ffba55dd000 	C:\Windows\System32\OLEAUT32.dll
0x00007ffba4aa0000 - 0x00007ffba4b4d000 	C:\Windows\System32\SHCORE.dll
0x00007ffba5490000 - 0x00007ffba54e5000 	C:\Windows\System32\shlwapi.dll
0x00007ffba4040000 - 0x00007ffba4065000 	C:\Windows\SYSTEM32\profapi.dll
0x00007ffb826b0000 - 0x00007ffb826c8000 	C:\Users\o_klochenko\.jdks\corretto-17.0.12\bin\zip.dll
0x00007ffb993d0000 - 0x00007ffb993e9000 	C:\Users\o_klochenko\.jdks\corretto-17.0.12\bin\net.dll
0x00007ffb9e7b0000 - 0x00007ffb9e8ba000 	C:\Windows\SYSTEM32\WINHTTP.dll
0x00007ffba37d0000 - 0x00007ffba383c000 	C:\Windows\system32\mswsock.dll
0x00007ffb94d40000 - 0x00007ffb94d56000 	C:\Users\o_klochenko\.jdks\corretto-17.0.12\bin\nio.dll
0x00007ffb74e70000 - 0x00007ffb74e8a000 	C:\Program Files\JetBrains\IntelliJ IDEA Community Edition 2024.1\bin\breakgen64.dll
0x00007ffb823a0000 - 0x00007ffb823a9000 	C:\Users\o_klochenko\.jdks\corretto-17.0.12\bin\extnet.dll
0x00007ffb803c0000 - 0x00007ffb803d0000 	C:\Users\o_klochenko\.jdks\corretto-17.0.12\bin\verify.dll
0x00007ffba39d0000 - 0x00007ffba39e8000 	C:\Windows\SYSTEM32\CRYPTSP.dll
0x00007ffba30f0000 - 0x00007ffba3128000 	C:\Windows\system32\rsaenh.dll
0x00007ffba4000000 - 0x00007ffba402e000 	C:\Windows\SYSTEM32\USERENV.dll
0x00007ffba39c0000 - 0x00007ffba39cc000 	C:\Windows\SYSTEM32\CRYPTBASE.dll
0x00007ffba34b0000 - 0x00007ffba34eb000 	C:\Windows\SYSTEM32\IPHLPAPI.DLL
0x00007ffba53b0000 - 0x00007ffba53b8000 	C:\Windows\System32\NSI.dll
0x00007ffba0a90000 - 0x00007ffba0aa7000 	C:\Windows\SYSTEM32\dhcpcsvc6.DLL
0x00007ffba09d0000 - 0x00007ffba09ed000 	C:\Windows\SYSTEM32\dhcpcsvc.DLL
0x00007ffba34f0000 - 0x00007ffba35ba000 	C:\Windows\SYSTEM32\DNSAPI.dll
0x00007ffb9e430000 - 0x00007ffb9e43a000 	C:\Windows\System32\rasadhlp.dll
0x00007ffba0e00000 - 0x00007ffba0e80000 	C:\Windows\System32\fwpuclnt.dll
0x00007ffb825d0000 - 0x00007ffb825d9000 	C:\Users\o_klochenko\.jdks\corretto-17.0.12\bin\management.dll
0x00007ffb825c0000 - 0x00007ffb825cb000 	C:\Users\o_klochenko\.jdks\corretto-17.0.12\bin\management_ext.dll
0x00007ffba5b70000 - 0x00007ffba5b78000 	C:\Windows\System32\PSAPI.DLL

dbghelp: loaded successfully - version: 4.0.5 - missing functions: none
symbol engine: initialized successfully - sym options: 0x614 - pdb path: .;C:\Users\o_klochenko\.jdks\corretto-17.0.12\bin;C:\Windows\SYSTEM32;C:\Windows\WinSxS\amd64_microsoft.windows.common-controls_6595b64144ccf1df_6.0.19041.5794_none_60bcd33171f2783c;C:\Users\o_klochenko\.jdks\corretto-17.0.12\bin\server;C:\Program Files\JetBrains\IntelliJ IDEA Community Edition 2024.1\bin

VM Arguments:
jvm_args: -ea -javaagent:C:\Users\o_klochenko\.m2\repository/org/aspectj/aspectjweaver/1.9.5/aspectjweaver-1.9.5.jar -Didea.test.cyclic.buffer.size=1048576 -javaagent:C:\Program Files\JetBrains\IntelliJ IDEA Community Edition 2024.1\lib\idea_rt.jar=62519:C:\Program Files\JetBrains\IntelliJ IDEA Community Edition 2024.1\bin -Dfile.encoding=UTF-8 
java_command: com.intellij.rt.junit.JUnitStarter -ideVersion5 -junit5 OrderFlowTests.LicenseOrderFlowTest
java_class_path (initial): C:\Users\o_klochenko\.m2\repository\org\junit\vintage\junit-vintage-engine\5.13.1\junit-vintage-engine-5.13.1.jar;C:\Program Files\JetBrains\IntelliJ IDEA Community Edition 2024.1\lib\idea_rt.jar;C:\Program Files\JetBrains\IntelliJ IDEA Community Edition 2024.1\plugins\junit\lib\junit5-rt.jar;C:\Program Files\JetBrains\IntelliJ IDEA Community Edition 2024.1\plugins\junit\lib\junit-rt.jar;C:\Users\o_klochenko\Documents\test\Selenium\KlochenkoProject\OlsAutoTest2025\target\test-classes;C:\Users\o_klochenko\Documents\test\Selenium\KlochenkoProject\OlsAutoTest2025\target\classes;C:\Users\o_klochenko\.m2\repository\org\junit\jupiter\junit-jupiter-engine\5.13.1\junit-jupiter-engine-5.13.1.jar;C:\Users\o_klochenko\.m2\repository\org\junit\platform\junit-platform-engine\1.13.1\junit-platform-engine-1.13.1.jar;C:\Users\o_klochenko\.m2\repository\org\apiguardian\apiguardian-api\1.1.2\apiguardian-api-1.1.2.jar;C:\Users\o_klochenko\.m2\repository\org\junit\jupiter\junit-jupiter-api\5.13.1\junit-jupiter-api-5.13.1.jar;C:\Users\o_klochenko\.m2\repository\org\opentest4j\opentest4j\1.3.0\opentest4j-1.3.0.jar;C:\Users\o_klochenko\.m2\repository\org\junit\platform\junit-platform-commons\1.13.1\junit-platform-commons-1.13.1.jar;C:\Users\o_klochenko\.m2\repository\org\junit\platform\junit-platform-runner\1.13.1\junit-platform-runner-1.13.1.jar;C:\Users\o_klochenko\.m2\repository\junit\junit\4.13.2\junit-4.13.2.jar;C:\Users\o_klochenko\.m2\repository\org\hamcrest\hamcrest-core\1.3\hamcrest-core-1.3.jar;C:\Users\o_klochenko\.m2\repository\org\junit\platform\junit-platform-launcher\1.13.1\junit-platform-launcher-1.13.1.jar;C:\Users\o_klochenko\.m2\repository\org\junit\platform\junit-platform-suite-api\1.13.1\junit-platform-suite-api-1.13.1.jar;C:\Users\o_klochenko\.m2\repository\org\junit\platform\junit-platform-suite-commons\1.13.1\junit-platform-suite-commons-1.13.1.jar;C:\Users\o_klochenko\.m2\repository\org\seleniumhq\selenium\selenium-java\4.34.0\selenium
Launcher Type: SUN_STANDARD

[Global flags]
     intx CICompilerCount                          = 3                                         {product} {ergonomic}
     uint ConcGCThreads                            = 1                                         {product} {ergonomic}
     uint G1ConcRefinementThreads                  = 4                                         {product} {ergonomic}
   size_t G1HeapRegionSize                         = 2097152                                   {product} {ergonomic}
    uintx GCDrainStackTargetSize                   = 64                                        {product} {ergonomic}
   size_t InitialHeapSize                          = 268435456                                 {product} {ergonomic}
   size_t MarkStackSize                            = 4194304                                   {product} {ergonomic}
   size_t MaxHeapSize                              = 4263510016                                {product} {ergonomic}
   size_t MaxNewSize                               = 2556428288                                {product} {ergonomic}
   size_t MinHeapDeltaBytes                        = 2097152                                   {product} {ergonomic}
   size_t MinHeapSize                              = 8388608                                   {product} {ergonomic}
    uintx NonNMethodCodeHeapSize                   = 5832780                                {pd product} {ergonomic}
    uintx NonProfiledCodeHeapSize                  = 122912730                              {pd product} {ergonomic}
    uintx ProfiledCodeHeapSize                     = 122912730                              {pd product} {ergonomic}
    uintx ReservedCodeCacheSize                    = 251658240                              {pd product} {ergonomic}
     bool SegmentedCodeCache                       = true                                      {product} {ergonomic}
   size_t SoftMaxHeapSize                          = 4263510016                             {manageable} {ergonomic}
     bool UseCompressedClassPointers               = true                           {product lp64_product} {ergonomic}
     bool UseCompressedOops                        = true                           {product lp64_product} {ergonomic}
     bool UseG1GC                                  = true                                      {product} {ergonomic}
     bool UseLargePagesIndividualAllocation        = false                                  {pd product} {ergonomic}

Logging:
Log output configuration:
 #0: stdout all=warning uptime,level,tags
 #1: stderr all=off uptime,level,tags

Environment Variables:
PATH=C:\Program Files\OpenLogic\jdk-11.0.24.8-hotspot\bin;C:\Program Files\Common Files\Oracle\Java\javapath;C:\Program Files (x86)\Common Files\Oracle\Java\javapath;C:\Windows\system32;C:\Windows;C:\Windows\System32\Wbem;C:\Windows\System32\WindowsPowerShell\v1.0\;C:\Windows\System32\OpenSSH\;C:\Program Files\Microsoft SQL Server\Client SDK\ODBC\170\Tools\Binn\;C:\Program Files (x86)\Microsoft SQL Server\150\Tools\Binn\;C:\Program Files\Microsoft SQL Server\150\Tools\Binn\;C:\Program Files\Microsoft SQL Server\150\DTS\Binn\;C:\Program Files (x86)\Microsoft SQL Server\150\DTS\Binn\;C:\Program Files\Azure Data Studio\bin;C:\Program Files (x86)\WinMerge;C:\Program Files\dotnet\;C:\Program Files\TortoiseSVN\bin;C:\Program Files\Git\cmd;C:\Users\o_klochenko\AppData\Local\Microsoft\WindowsApps;C:\Users\o_klochenko\AppData\Local\Programs\Fiddler;C:\Users\o_klochenko\.dotnet\tools;C:\CustomTools\allure-2.34.1\allure-2.34.1\bin;
USERNAME=o_klochenko
OS=Windows_NT
PROCESSOR_IDENTIFIER=Intel64 Family 6 Model 58 Stepping 9, GenuineIntel
TMP=C:\Users\O_KLOC~1\AppData\Local\Temp
TEMP=C:\Users\O_KLOC~1\AppData\Local\Temp



Periodic native trim disabled


---------------  S Y S T E M  ---------------

OS:
 Windows 10 , 64 bit Build 19041 (10.0.19041.5794)
OS uptime: 5 days 0:44 hours

CPU: total 4 (initial active 4) (4 cores per cpu, 1 threads per core) family 6 model 58 stepping 9 microcode 0x21, cx8, cmov, fxsr, mmx, sse, sse2, sse3, ssse3, sse4.1, sse4.2, popcnt, tsc, tscinvbit, avx, aes, erms, clmul, vzeroupper, clflush
Processor Information for all 4 processors :
  Max Mhz: 3201, Current Mhz: 3201, Mhz Limit: 3201

Memory: 4k page, system-wide physical 16258M (2142M free)
TotalPageFile size 22402M (AvailPageFile size 27M)
current process WorkingSet (physical memory assigned to process): 226M, peak: 229M
current process commit charge ("private bytes"): 431M, peak: 486M

vm_info: OpenJDK 64-Bit Server VM (17.0.12+7-LTS) for windows-amd64 JRE (17.0.12+7-LTS), built on Jul 10 2024 20:46:33 by "Administrator" with MS VC++ 16.10 / 16.11 (VS2019)

END.
